{"__type":"$$EventMessageAudit","id":"b5f6b4f8-52c8-4174-ad3f-a8e810fe59e5","ts":"2025-07-08T23:50:04.015-04:00","eventName":"n8n.audit.workflow.updated","message":"n8n.audit.workflow.updated","payload":{"userId":"166b4f68-702c-47b0-ac09-a36fb82141d6","_email":"a_murooka@japan-agi.com","_firstName":"Bonjin","_lastName":"OyaZ","globalRole":"global:owner","workflowId":"Wrl2vxBGjxVylcY1","workflowName":"My workflow"}}
{"__type":"$$EventMessageConfirm","confirm":"b5f6b4f8-52c8-4174-ad3f-a8e810fe59e5","ts":"2025-07-08T23:50:04.017-04:00","source":{"id":"0","name":"eventBus"}}
{"__type":"$$EventMessageWorkflow","id":"bc3cffb0-33bf-4af8-88a6-ef7d0a5dea86","ts":"2025-07-08T23:50:08.032-04:00","eventName":"n8n.workflow.started","message":"n8n.workflow.started","payload":{"executionId":"40","workflowId":"Wrl2vxBGjxVylcY1","isManual":false,"workflowName":"My workflow"}}
{"__type":"$$EventMessageConfirm","confirm":"bc3cffb0-33bf-4af8-88a6-ef7d0a5dea86","ts":"2025-07-08T23:50:08.033-04:00","source":{"id":"0","name":"eventBus"}}
{"__type":"$$EventMessageNode","id":"761f3229-c759-401b-b233-c98afc6955fe","ts":"2025-07-08T23:50:08.036-04:00","eventName":"n8n.node.started","message":"n8n.node.started","payload":{"workflowId":"Wrl2vxBGjxVylcY1","workflowName":"My workflow","executionId":"40","nodeType":"n8n-nodes-base.webhook","nodeName":"Webhook-POST","nodeId":"b6c443f9-c5cc-4b9a-b172-3403a0005da2"}}
{"__type":"$$EventMessageConfirm","confirm":"761f3229-c759-401b-b233-c98afc6955fe","ts":"2025-07-08T23:50:08.036-04:00","source":{"id":"0","name":"eventBus"}}
{"__type":"$$EventMessageNode","id":"19101f1d-b36b-4e73-8f94-03dae98301a7","ts":"2025-07-08T23:50:08.039-04:00","eventName":"n8n.node.finished","message":"n8n.node.finished","payload":{"workflowId":"Wrl2vxBGjxVylcY1","workflowName":"My workflow","executionId":"40","nodeType":"n8n-nodes-base.webhook","nodeName":"Webhook-POST","nodeId":"b6c443f9-c5cc-4b9a-b172-3403a0005da2"}}
{"__type":"$$EventMessageConfirm","confirm":"19101f1d-b36b-4e73-8f94-03dae98301a7","ts":"2025-07-08T23:50:08.039-04:00","source":{"id":"0","name":"eventBus"}}
{"__type":"$$EventMessageNode","id":"09eff334-9b52-473b-b2e2-b8e1f7d4edcf","ts":"2025-07-08T23:50:08.041-04:00","eventName":"n8n.node.started","message":"n8n.node.started","payload":{"workflowId":"Wrl2vxBGjxVylcY1","workflowName":"My workflow","executionId":"40","nodeType":"n8n-nodes-base.code","nodeName":"Code","nodeId":"6f471532-00f1-404d-8dd0-7a1129fd644a"}}
{"__type":"$$EventMessageConfirm","confirm":"09eff334-9b52-473b-b2e2-b8e1f7d4edcf","ts":"2025-07-08T23:50:08.041-04:00","source":{"id":"0","name":"eventBus"}}
{"__type":"$$EventMessageNode","id":"9501c264-6427-4baf-87fa-be34f32c0779","ts":"2025-07-08T23:50:08.042-04:00","eventName":"n8n.node.finished","message":"n8n.node.finished","payload":{"workflowId":"Wrl2vxBGjxVylcY1","workflowName":"My workflow","executionId":"40","nodeType":"n8n-nodes-base.code","nodeName":"Code","nodeId":"6f471532-00f1-404d-8dd0-7a1129fd644a"}}
{"__type":"$$EventMessageConfirm","confirm":"9501c264-6427-4baf-87fa-be34f32c0779","ts":"2025-07-08T23:50:08.042-04:00","source":{"id":"0","name":"eventBus"}}
{"__type":"$$EventMessageNode","id":"77513e68-166b-4c74-8f79-399e62188cf0","ts":"2025-07-08T23:50:08.051-04:00","eventName":"n8n.node.started","message":"n8n.node.started","payload":{"workflowId":"Wrl2vxBGjxVylcY1","workflowName":"My workflow","executionId":"40","nodeType":"n8n-nodes-base.httpRequest","nodeName":"HTTP Request1","nodeId":"69bacc1a-6d1e-49f9-87b4-8f7e72ed30a4"}}
{"__type":"$$EventMessageConfirm","confirm":"77513e68-166b-4c74-8f79-399e62188cf0","ts":"2025-07-08T23:50:08.051-04:00","source":{"id":"0","name":"eventBus"}}
{"__type":"$$EventMessageNode","id":"227f6fec-c943-47d0-a633-6c36730350b1","ts":"2025-07-08T23:50:08.194-04:00","eventName":"n8n.node.finished","message":"n8n.node.finished","payload":{"workflowId":"Wrl2vxBGjxVylcY1","workflowName":"My workflow","executionId":"40","nodeType":"n8n-nodes-base.httpRequest","nodeName":"HTTP Request1","nodeId":"69bacc1a-6d1e-49f9-87b4-8f7e72ed30a4"}}
{"__type":"$$EventMessageConfirm","confirm":"227f6fec-c943-47d0-a633-6c36730350b1","ts":"2025-07-08T23:50:08.194-04:00","source":{"id":"0","name":"eventBus"}}
{"__type":"$$EventMessageWorkflow","id":"3efc6490-cd6e-41a1-b265-3bf023a59613","ts":"2025-07-08T23:50:08.206-04:00","eventName":"n8n.workflow.failed","message":"n8n.workflow.failed","payload":{"userId":"166b4f68-702c-47b0-ac09-a36fb82141d6","executionId":"40","success":false,"isManual":true,"workflowId":"Wrl2vxBGjxVylcY1","workflowName":"My workflow","lastNodeExecuted":"HTTP Request1","errorNodeType":"n8n-nodes-base.httpRequest","errorMessage":"JSON parameter needs to be valid JSON"}}
{"__type":"$$EventMessageConfirm","confirm":"3efc6490-cd6e-41a1-b265-3bf023a59613","ts":"2025-07-08T23:50:08.206-04:00","source":{"id":"0","name":"eventBus"}}
{"__type":"$$EventMessageWorkflow","id":"76d4a0dc-53a8-4e0e-a19a-95bff4d674a2","ts":"2025-07-08T23:55:59.610-04:00","eventName":"n8n.workflow.started","message":"n8n.workflow.started","payload":{"executionId":"41","workflowId":"Wrl2vxBGjxVylcY1","isManual":false,"workflowName":"My workflow"}}
{"__type":"$$EventMessageConfirm","confirm":"76d4a0dc-53a8-4e0e-a19a-95bff4d674a2","ts":"2025-07-08T23:55:59.610-04:00","source":{"id":"0","name":"eventBus"}}
{"__type":"$$EventMessageNode","id":"fd1d708e-b326-46df-851e-df5328871cca","ts":"2025-07-08T23:55:59.613-04:00","eventName":"n8n.node.started","message":"n8n.node.started","payload":{"workflowId":"Wrl2vxBGjxVylcY1","workflowName":"My workflow","executionId":"41","nodeType":"n8n-nodes-base.webhook","nodeName":"Webhook-POST","nodeId":"b6c443f9-c5cc-4b9a-b172-3403a0005da2"}}
{"__type":"$$EventMessageConfirm","confirm":"fd1d708e-b326-46df-851e-df5328871cca","ts":"2025-07-08T23:55:59.613-04:00","source":{"id":"0","name":"eventBus"}}
{"__type":"$$EventMessageNode","id":"687aed41-e367-4fcf-85eb-5b7a49a6c5a0","ts":"2025-07-08T23:55:59.616-04:00","eventName":"n8n.node.finished","message":"n8n.node.finished","payload":{"workflowId":"Wrl2vxBGjxVylcY1","workflowName":"My workflow","executionId":"41","nodeType":"n8n-nodes-base.webhook","nodeName":"Webhook-POST","nodeId":"b6c443f9-c5cc-4b9a-b172-3403a0005da2"}}
{"__type":"$$EventMessageConfirm","confirm":"687aed41-e367-4fcf-85eb-5b7a49a6c5a0","ts":"2025-07-08T23:55:59.616-04:00","source":{"id":"0","name":"eventBus"}}
{"__type":"$$EventMessageNode","id":"9b5f129c-b08f-4663-8b3d-f0c7b7fa7f92","ts":"2025-07-08T23:55:59.618-04:00","eventName":"n8n.node.started","message":"n8n.node.started","payload":{"workflowId":"Wrl2vxBGjxVylcY1","workflowName":"My workflow","executionId":"41","nodeType":"n8n-nodes-base.httpRequest","nodeName":"HTTP Request1","nodeId":"69bacc1a-6d1e-49f9-87b4-8f7e72ed30a4"}}
{"__type":"$$EventMessageConfirm","confirm":"9b5f129c-b08f-4663-8b3d-f0c7b7fa7f92","ts":"2025-07-08T23:55:59.618-04:00","source":{"id":"0","name":"eventBus"}}
{"__type":"$$EventMessageNode","id":"9fcc7db8-2112-4249-8a21-ef84f5ca67c5","ts":"2025-07-08T23:55:59.629-04:00","eventName":"n8n.node.finished","message":"n8n.node.finished","payload":{"workflowId":"Wrl2vxBGjxVylcY1","workflowName":"My workflow","executionId":"41","nodeType":"n8n-nodes-base.httpRequest","nodeName":"HTTP Request1","nodeId":"69bacc1a-6d1e-49f9-87b4-8f7e72ed30a4"}}
{"__type":"$$EventMessageConfirm","confirm":"9fcc7db8-2112-4249-8a21-ef84f5ca67c5","ts":"2025-07-08T23:55:59.629-04:00","source":{"id":"0","name":"eventBus"}}
{"__type":"$$EventMessageWorkflow","id":"f153d9da-431a-43b1-af4a-6a7b8f93ea61","ts":"2025-07-08T23:55:59.633-04:00","eventName":"n8n.workflow.failed","message":"n8n.workflow.failed","payload":{"userId":"166b4f68-702c-47b0-ac09-a36fb82141d6","executionId":"41","success":false,"isManual":true,"workflowId":"Wrl2vxBGjxVylcY1","workflowName":"My workflow","lastNodeExecuted":"HTTP Request1","errorNodeType":"n8n-nodes-base.httpRequest","errorMessage":"JSON parameter needs to be valid JSON"}}
{"__type":"$$EventMessageConfirm","confirm":"f153d9da-431a-43b1-af4a-6a7b8f93ea61","ts":"2025-07-08T23:55:59.633-04:00","source":{"id":"0","name":"eventBus"}}
{"__type":"$$EventMessageWorkflow","id":"a341ea0c-0c21-4a02-b221-8c19e203fef2","ts":"2025-07-08T23:59:02.430-04:00","eventName":"n8n.workflow.started","message":"n8n.workflow.started","payload":{"executionId":"42","workflowId":"Wrl2vxBGjxVylcY1","isManual":false,"workflowName":"My workflow"}}
{"__type":"$$EventMessageConfirm","confirm":"a341ea0c-0c21-4a02-b221-8c19e203fef2","ts":"2025-07-08T23:59:02.430-04:00","source":{"id":"0","name":"eventBus"}}
{"__type":"$$EventMessageNode","id":"e0cf7d74-8da1-44a8-9e9e-bcaef48648ee","ts":"2025-07-08T23:59:02.430-04:00","eventName":"n8n.node.started","message":"n8n.node.started","payload":{"workflowId":"Wrl2vxBGjxVylcY1","workflowName":"My workflow","executionId":"42","nodeType":"n8n-nodes-base.webhook","nodeName":"Webhook-POST","nodeId":"b6c443f9-c5cc-4b9a-b172-3403a0005da2"}}
{"__type":"$$EventMessageConfirm","confirm":"e0cf7d74-8da1-44a8-9e9e-bcaef48648ee","ts":"2025-07-08T23:59:02.430-04:00","source":{"id":"0","name":"eventBus"}}
{"__type":"$$EventMessageNode","id":"a4f126b5-42ca-4a35-8f44-4b66d4208a2e","ts":"2025-07-08T23:59:02.432-04:00","eventName":"n8n.node.finished","message":"n8n.node.finished","payload":{"workflowId":"Wrl2vxBGjxVylcY1","workflowName":"My workflow","executionId":"42","nodeType":"n8n-nodes-base.webhook","nodeName":"Webhook-POST","nodeId":"b6c443f9-c5cc-4b9a-b172-3403a0005da2"}}
{"__type":"$$EventMessageConfirm","confirm":"a4f126b5-42ca-4a35-8f44-4b66d4208a2e","ts":"2025-07-08T23:59:02.432-04:00","source":{"id":"0","name":"eventBus"}}
{"__type":"$$EventMessageNode","id":"b2c5196d-34c6-4b6d-b4bd-67e32a171fb4","ts":"2025-07-08T23:59:02.433-04:00","eventName":"n8n.node.started","message":"n8n.node.started","payload":{"workflowId":"Wrl2vxBGjxVylcY1","workflowName":"My workflow","executionId":"42","nodeType":"n8n-nodes-base.httpRequest","nodeName":"HTTP Request1","nodeId":"69bacc1a-6d1e-49f9-87b4-8f7e72ed30a4"}}
{"__type":"$$EventMessageConfirm","confirm":"b2c5196d-34c6-4b6d-b4bd-67e32a171fb4","ts":"2025-07-08T23:59:02.433-04:00","source":{"id":"0","name":"eventBus"}}
{"__type":"$$EventMessageNode","id":"02bf84a2-9297-40e3-8c8b-a5117e1f309f","ts":"2025-07-08T23:59:20.782-04:00","eventName":"n8n.node.finished","message":"n8n.node.finished","payload":{"workflowId":"Wrl2vxBGjxVylcY1","workflowName":"My workflow","executionId":"42","nodeType":"n8n-nodes-base.httpRequest","nodeName":"HTTP Request1","nodeId":"69bacc1a-6d1e-49f9-87b4-8f7e72ed30a4"}}
{"__type":"$$EventMessageConfirm","confirm":"02bf84a2-9297-40e3-8c8b-a5117e1f309f","ts":"2025-07-08T23:59:20.785-04:00","source":{"id":"0","name":"eventBus"}}
{"__type":"$$EventMessageNode","id":"b48d84e4-12ac-4c46-83dc-839cae20ac99","ts":"2025-07-08T23:59:20.787-04:00","eventName":"n8n.node.started","message":"n8n.node.started","payload":{"workflowId":"Wrl2vxBGjxVylcY1","workflowName":"My workflow","executionId":"42","nodeType":"n8n-nodes-base.httpRequest","nodeName":"HTTP Request","nodeId":"e9955f9b-1b33-4709-884f-be7e5f94d5da"}}
{"__type":"$$EventMessageConfirm","confirm":"b48d84e4-12ac-4c46-83dc-839cae20ac99","ts":"2025-07-08T23:59:20.787-04:00","source":{"id":"0","name":"eventBus"}}
{"__type":"$$EventMessageNode","id":"a9b9e8a6-c1e6-4b58-b777-4959dfafebc0","ts":"2025-07-08T23:59:20.842-04:00","eventName":"n8n.node.finished","message":"n8n.node.finished","payload":{"workflowId":"Wrl2vxBGjxVylcY1","workflowName":"My workflow","executionId":"42","nodeType":"n8n-nodes-base.httpRequest","nodeName":"HTTP Request","nodeId":"e9955f9b-1b33-4709-884f-be7e5f94d5da"}}
{"__type":"$$EventMessageConfirm","confirm":"a9b9e8a6-c1e6-4b58-b777-4959dfafebc0","ts":"2025-07-08T23:59:20.842-04:00","source":{"id":"0","name":"eventBus"}}
{"__type":"$$EventMessageWorkflow","id":"9760abdb-1542-4b98-a7ed-5c187cf8012d","ts":"2025-07-08T23:59:20.846-04:00","eventName":"n8n.workflow.failed","message":"n8n.workflow.failed","payload":{"userId":"166b4f68-702c-47b0-ac09-a36fb82141d6","executionId":"42","success":false,"isManual":true,"workflowId":"Wrl2vxBGjxVylcY1","workflowName":"My workflow","lastNodeExecuted":"HTTP Request","errorMessage":"Referenced node doesn't exist"}}
{"__type":"$$EventMessageConfirm","confirm":"9760abdb-1542-4b98-a7ed-5c187cf8012d","ts":"2025-07-08T23:59:20.846-04:00","source":{"id":"0","name":"eventBus"}}
{"__type":"$$EventMessageWorkflow","id":"b050b5c0-c0a2-4c7f-bc4d-68e5f4f81e0f","ts":"2025-07-09T00:05:51.070-04:00","eventName":"n8n.workflow.started","message":"n8n.workflow.started","payload":{"executionId":"43","workflowId":"Wrl2vxBGjxVylcY1","isManual":false,"workflowName":"My workflow"}}
{"__type":"$$EventMessageConfirm","confirm":"b050b5c0-c0a2-4c7f-bc4d-68e5f4f81e0f","ts":"2025-07-09T00:05:51.071-04:00","source":{"id":"0","name":"eventBus"}}
{"__type":"$$EventMessageNode","id":"d642ea87-4641-43b8-876f-1dabf82ef2ec","ts":"2025-07-09T00:05:51.072-04:00","eventName":"n8n.node.started","message":"n8n.node.started","payload":{"workflowId":"Wrl2vxBGjxVylcY1","workflowName":"My workflow","executionId":"43","nodeType":"n8n-nodes-base.webhook","nodeName":"Webhook-POST","nodeId":"b6c443f9-c5cc-4b9a-b172-3403a0005da2"}}
{"__type":"$$EventMessageConfirm","confirm":"d642ea87-4641-43b8-876f-1dabf82ef2ec","ts":"2025-07-09T00:05:51.072-04:00","source":{"id":"0","name":"eventBus"}}
{"__type":"$$EventMessageNode","id":"29399015-05b5-4f5f-bcdc-2d7f38d8bfc4","ts":"2025-07-09T00:05:51.074-04:00","eventName":"n8n.node.finished","message":"n8n.node.finished","payload":{"workflowId":"Wrl2vxBGjxVylcY1","workflowName":"My workflow","executionId":"43","nodeType":"n8n-nodes-base.webhook","nodeName":"Webhook-POST","nodeId":"b6c443f9-c5cc-4b9a-b172-3403a0005da2"}}
{"__type":"$$EventMessageConfirm","confirm":"29399015-05b5-4f5f-bcdc-2d7f38d8bfc4","ts":"2025-07-09T00:05:51.074-04:00","source":{"id":"0","name":"eventBus"}}
{"__type":"$$EventMessageNode","id":"6f3ba36d-5841-4e35-a3cb-ac559047f72b","ts":"2025-07-09T00:05:51.076-04:00","eventName":"n8n.node.started","message":"n8n.node.started","payload":{"workflowId":"Wrl2vxBGjxVylcY1","workflowName":"My workflow","executionId":"43","nodeType":"n8n-nodes-base.httpRequest","nodeName":"HTTP Request1","nodeId":"69bacc1a-6d1e-49f9-87b4-8f7e72ed30a4"}}
{"__type":"$$EventMessageConfirm","confirm":"6f3ba36d-5841-4e35-a3cb-ac559047f72b","ts":"2025-07-09T00:05:51.076-04:00","source":{"id":"0","name":"eventBus"}}
{"__type":"$$EventMessageNode","id":"47970d86-d399-4c6f-bdc4-26cabff417c6","ts":"2025-07-09T00:05:59.861-04:00","eventName":"n8n.node.finished","message":"n8n.node.finished","payload":{"workflowId":"Wrl2vxBGjxVylcY1","workflowName":"My workflow","executionId":"43","nodeType":"n8n-nodes-base.httpRequest","nodeName":"HTTP Request1","nodeId":"69bacc1a-6d1e-49f9-87b4-8f7e72ed30a4"}}
{"__type":"$$EventMessageConfirm","confirm":"47970d86-d399-4c6f-bdc4-26cabff417c6","ts":"2025-07-09T00:05:59.861-04:00","source":{"id":"0","name":"eventBus"}}
{"__type":"$$EventMessageNode","id":"a6481199-3894-4c28-9031-1d051ef77479","ts":"2025-07-09T00:05:59.862-04:00","eventName":"n8n.node.started","message":"n8n.node.started","payload":{"workflowId":"Wrl2vxBGjxVylcY1","workflowName":"My workflow","executionId":"43","nodeType":"n8n-nodes-base.httpRequest","nodeName":"HTTP Request","nodeId":"e9955f9b-1b33-4709-884f-be7e5f94d5da"}}
{"__type":"$$EventMessageConfirm","confirm":"a6481199-3894-4c28-9031-1d051ef77479","ts":"2025-07-09T00:05:59.862-04:00","source":{"id":"0","name":"eventBus"}}
{"__type":"$$EventMessageNode","id":"ed089875-5ae8-483c-9461-dfb6488e3b04","ts":"2025-07-09T00:06:00.167-04:00","eventName":"n8n.node.finished","message":"n8n.node.finished","payload":{"workflowId":"Wrl2vxBGjxVylcY1","workflowName":"My workflow","executionId":"43","nodeType":"n8n-nodes-base.httpRequest","nodeName":"HTTP Request","nodeId":"e9955f9b-1b33-4709-884f-be7e5f94d5da"}}
{"__type":"$$EventMessageConfirm","confirm":"ed089875-5ae8-483c-9461-dfb6488e3b04","ts":"2025-07-09T00:06:00.167-04:00","source":{"id":"0","name":"eventBus"}}
{"__type":"$$EventMessageWorkflow","id":"035cc460-2566-4d49-8441-874d88e9ed42","ts":"2025-07-09T00:06:00.177-04:00","eventName":"n8n.workflow.failed","message":"n8n.workflow.failed","payload":{"userId":"166b4f68-702c-47b0-ac09-a36fb82141d6","executionId":"43","success":false,"isManual":true,"workflowId":"Wrl2vxBGjxVylcY1","workflowName":"My workflow","lastNodeExecuted":"HTTP Request","errorNodeType":"n8n-nodes-base.httpRequest","errorMessage":"Bad request - please check your parameters"}}
{"__type":"$$EventMessageConfirm","confirm":"035cc460-2566-4d49-8441-874d88e9ed42","ts":"2025-07-09T00:06:00.178-04:00","source":{"id":"0","name":"eventBus"}}
{"__type":"$$EventMessageWorkflow","id":"3fcc42ef-1f49-4139-9a4d-70f48a2d6a11","ts":"2025-07-09T00:10:54.760-04:00","eventName":"n8n.workflow.started","message":"n8n.workflow.started","payload":{"executionId":"44","workflowId":"Wrl2vxBGjxVylcY1","isManual":false,"workflowName":"My workflow"}}
{"__type":"$$EventMessageConfirm","confirm":"3fcc42ef-1f49-4139-9a4d-70f48a2d6a11","ts":"2025-07-09T00:10:54.761-04:00","source":{"id":"0","name":"eventBus"}}
{"__type":"$$EventMessageNode","id":"3e6ae057-23ea-4bfc-9248-2c6f57ea91d1","ts":"2025-07-09T00:10:54.762-04:00","eventName":"n8n.node.started","message":"n8n.node.started","payload":{"workflowId":"Wrl2vxBGjxVylcY1","workflowName":"My workflow","executionId":"44","nodeType":"n8n-nodes-base.webhook","nodeName":"Webhook-POST","nodeId":"b6c443f9-c5cc-4b9a-b172-3403a0005da2"}}
{"__type":"$$EventMessageConfirm","confirm":"3e6ae057-23ea-4bfc-9248-2c6f57ea91d1","ts":"2025-07-09T00:10:54.763-04:00","source":{"id":"0","name":"eventBus"}}
{"__type":"$$EventMessageNode","id":"2d474ead-11ab-4e51-922a-fa6d44dc745d","ts":"2025-07-09T00:10:54.768-04:00","eventName":"n8n.node.finished","message":"n8n.node.finished","payload":{"workflowId":"Wrl2vxBGjxVylcY1","workflowName":"My workflow","executionId":"44","nodeType":"n8n-nodes-base.webhook","nodeName":"Webhook-POST","nodeId":"b6c443f9-c5cc-4b9a-b172-3403a0005da2"}}
{"__type":"$$EventMessageConfirm","confirm":"2d474ead-11ab-4e51-922a-fa6d44dc745d","ts":"2025-07-09T00:10:54.769-04:00","source":{"id":"0","name":"eventBus"}}
{"__type":"$$EventMessageNode","id":"201d973a-a2b9-4022-81e5-66772ea5f3ef","ts":"2025-07-09T00:10:54.770-04:00","eventName":"n8n.node.started","message":"n8n.node.started","payload":{"workflowId":"Wrl2vxBGjxVylcY1","workflowName":"My workflow","executionId":"44","nodeType":"n8n-nodes-base.httpRequest","nodeName":"HTTP Request1","nodeId":"69bacc1a-6d1e-49f9-87b4-8f7e72ed30a4"}}
{"__type":"$$EventMessageConfirm","confirm":"201d973a-a2b9-4022-81e5-66772ea5f3ef","ts":"2025-07-09T00:10:54.772-04:00","source":{"id":"0","name":"eventBus"}}
{"__type":"$$EventMessageNode","id":"a8bba572-c703-4a62-8e27-df524ff5f723","ts":"2025-07-09T00:11:11.649-04:00","eventName":"n8n.node.finished","message":"n8n.node.finished","payload":{"workflowId":"Wrl2vxBGjxVylcY1","workflowName":"My workflow","executionId":"44","nodeType":"n8n-nodes-base.httpRequest","nodeName":"HTTP Request1","nodeId":"69bacc1a-6d1e-49f9-87b4-8f7e72ed30a4"}}
{"__type":"$$EventMessageConfirm","confirm":"a8bba572-c703-4a62-8e27-df524ff5f723","ts":"2025-07-09T00:11:11.650-04:00","source":{"id":"0","name":"eventBus"}}
{"__type":"$$EventMessageNode","id":"154f7fdf-b738-4e5f-a8d4-d7e03c4366e3","ts":"2025-07-09T00:11:11.650-04:00","eventName":"n8n.node.started","message":"n8n.node.started","payload":{"workflowId":"Wrl2vxBGjxVylcY1","workflowName":"My workflow","executionId":"44","nodeType":"n8n-nodes-base.httpRequest","nodeName":"HTTP Request","nodeId":"e9955f9b-1b33-4709-884f-be7e5f94d5da"}}
{"__type":"$$EventMessageConfirm","confirm":"154f7fdf-b738-4e5f-a8d4-d7e03c4366e3","ts":"2025-07-09T00:11:11.650-04:00","source":{"id":"0","name":"eventBus"}}
{"__type":"$$EventMessageNode","id":"719ec538-48ef-4c81-9463-19b9c85db0c8","ts":"2025-07-09T00:11:11.656-04:00","eventName":"n8n.node.finished","message":"n8n.node.finished","payload":{"workflowId":"Wrl2vxBGjxVylcY1","workflowName":"My workflow","executionId":"44","nodeType":"n8n-nodes-base.httpRequest","nodeName":"HTTP Request","nodeId":"e9955f9b-1b33-4709-884f-be7e5f94d5da"}}
{"__type":"$$EventMessageConfirm","confirm":"719ec538-48ef-4c81-9463-19b9c85db0c8","ts":"2025-07-09T00:11:11.656-04:00","source":{"id":"0","name":"eventBus"}}
{"__type":"$$EventMessageWorkflow","id":"899f4e3b-5deb-4c0e-ae47-2155ba7a15f5","ts":"2025-07-09T00:11:11.661-04:00","eventName":"n8n.workflow.failed","message":"n8n.workflow.failed","payload":{"userId":"166b4f68-702c-47b0-ac09-a36fb82141d6","executionId":"44","success":false,"isManual":true,"workflowId":"Wrl2vxBGjxVylcY1","workflowName":"My workflow","lastNodeExecuted":"HTTP Request","errorNodeType":"n8n-nodes-base.httpRequest","errorMessage":"JSON parameter needs to be valid JSON"}}
{"__type":"$$EventMessageConfirm","confirm":"899f4e3b-5deb-4c0e-ae47-2155ba7a15f5","ts":"2025-07-09T00:11:11.661-04:00","source":{"id":"0","name":"eventBus"}}
{"__type":"$$EventMessageWorkflow","id":"835f81ab-292a-4c9b-9487-e1df11c2f7ee","ts":"2025-07-09T00:13:56.903-04:00","eventName":"n8n.workflow.started","message":"n8n.workflow.started","payload":{"executionId":"45","workflowId":"Wrl2vxBGjxVylcY1","isManual":false,"workflowName":"My workflow"}}
{"__type":"$$EventMessageConfirm","confirm":"835f81ab-292a-4c9b-9487-e1df11c2f7ee","ts":"2025-07-09T00:13:56.903-04:00","source":{"id":"0","name":"eventBus"}}
{"__type":"$$EventMessageNode","id":"8c173eca-5cde-40a1-9027-8d80cf820f7d","ts":"2025-07-09T00:13:56.904-04:00","eventName":"n8n.node.started","message":"n8n.node.started","payload":{"workflowId":"Wrl2vxBGjxVylcY1","workflowName":"My workflow","executionId":"45","nodeType":"n8n-nodes-base.webhook","nodeName":"Webhook-POST","nodeId":"b6c443f9-c5cc-4b9a-b172-3403a0005da2"}}
{"__type":"$$EventMessageConfirm","confirm":"8c173eca-5cde-40a1-9027-8d80cf820f7d","ts":"2025-07-09T00:13:56.904-04:00","source":{"id":"0","name":"eventBus"}}
{"__type":"$$EventMessageNode","id":"2dd0ef59-d1c7-47d3-9a09-29f6bfb80856","ts":"2025-07-09T00:13:56.905-04:00","eventName":"n8n.node.finished","message":"n8n.node.finished","payload":{"workflowId":"Wrl2vxBGjxVylcY1","workflowName":"My workflow","executionId":"45","nodeType":"n8n-nodes-base.webhook","nodeName":"Webhook-POST","nodeId":"b6c443f9-c5cc-4b9a-b172-3403a0005da2"}}
{"__type":"$$EventMessageConfirm","confirm":"2dd0ef59-d1c7-47d3-9a09-29f6bfb80856","ts":"2025-07-09T00:13:56.905-04:00","source":{"id":"0","name":"eventBus"}}
{"__type":"$$EventMessageNode","id":"4bfab053-7558-4fff-a92d-36eae1a14cc0","ts":"2025-07-09T00:13:56.906-04:00","eventName":"n8n.node.started","message":"n8n.node.started","payload":{"workflowId":"Wrl2vxBGjxVylcY1","workflowName":"My workflow","executionId":"45","nodeType":"n8n-nodes-base.httpRequest","nodeName":"HTTP Request1","nodeId":"69bacc1a-6d1e-49f9-87b4-8f7e72ed30a4"}}
{"__type":"$$EventMessageConfirm","confirm":"4bfab053-7558-4fff-a92d-36eae1a14cc0","ts":"2025-07-09T00:13:56.906-04:00","source":{"id":"0","name":"eventBus"}}
{"__type":"$$EventMessageNode","id":"04c9a30f-26fc-423e-bd7f-262cd8759329","ts":"2025-07-09T00:14:14.290-04:00","eventName":"n8n.node.finished","message":"n8n.node.finished","payload":{"workflowId":"Wrl2vxBGjxVylcY1","workflowName":"My workflow","executionId":"45","nodeType":"n8n-nodes-base.httpRequest","nodeName":"HTTP Request1","nodeId":"69bacc1a-6d1e-49f9-87b4-8f7e72ed30a4"}}
{"__type":"$$EventMessageConfirm","confirm":"04c9a30f-26fc-423e-bd7f-262cd8759329","ts":"2025-07-09T00:14:14.291-04:00","source":{"id":"0","name":"eventBus"}}
{"__type":"$$EventMessageNode","id":"8742e528-5a1b-4c7d-ad35-83db03510c59","ts":"2025-07-09T00:14:14.291-04:00","eventName":"n8n.node.started","message":"n8n.node.started","payload":{"workflowId":"Wrl2vxBGjxVylcY1","workflowName":"My workflow","executionId":"45","nodeType":"n8n-nodes-base.httpRequest","nodeName":"HTTP Request","nodeId":"e9955f9b-1b33-4709-884f-be7e5f94d5da"}}
{"__type":"$$EventMessageConfirm","confirm":"8742e528-5a1b-4c7d-ad35-83db03510c59","ts":"2025-07-09T00:14:14.291-04:00","source":{"id":"0","name":"eventBus"}}
{"__type":"$$EventMessageNode","id":"c59f0373-c0fd-4564-b429-2d936b1fc01a","ts":"2025-07-09T00:14:14.472-04:00","eventName":"n8n.node.finished","message":"n8n.node.finished","payload":{"workflowId":"Wrl2vxBGjxVylcY1","workflowName":"My workflow","executionId":"45","nodeType":"n8n-nodes-base.httpRequest","nodeName":"HTTP Request","nodeId":"e9955f9b-1b33-4709-884f-be7e5f94d5da"}}
{"__type":"$$EventMessageConfirm","confirm":"c59f0373-c0fd-4564-b429-2d936b1fc01a","ts":"2025-07-09T00:14:14.472-04:00","source":{"id":"0","name":"eventBus"}}
{"__type":"$$EventMessageWorkflow","id":"9c2d31c9-3f11-4fcc-9fdf-c61e51c49baa","ts":"2025-07-09T00:14:14.476-04:00","eventName":"n8n.workflow.failed","message":"n8n.workflow.failed","payload":{"userId":"166b4f68-702c-47b0-ac09-a36fb82141d6","executionId":"45","success":false,"isManual":true,"workflowId":"Wrl2vxBGjxVylcY1","workflowName":"My workflow","lastNodeExecuted":"HTTP Request","errorNodeType":"n8n-nodes-base.httpRequest","errorMessage":"Bad request - please check your parameters"}}
{"__type":"$$EventMessageConfirm","confirm":"9c2d31c9-3f11-4fcc-9fdf-c61e51c49baa","ts":"2025-07-09T00:14:14.477-04:00","source":{"id":"0","name":"eventBus"}}
{"__type":"$$EventMessageWorkflow","id":"cf84c228-a2ff-4afa-9117-44cb457b18b6","ts":"2025-07-09T00:23:23.375-04:00","eventName":"n8n.workflow.started","message":"n8n.workflow.started","payload":{"executionId":"46","workflowId":"Wrl2vxBGjxVylcY1","isManual":false,"workflowName":"My workflow"}}
{"__type":"$$EventMessageConfirm","confirm":"cf84c228-a2ff-4afa-9117-44cb457b18b6","ts":"2025-07-09T00:23:23.375-04:00","source":{"id":"0","name":"eventBus"}}
{"__type":"$$EventMessageNode","id":"78bddc4f-51fc-41a1-86f6-633b3a44bdd2","ts":"2025-07-09T00:23:23.376-04:00","eventName":"n8n.node.started","message":"n8n.node.started","payload":{"workflowId":"Wrl2vxBGjxVylcY1","workflowName":"My workflow","executionId":"46","nodeType":"n8n-nodes-base.webhook","nodeName":"Webhook-POST","nodeId":"b6c443f9-c5cc-4b9a-b172-3403a0005da2"}}
{"__type":"$$EventMessageConfirm","confirm":"78bddc4f-51fc-41a1-86f6-633b3a44bdd2","ts":"2025-07-09T00:23:23.376-04:00","source":{"id":"0","name":"eventBus"}}
{"__type":"$$EventMessageNode","id":"37bdd97c-4a91-41cf-b77d-a3068122a33e","ts":"2025-07-09T00:23:23.377-04:00","eventName":"n8n.node.finished","message":"n8n.node.finished","payload":{"workflowId":"Wrl2vxBGjxVylcY1","workflowName":"My workflow","executionId":"46","nodeType":"n8n-nodes-base.webhook","nodeName":"Webhook-POST","nodeId":"b6c443f9-c5cc-4b9a-b172-3403a0005da2"}}
{"__type":"$$EventMessageConfirm","confirm":"37bdd97c-4a91-41cf-b77d-a3068122a33e","ts":"2025-07-09T00:23:23.378-04:00","source":{"id":"0","name":"eventBus"}}
{"__type":"$$EventMessageNode","id":"03fe5c33-7679-4aab-a524-21a7b4098f3a","ts":"2025-07-09T00:23:23.378-04:00","eventName":"n8n.node.started","message":"n8n.node.started","payload":{"workflowId":"Wrl2vxBGjxVylcY1","workflowName":"My workflow","executionId":"46","nodeType":"n8n-nodes-base.httpRequest","nodeName":"HTTP Request1","nodeId":"69bacc1a-6d1e-49f9-87b4-8f7e72ed30a4"}}
{"__type":"$$EventMessageConfirm","confirm":"03fe5c33-7679-4aab-a524-21a7b4098f3a","ts":"2025-07-09T00:23:23.379-04:00","source":{"id":"0","name":"eventBus"}}
{"__type":"$$EventMessageNode","id":"c84af883-9eca-4dff-acbc-7d572ce7d64b","ts":"2025-07-09T00:23:33.028-04:00","eventName":"n8n.node.finished","message":"n8n.node.finished","payload":{"workflowId":"Wrl2vxBGjxVylcY1","workflowName":"My workflow","executionId":"46","nodeType":"n8n-nodes-base.httpRequest","nodeName":"HTTP Request1","nodeId":"69bacc1a-6d1e-49f9-87b4-8f7e72ed30a4"}}
{"__type":"$$EventMessageConfirm","confirm":"c84af883-9eca-4dff-acbc-7d572ce7d64b","ts":"2025-07-09T00:23:33.028-04:00","source":{"id":"0","name":"eventBus"}}
{"__type":"$$EventMessageNode","id":"e122e4ba-5c33-4621-a809-2510e702a210","ts":"2025-07-09T00:23:33.029-04:00","eventName":"n8n.node.started","message":"n8n.node.started","payload":{"workflowId":"Wrl2vxBGjxVylcY1","workflowName":"My workflow","executionId":"46","nodeType":"n8n-nodes-base.httpRequest","nodeName":"HTTP Request","nodeId":"e9955f9b-1b33-4709-884f-be7e5f94d5da"}}
{"__type":"$$EventMessageConfirm","confirm":"e122e4ba-5c33-4621-a809-2510e702a210","ts":"2025-07-09T00:23:33.029-04:00","source":{"id":"0","name":"eventBus"}}
{"__type":"$$EventMessageNode","id":"5c75dcfd-8453-47f9-9aba-6a06366baae1","ts":"2025-07-09T00:23:33.162-04:00","eventName":"n8n.node.finished","message":"n8n.node.finished","payload":{"workflowId":"Wrl2vxBGjxVylcY1","workflowName":"My workflow","executionId":"46","nodeType":"n8n-nodes-base.httpRequest","nodeName":"HTTP Request","nodeId":"e9955f9b-1b33-4709-884f-be7e5f94d5da"}}
{"__type":"$$EventMessageConfirm","confirm":"5c75dcfd-8453-47f9-9aba-6a06366baae1","ts":"2025-07-09T00:23:33.162-04:00","source":{"id":"0","name":"eventBus"}}
{"__type":"$$EventMessageWorkflow","id":"2baced3b-3c35-4c61-b2cc-8366cb037fb7","ts":"2025-07-09T00:23:33.163-04:00","eventName":"n8n.workflow.failed","message":"n8n.workflow.failed","payload":{"userId":"166b4f68-702c-47b0-ac09-a36fb82141d6","executionId":"46","success":false,"isManual":true,"workflowId":"Wrl2vxBGjxVylcY1","workflowName":"My workflow","lastNodeExecuted":"HTTP Request","errorNodeType":"n8n-nodes-base.httpRequest","errorMessage":"Bad request - please check your parameters"}}
{"__type":"$$EventMessageConfirm","confirm":"2baced3b-3c35-4c61-b2cc-8366cb037fb7","ts":"2025-07-09T00:23:33.164-04:00","source":{"id":"0","name":"eventBus"}}
{"__type":"$$EventMessageWorkflow","id":"abbf6e50-8000-410b-a1bd-b6927509f5f1","ts":"2025-07-09T00:53:46.700-04:00","eventName":"n8n.workflow.started","message":"n8n.workflow.started","payload":{"executionId":"47","workflowId":"Wrl2vxBGjxVylcY1","isManual":false,"workflowName":"My workflow"}}
{"__type":"$$EventMessageConfirm","confirm":"abbf6e50-8000-410b-a1bd-b6927509f5f1","ts":"2025-07-09T00:53:46.701-04:00","source":{"id":"0","name":"eventBus"}}
{"__type":"$$EventMessageNode","id":"d3c22cac-b312-4721-9853-8b278f7fd71a","ts":"2025-07-09T00:53:46.701-04:00","eventName":"n8n.node.started","message":"n8n.node.started","payload":{"workflowId":"Wrl2vxBGjxVylcY1","workflowName":"My workflow","executionId":"47","nodeType":"n8n-nodes-base.webhook","nodeName":"Webhook-POST","nodeId":"b6c443f9-c5cc-4b9a-b172-3403a0005da2"}}
{"__type":"$$EventMessageConfirm","confirm":"d3c22cac-b312-4721-9853-8b278f7fd71a","ts":"2025-07-09T00:53:46.701-04:00","source":{"id":"0","name":"eventBus"}}
{"__type":"$$EventMessageNode","id":"424014e4-a1d1-48b7-8d4b-fb50e402a8b8","ts":"2025-07-09T00:53:46.702-04:00","eventName":"n8n.node.finished","message":"n8n.node.finished","payload":{"workflowId":"Wrl2vxBGjxVylcY1","workflowName":"My workflow","executionId":"47","nodeType":"n8n-nodes-base.webhook","nodeName":"Webhook-POST","nodeId":"b6c443f9-c5cc-4b9a-b172-3403a0005da2"}}
{"__type":"$$EventMessageConfirm","confirm":"424014e4-a1d1-48b7-8d4b-fb50e402a8b8","ts":"2025-07-09T00:53:46.702-04:00","source":{"id":"0","name":"eventBus"}}
{"__type":"$$EventMessageNode","id":"7e42f307-15ab-41e6-ba4e-1148fdbde0ec","ts":"2025-07-09T00:53:46.703-04:00","eventName":"n8n.node.started","message":"n8n.node.started","payload":{"workflowId":"Wrl2vxBGjxVylcY1","workflowName":"My workflow","executionId":"47","nodeType":"n8n-nodes-base.code","nodeName":"Code","nodeId":"6f471532-00f1-404d-8dd0-7a1129fd644a"}}
{"__type":"$$EventMessageConfirm","confirm":"7e42f307-15ab-41e6-ba4e-1148fdbde0ec","ts":"2025-07-09T00:53:46.703-04:00","source":{"id":"0","name":"eventBus"}}
{"__type":"$$EventMessageNode","id":"9b9b36f3-0313-47cd-93be-817cc8bf73ce","ts":"2025-07-09T00:53:46.757-04:00","eventName":"n8n.node.finished","message":"n8n.node.finished","payload":{"workflowId":"Wrl2vxBGjxVylcY1","workflowName":"My workflow","executionId":"47","nodeType":"n8n-nodes-base.code","nodeName":"Code","nodeId":"6f471532-00f1-404d-8dd0-7a1129fd644a"}}
{"__type":"$$EventMessageConfirm","confirm":"9b9b36f3-0313-47cd-93be-817cc8bf73ce","ts":"2025-07-09T00:53:46.757-04:00","source":{"id":"0","name":"eventBus"}}
{"__type":"$$EventMessageNode","id":"960b185c-e2d1-4e0c-bf41-91b8f6bba5ad","ts":"2025-07-09T00:53:46.758-04:00","eventName":"n8n.node.started","message":"n8n.node.started","payload":{"workflowId":"Wrl2vxBGjxVylcY1","workflowName":"My workflow","executionId":"47","nodeType":"n8n-nodes-base.httpRequest","nodeName":"HTTP Request1","nodeId":"69bacc1a-6d1e-49f9-87b4-8f7e72ed30a4"}}
{"__type":"$$EventMessageConfirm","confirm":"960b185c-e2d1-4e0c-bf41-91b8f6bba5ad","ts":"2025-07-09T00:53:46.758-04:00","source":{"id":"0","name":"eventBus"}}
{"__type":"$$EventMessageNode","id":"cfb29d6f-d609-4976-88bf-fc5add9beef0","ts":"2025-07-09T00:53:46.765-04:00","eventName":"n8n.node.finished","message":"n8n.node.finished","payload":{"workflowId":"Wrl2vxBGjxVylcY1","workflowName":"My workflow","executionId":"47","nodeType":"n8n-nodes-base.httpRequest","nodeName":"HTTP Request1","nodeId":"69bacc1a-6d1e-49f9-87b4-8f7e72ed30a4"}}
{"__type":"$$EventMessageConfirm","confirm":"cfb29d6f-d609-4976-88bf-fc5add9beef0","ts":"2025-07-09T00:53:46.765-04:00","source":{"id":"0","name":"eventBus"}}
{"__type":"$$EventMessageWorkflow","id":"1a2d6145-9dc3-4e29-ae80-8f59d7595e69","ts":"2025-07-09T00:53:46.765-04:00","eventName":"n8n.workflow.failed","message":"n8n.workflow.failed","payload":{"executionId":"47","success":false,"isManual":false,"workflowId":"Wrl2vxBGjxVylcY1","workflowName":"My workflow","lastNodeExecuted":"HTTP Request1","errorNodeType":"n8n-nodes-base.httpRequest","errorMessage":"JSON parameter needs to be valid JSON"}}
{"__type":"$$EventMessageConfirm","confirm":"1a2d6145-9dc3-4e29-ae80-8f59d7595e69","ts":"2025-07-09T00:53:46.765-04:00","source":{"id":"0","name":"eventBus"}}
