{"__type":"$$EventMessageAudit","id":"886b4e58-1868-488f-9bb8-3cc0c7c4d329","ts":"2025-07-06T10:30:08.868-04:00","eventName":"n8n.audit.workflow.updated","message":"n8n.audit.workflow.updated","payload":{"userId":"166b4f68-702c-47b0-ac09-a36fb82141d6","_email":"a_murooka@japan-agi.com","_firstName":"Bonjin","_lastName":"OyaZ","globalRole":"global:owner","workflowId":"Wrl2vxBGjxVylcY1","workflowName":"My workflow"}}
{"__type":"$$EventMessageConfirm","confirm":"886b4e58-1868-488f-9bb8-3cc0c7c4d329","ts":"2025-07-06T10:30:08.869-04:00","source":{"id":"0","name":"eventBus"}}
{"__type":"$$EventMessageWorkflow","id":"a952c0d3-c2d9-49ba-b0a7-9df0a77c70dc","ts":"2025-07-06T10:43:01.947-04:00","eventName":"n8n.workflow.started","message":"n8n.workflow.started","payload":{"executionId":"12","workflowId":"Wrl2vxBGjxVylcY1","isManual":false,"workflowName":"My workflow"}}
{"__type":"$$EventMessageConfirm","confirm":"a952c0d3-c2d9-49ba-b0a7-9df0a77c70dc","ts":"2025-07-06T10:43:01.947-04:00","source":{"id":"0","name":"eventBus"}}
{"__type":"$$EventMessageNode","id":"a2051d08-c010-4c66-b4a9-25d637f17a45","ts":"2025-07-06T10:43:01.948-04:00","eventName":"n8n.node.started","message":"n8n.node.started","payload":{"workflowId":"Wrl2vxBGjxVylcY1","workflowName":"My workflow","executionId":"12","nodeType":"n8n-nodes-base.webhook","nodeName":"Webhook-GET","nodeId":"4180e59b-b853-4bc7-b9ca-8823bfa87963"}}
{"__type":"$$EventMessageConfirm","confirm":"a2051d08-c010-4c66-b4a9-25d637f17a45","ts":"2025-07-06T10:43:01.948-04:00","source":{"id":"0","name":"eventBus"}}
{"__type":"$$EventMessageNode","id":"36eda935-e18c-4ebf-ba20-e186dd8504e7","ts":"2025-07-06T10:43:01.949-04:00","eventName":"n8n.node.finished","message":"n8n.node.finished","payload":{"workflowId":"Wrl2vxBGjxVylcY1","workflowName":"My workflow","executionId":"12","nodeType":"n8n-nodes-base.webhook","nodeName":"Webhook-GET","nodeId":"4180e59b-b853-4bc7-b9ca-8823bfa87963"}}
{"__type":"$$EventMessageConfirm","confirm":"36eda935-e18c-4ebf-ba20-e186dd8504e7","ts":"2025-07-06T10:43:01.949-04:00","source":{"id":"0","name":"eventBus"}}
{"__type":"$$EventMessageWorkflow","id":"41b3c796-6b1e-4285-8f09-3639b3724ac9","ts":"2025-07-06T10:43:01.950-04:00","eventName":"n8n.workflow.success","message":"n8n.workflow.success","payload":{"executionId":"12","success":true,"isManual":false,"workflowId":"Wrl2vxBGjxVylcY1","workflowName":"My workflow"}}
{"__type":"$$EventMessageConfirm","confirm":"41b3c796-6b1e-4285-8f09-3639b3724ac9","ts":"2025-07-06T10:43:01.951-04:00","source":{"id":"0","name":"eventBus"}}
{"__type":"$$EventMessageWorkflow","id":"2f66c499-ad2a-4666-b591-073d9b0e0ade","ts":"2025-07-06T10:46:30.446-04:00","eventName":"n8n.workflow.started","message":"n8n.workflow.started","payload":{"executionId":"13","workflowId":"Wrl2vxBGjxVylcY1","isManual":false,"workflowName":"My workflow"}}
{"__type":"$$EventMessageConfirm","confirm":"2f66c499-ad2a-4666-b591-073d9b0e0ade","ts":"2025-07-06T10:46:30.446-04:00","source":{"id":"0","name":"eventBus"}}
{"__type":"$$EventMessageNode","id":"539c1359-71b3-4faf-9186-0bd25bb93ad6","ts":"2025-07-06T10:46:30.446-04:00","eventName":"n8n.node.started","message":"n8n.node.started","payload":{"workflowId":"Wrl2vxBGjxVylcY1","workflowName":"My workflow","executionId":"13","nodeType":"n8n-nodes-base.webhook","nodeName":"Webhook-POST","nodeId":"b6c443f9-c5cc-4b9a-b172-3403a0005da2"}}
{"__type":"$$EventMessageConfirm","confirm":"539c1359-71b3-4faf-9186-0bd25bb93ad6","ts":"2025-07-06T10:46:30.447-04:00","source":{"id":"0","name":"eventBus"}}
{"__type":"$$EventMessageNode","id":"0918ae06-6445-4811-a1a9-fd22342970b9","ts":"2025-07-06T10:46:30.447-04:00","eventName":"n8n.node.finished","message":"n8n.node.finished","payload":{"workflowId":"Wrl2vxBGjxVylcY1","workflowName":"My workflow","executionId":"13","nodeType":"n8n-nodes-base.webhook","nodeName":"Webhook-POST","nodeId":"b6c443f9-c5cc-4b9a-b172-3403a0005da2"}}
{"__type":"$$EventMessageConfirm","confirm":"0918ae06-6445-4811-a1a9-fd22342970b9","ts":"2025-07-06T10:46:30.447-04:00","source":{"id":"0","name":"eventBus"}}
{"__type":"$$EventMessageNode","id":"d1c80934-f67f-434e-90f6-32e0350006cf","ts":"2025-07-06T10:46:30.448-04:00","eventName":"n8n.node.started","message":"n8n.node.started","payload":{"workflowId":"Wrl2vxBGjxVylcY1","workflowName":"My workflow","executionId":"13","nodeType":"n8n-nodes-base.code","nodeName":"Code","nodeId":"6f471532-00f1-404d-8dd0-7a1129fd644a"}}
{"__type":"$$EventMessageConfirm","confirm":"d1c80934-f67f-434e-90f6-32e0350006cf","ts":"2025-07-06T10:46:30.448-04:00","source":{"id":"0","name":"eventBus"}}
{"__type":"$$EventMessageNode","id":"a4b23c89-a5a9-4bb4-ba45-bef16d3e9a0c","ts":"2025-07-06T10:46:30.472-04:00","eventName":"n8n.node.finished","message":"n8n.node.finished","payload":{"workflowId":"Wrl2vxBGjxVylcY1","workflowName":"My workflow","executionId":"13","nodeType":"n8n-nodes-base.code","nodeName":"Code","nodeId":"6f471532-00f1-404d-8dd0-7a1129fd644a"}}
{"__type":"$$EventMessageConfirm","confirm":"a4b23c89-a5a9-4bb4-ba45-bef16d3e9a0c","ts":"2025-07-06T10:46:30.472-04:00","source":{"id":"0","name":"eventBus"}}
{"__type":"$$EventMessageWorkflow","id":"a823458c-0708-4f46-b714-ace707289f38","ts":"2025-07-06T10:46:30.473-04:00","eventName":"n8n.workflow.failed","message":"n8n.workflow.failed","payload":{"executionId":"13","success":false,"isManual":false,"workflowId":"Wrl2vxBGjxVylcY1","workflowName":"My workflow","lastNodeExecuted":"Code","errorNodeType":"n8n-nodes-base.code","errorMessage":"Cannot find module 'crypto' [line 1]"}}
{"__type":"$$EventMessageConfirm","confirm":"a823458c-0708-4f46-b714-ace707289f38","ts":"2025-07-06T10:46:30.473-04:00","source":{"id":"0","name":"eventBus"}}
{"__type":"$$EventMessageAudit","id":"e79e1d2a-124b-4334-b03d-0becad5f0a76","ts":"2025-07-06T10:54:35.341-04:00","eventName":"n8n.audit.workflow.updated","message":"n8n.audit.workflow.updated","payload":{"userId":"166b4f68-702c-47b0-ac09-a36fb82141d6","_email":"a_murooka@japan-agi.com","_firstName":"Bonjin","_lastName":"OyaZ","globalRole":"global:owner","workflowId":"Wrl2vxBGjxVylcY1","workflowName":"My workflow"}}
{"__type":"$$EventMessageConfirm","confirm":"e79e1d2a-124b-4334-b03d-0becad5f0a76","ts":"2025-07-06T10:54:35.341-04:00","source":{"id":"0","name":"eventBus"}}
{"__type":"$$EventMessageAudit","id":"92d06e2c-4010-47bc-83c5-f2ba410cce92","ts":"2025-07-06T10:54:36.486-04:00","eventName":"n8n.audit.workflow.updated","message":"n8n.audit.workflow.updated","payload":{"userId":"166b4f68-702c-47b0-ac09-a36fb82141d6","_email":"a_murooka@japan-agi.com","_firstName":"Bonjin","_lastName":"OyaZ","globalRole":"global:owner","workflowId":"Wrl2vxBGjxVylcY1","workflowName":"My workflow"}}
{"__type":"$$EventMessageConfirm","confirm":"92d06e2c-4010-47bc-83c5-f2ba410cce92","ts":"2025-07-06T10:54:36.486-04:00","source":{"id":"0","name":"eventBus"}}
{"__type":"$$EventMessageAudit","id":"a29ccc28-cbba-49de-b140-5dcc15786c77","ts":"2025-07-06T10:54:37.345-04:00","eventName":"n8n.audit.workflow.updated","message":"n8n.audit.workflow.updated","payload":{"userId":"166b4f68-702c-47b0-ac09-a36fb82141d6","_email":"a_murooka@japan-agi.com","_firstName":"Bonjin","_lastName":"OyaZ","globalRole":"global:owner","workflowId":"Wrl2vxBGjxVylcY1","workflowName":"My workflow"}}
{"__type":"$$EventMessageConfirm","confirm":"a29ccc28-cbba-49de-b140-5dcc15786c77","ts":"2025-07-06T10:54:37.345-04:00","source":{"id":"0","name":"eventBus"}}
{"__type":"$$EventMessageAudit","id":"d4bc5a59-b1a3-41a0-8f33-f5e5be8eaf84","ts":"2025-07-06T10:54:40.551-04:00","eventName":"n8n.audit.workflow.updated","message":"n8n.audit.workflow.updated","payload":{"userId":"166b4f68-702c-47b0-ac09-a36fb82141d6","_email":"a_murooka@japan-agi.com","_firstName":"Bonjin","_lastName":"OyaZ","globalRole":"global:owner","workflowId":"Wrl2vxBGjxVylcY1","workflowName":"My workflow"}}
{"__type":"$$EventMessageConfirm","confirm":"d4bc5a59-b1a3-41a0-8f33-f5e5be8eaf84","ts":"2025-07-06T10:54:40.551-04:00","source":{"id":"0","name":"eventBus"}}
{"__type":"$$EventMessageAudit","id":"4e8221b3-1a41-435d-884b-aa23cca4f952","ts":"2025-07-06T10:54:42.646-04:00","eventName":"n8n.audit.workflow.updated","message":"n8n.audit.workflow.updated","payload":{"userId":"166b4f68-702c-47b0-ac09-a36fb82141d6","_email":"a_murooka@japan-agi.com","_firstName":"Bonjin","_lastName":"OyaZ","globalRole":"global:owner","workflowId":"Wrl2vxBGjxVylcY1","workflowName":"My workflow"}}
{"__type":"$$EventMessageConfirm","confirm":"4e8221b3-1a41-435d-884b-aa23cca4f952","ts":"2025-07-06T10:54:42.646-04:00","source":{"id":"0","name":"eventBus"}}
{"__type":"$$EventMessageAudit","id":"163cbd29-0193-4f58-bad9-ff0bf55a868d","ts":"2025-07-06T10:55:47.588-04:00","eventName":"n8n.audit.workflow.updated","message":"n8n.audit.workflow.updated","payload":{"userId":"166b4f68-702c-47b0-ac09-a36fb82141d6","_email":"a_murooka@japan-agi.com","_firstName":"Bonjin","_lastName":"OyaZ","globalRole":"global:owner","workflowId":"Wrl2vxBGjxVylcY1","workflowName":"My workflow"}}
{"__type":"$$EventMessageConfirm","confirm":"163cbd29-0193-4f58-bad9-ff0bf55a868d","ts":"2025-07-06T10:55:47.589-04:00","source":{"id":"0","name":"eventBus"}}
{"__type":"$$EventMessageWorkflow","id":"b4bba9c9-0785-4370-9b9f-7cba7ce8bbc0","ts":"2025-07-06T11:02:11.591-04:00","eventName":"n8n.workflow.started","message":"n8n.workflow.started","payload":{"executionId":"14","workflowId":"Wrl2vxBGjxVylcY1","isManual":false,"workflowName":"My workflow"}}
{"__type":"$$EventMessageConfirm","confirm":"b4bba9c9-0785-4370-9b9f-7cba7ce8bbc0","ts":"2025-07-06T11:02:11.592-04:00","source":{"id":"0","name":"eventBus"}}
{"__type":"$$EventMessageNode","id":"9bdcf32d-ca4a-4656-a79b-f27ecebd20f9","ts":"2025-07-06T11:02:11.592-04:00","eventName":"n8n.node.started","message":"n8n.node.started","payload":{"workflowId":"Wrl2vxBGjxVylcY1","workflowName":"My workflow","executionId":"14","nodeType":"n8n-nodes-base.webhook","nodeName":"Webhook-POST","nodeId":"b6c443f9-c5cc-4b9a-b172-3403a0005da2"}}
{"__type":"$$EventMessageConfirm","confirm":"9bdcf32d-ca4a-4656-a79b-f27ecebd20f9","ts":"2025-07-06T11:02:11.592-04:00","source":{"id":"0","name":"eventBus"}}
{"__type":"$$EventMessageNode","id":"2c07f249-ff95-4bb2-8e70-52c35cb53f77","ts":"2025-07-06T11:02:11.594-04:00","eventName":"n8n.node.finished","message":"n8n.node.finished","payload":{"workflowId":"Wrl2vxBGjxVylcY1","workflowName":"My workflow","executionId":"14","nodeType":"n8n-nodes-base.webhook","nodeName":"Webhook-POST","nodeId":"b6c443f9-c5cc-4b9a-b172-3403a0005da2"}}
{"__type":"$$EventMessageConfirm","confirm":"2c07f249-ff95-4bb2-8e70-52c35cb53f77","ts":"2025-07-06T11:02:11.594-04:00","source":{"id":"0","name":"eventBus"}}
{"__type":"$$EventMessageNode","id":"00c7f1c3-18cf-467e-b2a8-9e691bfcf513","ts":"2025-07-06T11:02:11.594-04:00","eventName":"n8n.node.started","message":"n8n.node.started","payload":{"workflowId":"Wrl2vxBGjxVylcY1","workflowName":"My workflow","executionId":"14","nodeType":"n8n-nodes-base.code","nodeName":"Code","nodeId":"6f471532-00f1-404d-8dd0-7a1129fd644a"}}
{"__type":"$$EventMessageConfirm","confirm":"00c7f1c3-18cf-467e-b2a8-9e691bfcf513","ts":"2025-07-06T11:02:11.594-04:00","source":{"id":"0","name":"eventBus"}}
{"__type":"$$EventMessageNode","id":"ee8bd4c4-40e7-4fde-b6b0-63d39e1096e2","ts":"2025-07-06T11:02:11.630-04:00","eventName":"n8n.node.finished","message":"n8n.node.finished","payload":{"workflowId":"Wrl2vxBGjxVylcY1","workflowName":"My workflow","executionId":"14","nodeType":"n8n-nodes-base.code","nodeName":"Code","nodeId":"6f471532-00f1-404d-8dd0-7a1129fd644a"}}
{"__type":"$$EventMessageConfirm","confirm":"ee8bd4c4-40e7-4fde-b6b0-63d39e1096e2","ts":"2025-07-06T11:02:11.631-04:00","source":{"id":"0","name":"eventBus"}}
{"__type":"$$EventMessageWorkflow","id":"6069fc30-4ed7-4872-8d63-8aac387504fe","ts":"2025-07-06T11:02:11.632-04:00","eventName":"n8n.workflow.failed","message":"n8n.workflow.failed","payload":{"executionId":"14","success":false,"isManual":false,"workflowId":"Wrl2vxBGjxVylcY1","workflowName":"My workflow","lastNodeExecuted":"Code","errorNodeType":"n8n-nodes-base.code","errorMessage":"Cannot find module 'crypto' [line 1]"}}
{"__type":"$$EventMessageConfirm","confirm":"6069fc30-4ed7-4872-8d63-8aac387504fe","ts":"2025-07-06T11:02:11.632-04:00","source":{"id":"0","name":"eventBus"}}
{"__type":"$$EventMessageWorkflow","id":"4e8439a7-f9a1-41f7-97dd-9c9c6f31286e","ts":"2025-07-06T11:02:28.341-04:00","eventName":"n8n.workflow.started","message":"n8n.workflow.started","payload":{"executionId":"15","workflowId":"Wrl2vxBGjxVylcY1","isManual":false,"workflowName":"My workflow"}}
{"__type":"$$EventMessageConfirm","confirm":"4e8439a7-f9a1-41f7-97dd-9c9c6f31286e","ts":"2025-07-06T11:02:28.341-04:00","source":{"id":"0","name":"eventBus"}}
{"__type":"$$EventMessageNode","id":"e0066b21-d42d-4167-9198-fd2b02308926","ts":"2025-07-06T11:02:28.341-04:00","eventName":"n8n.node.started","message":"n8n.node.started","payload":{"workflowId":"Wrl2vxBGjxVylcY1","workflowName":"My workflow","executionId":"15","nodeType":"n8n-nodes-base.webhook","nodeName":"Webhook-POST","nodeId":"b6c443f9-c5cc-4b9a-b172-3403a0005da2"}}
{"__type":"$$EventMessageConfirm","confirm":"e0066b21-d42d-4167-9198-fd2b02308926","ts":"2025-07-06T11:02:28.341-04:00","source":{"id":"0","name":"eventBus"}}
{"__type":"$$EventMessageNode","id":"fb9117c1-0c6a-485e-86d0-8d0f0c830bb4","ts":"2025-07-06T11:02:28.342-04:00","eventName":"n8n.node.finished","message":"n8n.node.finished","payload":{"workflowId":"Wrl2vxBGjxVylcY1","workflowName":"My workflow","executionId":"15","nodeType":"n8n-nodes-base.webhook","nodeName":"Webhook-POST","nodeId":"b6c443f9-c5cc-4b9a-b172-3403a0005da2"}}
{"__type":"$$EventMessageConfirm","confirm":"fb9117c1-0c6a-485e-86d0-8d0f0c830bb4","ts":"2025-07-06T11:02:28.342-04:00","source":{"id":"0","name":"eventBus"}}
{"__type":"$$EventMessageNode","id":"43650695-712f-42de-9250-3ed7c8be6d5c","ts":"2025-07-06T11:02:28.342-04:00","eventName":"n8n.node.started","message":"n8n.node.started","payload":{"workflowId":"Wrl2vxBGjxVylcY1","workflowName":"My workflow","executionId":"15","nodeType":"n8n-nodes-base.code","nodeName":"Code","nodeId":"6f471532-00f1-404d-8dd0-7a1129fd644a"}}
{"__type":"$$EventMessageConfirm","confirm":"43650695-712f-42de-9250-3ed7c8be6d5c","ts":"2025-07-06T11:02:28.343-04:00","source":{"id":"0","name":"eventBus"}}
{"__type":"$$EventMessageNode","id":"ee595ccd-7a6a-449d-8507-ef6c222889ca","ts":"2025-07-06T11:02:28.348-04:00","eventName":"n8n.node.finished","message":"n8n.node.finished","payload":{"workflowId":"Wrl2vxBGjxVylcY1","workflowName":"My workflow","executionId":"15","nodeType":"n8n-nodes-base.code","nodeName":"Code","nodeId":"6f471532-00f1-404d-8dd0-7a1129fd644a"}}
{"__type":"$$EventMessageConfirm","confirm":"ee595ccd-7a6a-449d-8507-ef6c222889ca","ts":"2025-07-06T11:02:28.348-04:00","source":{"id":"0","name":"eventBus"}}
{"__type":"$$EventMessageWorkflow","id":"b821ce2b-5e67-4e79-923f-60f88f8880cc","ts":"2025-07-06T11:02:28.348-04:00","eventName":"n8n.workflow.failed","message":"n8n.workflow.failed","payload":{"executionId":"15","success":false,"isManual":false,"workflowId":"Wrl2vxBGjxVylcY1","workflowName":"My workflow","lastNodeExecuted":"Code","errorNodeType":"n8n-nodes-base.code","errorMessage":"Cannot find module 'crypto' [line 1]"}}
{"__type":"$$EventMessageConfirm","confirm":"b821ce2b-5e67-4e79-923f-60f88f8880cc","ts":"2025-07-06T11:02:28.348-04:00","source":{"id":"0","name":"eventBus"}}
{"__type":"$$EventMessageAudit","id":"87b94495-5ddf-4eb0-957a-34154e442a29","ts":"2025-07-06T11:06:59.327-04:00","eventName":"n8n.audit.workflow.updated","message":"n8n.audit.workflow.updated","payload":{"userId":"166b4f68-702c-47b0-ac09-a36fb82141d6","_email":"a_murooka@japan-agi.com","_firstName":"Bonjin","_lastName":"OyaZ","globalRole":"global:owner","workflowId":"Wrl2vxBGjxVylcY1","workflowName":"My workflow"}}
{"__type":"$$EventMessageConfirm","confirm":"87b94495-5ddf-4eb0-957a-34154e442a29","ts":"2025-07-06T11:06:59.327-04:00","source":{"id":"0","name":"eventBus"}}
{"__type":"$$EventMessageAudit","id":"da6fb5a1-6479-4220-bd7b-f973b30cfd02","ts":"2025-07-06T11:07:01.193-04:00","eventName":"n8n.audit.workflow.updated","message":"n8n.audit.workflow.updated","payload":{"userId":"166b4f68-702c-47b0-ac09-a36fb82141d6","_email":"a_murooka@japan-agi.com","_firstName":"Bonjin","_lastName":"OyaZ","globalRole":"global:owner","workflowId":"Wrl2vxBGjxVylcY1","workflowName":"My workflow"}}
{"__type":"$$EventMessageConfirm","confirm":"da6fb5a1-6479-4220-bd7b-f973b30cfd02","ts":"2025-07-06T11:07:01.193-04:00","source":{"id":"0","name":"eventBus"}}
{"__type":"$$EventMessageAudit","id":"0df5099c-1b72-49f3-8edf-3b998047e076","ts":"2025-07-06T11:07:01.769-04:00","eventName":"n8n.audit.workflow.updated","message":"n8n.audit.workflow.updated","payload":{"userId":"166b4f68-702c-47b0-ac09-a36fb82141d6","_email":"a_murooka@japan-agi.com","_firstName":"Bonjin","_lastName":"OyaZ","globalRole":"global:owner","workflowId":"Wrl2vxBGjxVylcY1","workflowName":"My workflow"}}
{"__type":"$$EventMessageConfirm","confirm":"0df5099c-1b72-49f3-8edf-3b998047e076","ts":"2025-07-06T11:07:01.770-04:00","source":{"id":"0","name":"eventBus"}}
{"__type":"$$EventMessageWorkflow","id":"1ab85896-497d-4f20-91b3-2ce689eb2ade","ts":"2025-07-06T11:07:14.188-04:00","eventName":"n8n.workflow.started","message":"n8n.workflow.started","payload":{"executionId":"16","workflowId":"Wrl2vxBGjxVylcY1","isManual":false,"workflowName":"My workflow"}}
{"__type":"$$EventMessageConfirm","confirm":"1ab85896-497d-4f20-91b3-2ce689eb2ade","ts":"2025-07-06T11:07:14.188-04:00","source":{"id":"0","name":"eventBus"}}
{"__type":"$$EventMessageNode","id":"cb414de7-7232-4278-8688-5175c5e6770e","ts":"2025-07-06T11:07:14.189-04:00","eventName":"n8n.node.started","message":"n8n.node.started","payload":{"workflowId":"Wrl2vxBGjxVylcY1","workflowName":"My workflow","executionId":"16","nodeType":"n8n-nodes-base.webhook","nodeName":"Webhook-POST","nodeId":"b6c443f9-c5cc-4b9a-b172-3403a0005da2"}}
{"__type":"$$EventMessageConfirm","confirm":"cb414de7-7232-4278-8688-5175c5e6770e","ts":"2025-07-06T11:07:14.189-04:00","source":{"id":"0","name":"eventBus"}}
{"__type":"$$EventMessageNode","id":"fff199e8-f4d6-4b52-9918-436fe2d5230a","ts":"2025-07-06T11:07:14.189-04:00","eventName":"n8n.node.finished","message":"n8n.node.finished","payload":{"workflowId":"Wrl2vxBGjxVylcY1","workflowName":"My workflow","executionId":"16","nodeType":"n8n-nodes-base.webhook","nodeName":"Webhook-POST","nodeId":"b6c443f9-c5cc-4b9a-b172-3403a0005da2"}}
{"__type":"$$EventMessageConfirm","confirm":"fff199e8-f4d6-4b52-9918-436fe2d5230a","ts":"2025-07-06T11:07:14.189-04:00","source":{"id":"0","name":"eventBus"}}
{"__type":"$$EventMessageNode","id":"151f91ec-2714-4894-a337-1ac21cf9b061","ts":"2025-07-06T11:07:14.189-04:00","eventName":"n8n.node.started","message":"n8n.node.started","payload":{"workflowId":"Wrl2vxBGjxVylcY1","workflowName":"My workflow","executionId":"16","nodeType":"n8n-nodes-base.code","nodeName":"Code","nodeId":"6f471532-00f1-404d-8dd0-7a1129fd644a"}}
{"__type":"$$EventMessageConfirm","confirm":"151f91ec-2714-4894-a337-1ac21cf9b061","ts":"2025-07-06T11:07:14.189-04:00","source":{"id":"0","name":"eventBus"}}
{"__type":"$$EventMessageNode","id":"52be2a15-e0ec-4e85-b402-8baaf20ded96","ts":"2025-07-06T11:07:14.198-04:00","eventName":"n8n.node.finished","message":"n8n.node.finished","payload":{"workflowId":"Wrl2vxBGjxVylcY1","workflowName":"My workflow","executionId":"16","nodeType":"n8n-nodes-base.code","nodeName":"Code","nodeId":"6f471532-00f1-404d-8dd0-7a1129fd644a"}}
{"__type":"$$EventMessageConfirm","confirm":"52be2a15-e0ec-4e85-b402-8baaf20ded96","ts":"2025-07-06T11:07:14.198-04:00","source":{"id":"0","name":"eventBus"}}
{"__type":"$$EventMessageNode","id":"086a6c4f-a5df-4dad-a0a3-c8946b7be9fc","ts":"2025-07-06T11:07:14.200-04:00","eventName":"n8n.node.started","message":"n8n.node.started","payload":{"workflowId":"Wrl2vxBGjxVylcY1","workflowName":"My workflow","executionId":"16","nodeType":"n8n-nodes-base.executeCommand","nodeName":"Execute Command","nodeId":"0b10da04-2806-4f86-98ca-a516b49627ed"}}
{"__type":"$$EventMessageConfirm","confirm":"086a6c4f-a5df-4dad-a0a3-c8946b7be9fc","ts":"2025-07-06T11:07:14.201-04:00","source":{"id":"0","name":"eventBus"}}
{"__type":"$$EventMessageNode","id":"6b6ca141-0124-4d75-834c-dfb83a147946","ts":"2025-07-06T11:07:27.999-04:00","eventName":"n8n.node.finished","message":"n8n.node.finished","payload":{"workflowId":"Wrl2vxBGjxVylcY1","workflowName":"My workflow","executionId":"16","nodeType":"n8n-nodes-base.executeCommand","nodeName":"Execute Command","nodeId":"0b10da04-2806-4f86-98ca-a516b49627ed"}}
{"__type":"$$EventMessageConfirm","confirm":"6b6ca141-0124-4d75-834c-dfb83a147946","ts":"2025-07-06T11:07:27.999-04:00","source":{"id":"0","name":"eventBus"}}
{"__type":"$$EventMessageNode","id":"76151559-a289-4331-84e5-cd551e40e699","ts":"2025-07-06T11:07:27.999-04:00","eventName":"n8n.node.started","message":"n8n.node.started","payload":{"workflowId":"Wrl2vxBGjxVylcY1","workflowName":"My workflow","executionId":"16","nodeType":"n8n-nodes-base.httpRequest","nodeName":"HTTP Request","nodeId":"e9955f9b-1b33-4709-884f-be7e5f94d5da"}}
{"__type":"$$EventMessageConfirm","confirm":"76151559-a289-4331-84e5-cd551e40e699","ts":"2025-07-06T11:07:28.000-04:00","source":{"id":"0","name":"eventBus"}}
{"__type":"$$EventMessageNode","id":"0a01522d-1b9e-43ea-84be-4409ab3babe6","ts":"2025-07-06T11:07:28.032-04:00","eventName":"n8n.node.finished","message":"n8n.node.finished","payload":{"workflowId":"Wrl2vxBGjxVylcY1","workflowName":"My workflow","executionId":"16","nodeType":"n8n-nodes-base.httpRequest","nodeName":"HTTP Request","nodeId":"e9955f9b-1b33-4709-884f-be7e5f94d5da"}}
{"__type":"$$EventMessageConfirm","confirm":"0a01522d-1b9e-43ea-84be-4409ab3babe6","ts":"2025-07-06T11:07:28.032-04:00","source":{"id":"0","name":"eventBus"}}
{"__type":"$$EventMessageWorkflow","id":"d7e7a7cb-898c-46ea-9c15-66eac32a1b8d","ts":"2025-07-06T11:07:28.032-04:00","eventName":"n8n.workflow.failed","message":"n8n.workflow.failed","payload":{"executionId":"16","success":false,"isManual":false,"workflowId":"Wrl2vxBGjxVylcY1","workflowName":"My workflow","lastNodeExecuted":"HTTP Request","errorMessage":"Referenced node doesn't exist"}}
{"__type":"$$EventMessageConfirm","confirm":"d7e7a7cb-898c-46ea-9c15-66eac32a1b8d","ts":"2025-07-06T11:07:28.033-04:00","source":{"id":"0","name":"eventBus"}}
{"__type":"$$EventMessageAudit","id":"35c45118-b58f-4e5b-b7b5-9651ba6d735d","ts":"2025-07-06T11:25:40.997-04:00","eventName":"n8n.audit.workflow.updated","message":"n8n.audit.workflow.updated","payload":{"userId":"166b4f68-702c-47b0-ac09-a36fb82141d6","_email":"a_murooka@japan-agi.com","_firstName":"Bonjin","_lastName":"OyaZ","globalRole":"global:owner","workflowId":"Wrl2vxBGjxVylcY1","workflowName":"My workflow"}}
{"__type":"$$EventMessageConfirm","confirm":"35c45118-b58f-4e5b-b7b5-9651ba6d735d","ts":"2025-07-06T11:25:40.997-04:00","source":{"id":"0","name":"eventBus"}}
{"__type":"$$EventMessageAudit","id":"c388292e-c360-41c0-9c7a-2db4fb3482ea","ts":"2025-07-06T11:25:42.466-04:00","eventName":"n8n.audit.workflow.updated","message":"n8n.audit.workflow.updated","payload":{"userId":"166b4f68-702c-47b0-ac09-a36fb82141d6","_email":"a_murooka@japan-agi.com","_firstName":"Bonjin","_lastName":"OyaZ","globalRole":"global:owner","workflowId":"Wrl2vxBGjxVylcY1","workflowName":"My workflow"}}
{"__type":"$$EventMessageConfirm","confirm":"c388292e-c360-41c0-9c7a-2db4fb3482ea","ts":"2025-07-06T11:25:42.466-04:00","source":{"id":"0","name":"eventBus"}}
{"__type":"$$EventMessageWorkflow","id":"1f0d0d3c-11f6-4a9f-9a1a-8ed9ee5eed38","ts":"2025-07-06T11:25:59.825-04:00","eventName":"n8n.workflow.started","message":"n8n.workflow.started","payload":{"executionId":"17","workflowId":"Wrl2vxBGjxVylcY1","isManual":false,"workflowName":"My workflow"}}
{"__type":"$$EventMessageConfirm","confirm":"1f0d0d3c-11f6-4a9f-9a1a-8ed9ee5eed38","ts":"2025-07-06T11:25:59.826-04:00","source":{"id":"0","name":"eventBus"}}
{"__type":"$$EventMessageNode","id":"1f7803c8-76a0-429c-8ba4-b2c6f6ca54bf","ts":"2025-07-06T11:25:59.826-04:00","eventName":"n8n.node.started","message":"n8n.node.started","payload":{"workflowId":"Wrl2vxBGjxVylcY1","workflowName":"My workflow","executionId":"17","nodeType":"n8n-nodes-base.webhook","nodeName":"Webhook-POST","nodeId":"b6c443f9-c5cc-4b9a-b172-3403a0005da2"}}
{"__type":"$$EventMessageConfirm","confirm":"1f7803c8-76a0-429c-8ba4-b2c6f6ca54bf","ts":"2025-07-06T11:25:59.826-04:00","source":{"id":"0","name":"eventBus"}}
{"__type":"$$EventMessageNode","id":"24b4fd97-eb5f-4f37-8dd1-4bc4a7346351","ts":"2025-07-06T11:25:59.826-04:00","eventName":"n8n.node.finished","message":"n8n.node.finished","payload":{"workflowId":"Wrl2vxBGjxVylcY1","workflowName":"My workflow","executionId":"17","nodeType":"n8n-nodes-base.webhook","nodeName":"Webhook-POST","nodeId":"b6c443f9-c5cc-4b9a-b172-3403a0005da2"}}
{"__type":"$$EventMessageConfirm","confirm":"24b4fd97-eb5f-4f37-8dd1-4bc4a7346351","ts":"2025-07-06T11:25:59.826-04:00","source":{"id":"0","name":"eventBus"}}
{"__type":"$$EventMessageNode","id":"7d97bebd-54d5-4b6a-8207-b0da575a98e1","ts":"2025-07-06T11:25:59.827-04:00","eventName":"n8n.node.started","message":"n8n.node.started","payload":{"workflowId":"Wrl2vxBGjxVylcY1","workflowName":"My workflow","executionId":"17","nodeType":"n8n-nodes-base.code","nodeName":"Code","nodeId":"6f471532-00f1-404d-8dd0-7a1129fd644a"}}
{"__type":"$$EventMessageConfirm","confirm":"7d97bebd-54d5-4b6a-8207-b0da575a98e1","ts":"2025-07-06T11:25:59.827-04:00","source":{"id":"0","name":"eventBus"}}
{"__type":"$$EventMessageNode","id":"729e3406-a3f3-4f57-ad07-e148d2cfb705","ts":"2025-07-06T11:25:59.834-04:00","eventName":"n8n.node.finished","message":"n8n.node.finished","payload":{"workflowId":"Wrl2vxBGjxVylcY1","workflowName":"My workflow","executionId":"17","nodeType":"n8n-nodes-base.code","nodeName":"Code","nodeId":"6f471532-00f1-404d-8dd0-7a1129fd644a"}}
{"__type":"$$EventMessageConfirm","confirm":"729e3406-a3f3-4f57-ad07-e148d2cfb705","ts":"2025-07-06T11:25:59.834-04:00","source":{"id":"0","name":"eventBus"}}
{"__type":"$$EventMessageNode","id":"84c45224-913e-405b-9f72-baa5e2e2ac47","ts":"2025-07-06T11:25:59.834-04:00","eventName":"n8n.node.started","message":"n8n.node.started","payload":{"workflowId":"Wrl2vxBGjxVylcY1","workflowName":"My workflow","executionId":"17","nodeType":"n8n-nodes-base.executeCommand","nodeName":"Execute Command","nodeId":"0b10da04-2806-4f86-98ca-a516b49627ed"}}
{"__type":"$$EventMessageConfirm","confirm":"84c45224-913e-405b-9f72-baa5e2e2ac47","ts":"2025-07-06T11:25:59.834-04:00","source":{"id":"0","name":"eventBus"}}
{"__type":"$$EventMessageNode","id":"9fb7ca3d-1855-492d-adbc-0b36e03e15ca","ts":"2025-07-06T11:26:15.932-04:00","eventName":"n8n.node.finished","message":"n8n.node.finished","payload":{"workflowId":"Wrl2vxBGjxVylcY1","workflowName":"My workflow","executionId":"17","nodeType":"n8n-nodes-base.executeCommand","nodeName":"Execute Command","nodeId":"0b10da04-2806-4f86-98ca-a516b49627ed"}}
{"__type":"$$EventMessageConfirm","confirm":"9fb7ca3d-1855-492d-adbc-0b36e03e15ca","ts":"2025-07-06T11:26:15.932-04:00","source":{"id":"0","name":"eventBus"}}
{"__type":"$$EventMessageNode","id":"138ce70e-4d6b-4820-8de7-52edb3b96840","ts":"2025-07-06T11:26:15.932-04:00","eventName":"n8n.node.started","message":"n8n.node.started","payload":{"workflowId":"Wrl2vxBGjxVylcY1","workflowName":"My workflow","executionId":"17","nodeType":"n8n-nodes-base.httpRequest","nodeName":"HTTP Request","nodeId":"e9955f9b-1b33-4709-884f-be7e5f94d5da"}}
{"__type":"$$EventMessageConfirm","confirm":"138ce70e-4d6b-4820-8de7-52edb3b96840","ts":"2025-07-06T11:26:15.932-04:00","source":{"id":"0","name":"eventBus"}}
{"__type":"$$EventMessageNode","id":"e5e16399-7545-44ba-a1f2-e9ecc774be5f","ts":"2025-07-06T11:26:15.934-04:00","eventName":"n8n.node.finished","message":"n8n.node.finished","payload":{"workflowId":"Wrl2vxBGjxVylcY1","workflowName":"My workflow","executionId":"17","nodeType":"n8n-nodes-base.httpRequest","nodeName":"HTTP Request","nodeId":"e9955f9b-1b33-4709-884f-be7e5f94d5da"}}
{"__type":"$$EventMessageConfirm","confirm":"e5e16399-7545-44ba-a1f2-e9ecc774be5f","ts":"2025-07-06T11:26:15.934-04:00","source":{"id":"0","name":"eventBus"}}
{"__type":"$$EventMessageWorkflow","id":"9fbd93dd-ad9c-4101-9462-11dfce8af38d","ts":"2025-07-06T11:26:15.934-04:00","eventName":"n8n.workflow.failed","message":"n8n.workflow.failed","payload":{"executionId":"17","success":false,"isManual":false,"workflowId":"Wrl2vxBGjxVylcY1","workflowName":"My workflow","lastNodeExecuted":"HTTP Request","errorMessage":"Referenced node doesn't exist"}}
{"__type":"$$EventMessageConfirm","confirm":"9fbd93dd-ad9c-4101-9462-11dfce8af38d","ts":"2025-07-06T11:26:15.934-04:00","source":{"id":"0","name":"eventBus"}}
{"__type":"$$EventMessageAudit","id":"9f9e612b-1d27-46bb-a99c-fa4f396dcc62","ts":"2025-07-06T11:29:53.601-04:00","eventName":"n8n.audit.workflow.updated","message":"n8n.audit.workflow.updated","payload":{"userId":"166b4f68-702c-47b0-ac09-a36fb82141d6","_email":"a_murooka@japan-agi.com","_firstName":"Bonjin","_lastName":"OyaZ","globalRole":"global:owner","workflowId":"Wrl2vxBGjxVylcY1","workflowName":"My workflow"}}
{"__type":"$$EventMessageConfirm","confirm":"9f9e612b-1d27-46bb-a99c-fa4f396dcc62","ts":"2025-07-06T11:29:53.601-04:00","source":{"id":"0","name":"eventBus"}}
{"__type":"$$EventMessageWorkflow","id":"c138ea35-d578-48a7-b4db-1cf5883f2639","ts":"2025-07-06T11:30:10.191-04:00","eventName":"n8n.workflow.started","message":"n8n.workflow.started","payload":{"executionId":"18","workflowId":"Wrl2vxBGjxVylcY1","isManual":false,"workflowName":"My workflow"}}
{"__type":"$$EventMessageConfirm","confirm":"c138ea35-d578-48a7-b4db-1cf5883f2639","ts":"2025-07-06T11:30:10.191-04:00","source":{"id":"0","name":"eventBus"}}
{"__type":"$$EventMessageNode","id":"c40f5e23-6f56-44ed-b9a8-a69dd49a1ac0","ts":"2025-07-06T11:30:10.192-04:00","eventName":"n8n.node.started","message":"n8n.node.started","payload":{"workflowId":"Wrl2vxBGjxVylcY1","workflowName":"My workflow","executionId":"18","nodeType":"n8n-nodes-base.webhook","nodeName":"Webhook-POST","nodeId":"b6c443f9-c5cc-4b9a-b172-3403a0005da2"}}
{"__type":"$$EventMessageConfirm","confirm":"c40f5e23-6f56-44ed-b9a8-a69dd49a1ac0","ts":"2025-07-06T11:30:10.192-04:00","source":{"id":"0","name":"eventBus"}}
{"__type":"$$EventMessageNode","id":"fc2a1244-6fd7-4083-bc05-2f39c4d4140a","ts":"2025-07-06T11:30:10.192-04:00","eventName":"n8n.node.finished","message":"n8n.node.finished","payload":{"workflowId":"Wrl2vxBGjxVylcY1","workflowName":"My workflow","executionId":"18","nodeType":"n8n-nodes-base.webhook","nodeName":"Webhook-POST","nodeId":"b6c443f9-c5cc-4b9a-b172-3403a0005da2"}}
{"__type":"$$EventMessageConfirm","confirm":"fc2a1244-6fd7-4083-bc05-2f39c4d4140a","ts":"2025-07-06T11:30:10.192-04:00","source":{"id":"0","name":"eventBus"}}
{"__type":"$$EventMessageNode","id":"7672aff3-53e5-496f-80f5-0946aa57f61b","ts":"2025-07-06T11:30:10.192-04:00","eventName":"n8n.node.started","message":"n8n.node.started","payload":{"workflowId":"Wrl2vxBGjxVylcY1","workflowName":"My workflow","executionId":"18","nodeType":"n8n-nodes-base.code","nodeName":"Code","nodeId":"6f471532-00f1-404d-8dd0-7a1129fd644a"}}
{"__type":"$$EventMessageConfirm","confirm":"7672aff3-53e5-496f-80f5-0946aa57f61b","ts":"2025-07-06T11:30:10.192-04:00","source":{"id":"0","name":"eventBus"}}
{"__type":"$$EventMessageNode","id":"fe0abe03-0922-416c-9595-b897ceb3e520","ts":"2025-07-06T11:30:10.199-04:00","eventName":"n8n.node.finished","message":"n8n.node.finished","payload":{"workflowId":"Wrl2vxBGjxVylcY1","workflowName":"My workflow","executionId":"18","nodeType":"n8n-nodes-base.code","nodeName":"Code","nodeId":"6f471532-00f1-404d-8dd0-7a1129fd644a"}}
{"__type":"$$EventMessageConfirm","confirm":"fe0abe03-0922-416c-9595-b897ceb3e520","ts":"2025-07-06T11:30:10.199-04:00","source":{"id":"0","name":"eventBus"}}
{"__type":"$$EventMessageNode","id":"9afe7bd0-e748-4486-beb1-9b972cc128e2","ts":"2025-07-06T11:30:10.199-04:00","eventName":"n8n.node.started","message":"n8n.node.started","payload":{"workflowId":"Wrl2vxBGjxVylcY1","workflowName":"My workflow","executionId":"18","nodeType":"n8n-nodes-base.executeCommand","nodeName":"Execute Command","nodeId":"0b10da04-2806-4f86-98ca-a516b49627ed"}}
{"__type":"$$EventMessageConfirm","confirm":"9afe7bd0-e748-4486-beb1-9b972cc128e2","ts":"2025-07-06T11:30:10.199-04:00","source":{"id":"0","name":"eventBus"}}
{"__type":"$$EventMessageNode","id":"0439c72e-15e2-44dd-9f31-72668e1a13b4","ts":"2025-07-06T11:30:25.895-04:00","eventName":"n8n.node.finished","message":"n8n.node.finished","payload":{"workflowId":"Wrl2vxBGjxVylcY1","workflowName":"My workflow","executionId":"18","nodeType":"n8n-nodes-base.executeCommand","nodeName":"Execute Command","nodeId":"0b10da04-2806-4f86-98ca-a516b49627ed"}}
{"__type":"$$EventMessageConfirm","confirm":"0439c72e-15e2-44dd-9f31-72668e1a13b4","ts":"2025-07-06T11:30:25.895-04:00","source":{"id":"0","name":"eventBus"}}
{"__type":"$$EventMessageNode","id":"1b0c27a8-f3f7-4774-92bf-dfb5a5d36cbd","ts":"2025-07-06T11:30:25.896-04:00","eventName":"n8n.node.started","message":"n8n.node.started","payload":{"workflowId":"Wrl2vxBGjxVylcY1","workflowName":"My workflow","executionId":"18","nodeType":"n8n-nodes-base.httpRequest","nodeName":"HTTP Request","nodeId":"e9955f9b-1b33-4709-884f-be7e5f94d5da"}}
{"__type":"$$EventMessageConfirm","confirm":"1b0c27a8-f3f7-4774-92bf-dfb5a5d36cbd","ts":"2025-07-06T11:30:25.896-04:00","source":{"id":"0","name":"eventBus"}}
{"__type":"$$EventMessageNode","id":"4c444709-0d02-4d3d-9057-7ef398f230e9","ts":"2025-07-06T11:30:26.087-04:00","eventName":"n8n.node.finished","message":"n8n.node.finished","payload":{"workflowId":"Wrl2vxBGjxVylcY1","workflowName":"My workflow","executionId":"18","nodeType":"n8n-nodes-base.httpRequest","nodeName":"HTTP Request","nodeId":"e9955f9b-1b33-4709-884f-be7e5f94d5da"}}
{"__type":"$$EventMessageConfirm","confirm":"4c444709-0d02-4d3d-9057-7ef398f230e9","ts":"2025-07-06T11:30:26.088-04:00","source":{"id":"0","name":"eventBus"}}
{"__type":"$$EventMessageWorkflow","id":"4ce2cfc0-79fe-4a66-b7b4-6629ad8f2158","ts":"2025-07-06T11:30:26.088-04:00","eventName":"n8n.workflow.failed","message":"n8n.workflow.failed","payload":{"executionId":"18","success":false,"isManual":false,"workflowId":"Wrl2vxBGjxVylcY1","workflowName":"My workflow","lastNodeExecuted":"HTTP Request","errorNodeType":"n8n-nodes-base.httpRequest","errorMessage":"Authorization failed - please check your credentials"}}
{"__type":"$$EventMessageConfirm","confirm":"4ce2cfc0-79fe-4a66-b7b4-6629ad8f2158","ts":"2025-07-06T11:30:26.088-04:00","source":{"id":"0","name":"eventBus"}}
{"__type":"$$EventMessageWorkflow","id":"d1fb2ee8-629a-4b4b-a4c5-02a1b0ddff5c","ts":"2025-07-06T11:40:00.352-04:00","eventName":"n8n.workflow.started","message":"n8n.workflow.started","payload":{"executionId":"19","workflowId":"Wrl2vxBGjxVylcY1","isManual":false,"workflowName":"My workflow"}}
{"__type":"$$EventMessageConfirm","confirm":"d1fb2ee8-629a-4b4b-a4c5-02a1b0ddff5c","ts":"2025-07-06T11:40:00.352-04:00","source":{"id":"0","name":"eventBus"}}
{"__type":"$$EventMessageNode","id":"cae537d2-32ed-43e1-a080-ec812645ec1f","ts":"2025-07-06T11:40:00.352-04:00","eventName":"n8n.node.started","message":"n8n.node.started","payload":{"workflowId":"Wrl2vxBGjxVylcY1","workflowName":"My workflow","executionId":"19","nodeType":"n8n-nodes-base.webhook","nodeName":"Webhook-POST","nodeId":"b6c443f9-c5cc-4b9a-b172-3403a0005da2"}}
{"__type":"$$EventMessageConfirm","confirm":"cae537d2-32ed-43e1-a080-ec812645ec1f","ts":"2025-07-06T11:40:00.352-04:00","source":{"id":"0","name":"eventBus"}}
{"__type":"$$EventMessageNode","id":"be7eab33-65b7-4bab-af27-54df2a7f47d7","ts":"2025-07-06T11:40:00.352-04:00","eventName":"n8n.node.finished","message":"n8n.node.finished","payload":{"workflowId":"Wrl2vxBGjxVylcY1","workflowName":"My workflow","executionId":"19","nodeType":"n8n-nodes-base.webhook","nodeName":"Webhook-POST","nodeId":"b6c443f9-c5cc-4b9a-b172-3403a0005da2"}}
{"__type":"$$EventMessageConfirm","confirm":"be7eab33-65b7-4bab-af27-54df2a7f47d7","ts":"2025-07-06T11:40:00.352-04:00","source":{"id":"0","name":"eventBus"}}
{"__type":"$$EventMessageNode","id":"e1610a14-f24c-401d-ac82-57d8ae6f68a2","ts":"2025-07-06T11:40:00.353-04:00","eventName":"n8n.node.started","message":"n8n.node.started","payload":{"workflowId":"Wrl2vxBGjxVylcY1","workflowName":"My workflow","executionId":"19","nodeType":"n8n-nodes-base.code","nodeName":"Code","nodeId":"6f471532-00f1-404d-8dd0-7a1129fd644a"}}
{"__type":"$$EventMessageConfirm","confirm":"e1610a14-f24c-401d-ac82-57d8ae6f68a2","ts":"2025-07-06T11:40:00.353-04:00","source":{"id":"0","name":"eventBus"}}
{"__type":"$$EventMessageNode","id":"57a623b5-c38d-4d0c-a3a6-9dceb4707dce","ts":"2025-07-06T11:40:00.359-04:00","eventName":"n8n.node.finished","message":"n8n.node.finished","payload":{"workflowId":"Wrl2vxBGjxVylcY1","workflowName":"My workflow","executionId":"19","nodeType":"n8n-nodes-base.code","nodeName":"Code","nodeId":"6f471532-00f1-404d-8dd0-7a1129fd644a"}}
{"__type":"$$EventMessageConfirm","confirm":"57a623b5-c38d-4d0c-a3a6-9dceb4707dce","ts":"2025-07-06T11:40:00.359-04:00","source":{"id":"0","name":"eventBus"}}
{"__type":"$$EventMessageNode","id":"3b68fefc-1145-40d8-a369-7d639e441401","ts":"2025-07-06T11:40:00.359-04:00","eventName":"n8n.node.started","message":"n8n.node.started","payload":{"workflowId":"Wrl2vxBGjxVylcY1","workflowName":"My workflow","executionId":"19","nodeType":"n8n-nodes-base.executeCommand","nodeName":"Execute Command","nodeId":"0b10da04-2806-4f86-98ca-a516b49627ed"}}
{"__type":"$$EventMessageConfirm","confirm":"3b68fefc-1145-40d8-a369-7d639e441401","ts":"2025-07-06T11:40:00.359-04:00","source":{"id":"0","name":"eventBus"}}
{"__type":"$$EventMessageNode","id":"4e09e3f2-2baf-49ef-8630-b340ea720d41","ts":"2025-07-06T11:40:16.882-04:00","eventName":"n8n.node.finished","message":"n8n.node.finished","payload":{"workflowId":"Wrl2vxBGjxVylcY1","workflowName":"My workflow","executionId":"19","nodeType":"n8n-nodes-base.executeCommand","nodeName":"Execute Command","nodeId":"0b10da04-2806-4f86-98ca-a516b49627ed"}}
{"__type":"$$EventMessageConfirm","confirm":"4e09e3f2-2baf-49ef-8630-b340ea720d41","ts":"2025-07-06T11:40:16.882-04:00","source":{"id":"0","name":"eventBus"}}
{"__type":"$$EventMessageNode","id":"543974ef-4a22-4091-9796-91f651b39022","ts":"2025-07-06T11:40:16.882-04:00","eventName":"n8n.node.started","message":"n8n.node.started","payload":{"workflowId":"Wrl2vxBGjxVylcY1","workflowName":"My workflow","executionId":"19","nodeType":"n8n-nodes-base.httpRequest","nodeName":"HTTP Request","nodeId":"e9955f9b-1b33-4709-884f-be7e5f94d5da"}}
{"__type":"$$EventMessageConfirm","confirm":"543974ef-4a22-4091-9796-91f651b39022","ts":"2025-07-06T11:40:16.882-04:00","source":{"id":"0","name":"eventBus"}}
{"__type":"$$EventMessageNode","id":"244a1e8c-9ef3-42bc-bb83-0a7fdf91dade","ts":"2025-07-06T11:40:17.118-04:00","eventName":"n8n.node.finished","message":"n8n.node.finished","payload":{"workflowId":"Wrl2vxBGjxVylcY1","workflowName":"My workflow","executionId":"19","nodeType":"n8n-nodes-base.httpRequest","nodeName":"HTTP Request","nodeId":"e9955f9b-1b33-4709-884f-be7e5f94d5da"}}
{"__type":"$$EventMessageConfirm","confirm":"244a1e8c-9ef3-42bc-bb83-0a7fdf91dade","ts":"2025-07-06T11:40:17.119-04:00","source":{"id":"0","name":"eventBus"}}
{"__type":"$$EventMessageWorkflow","id":"4387df08-f298-4d3d-9ca5-c6c23b1c9372","ts":"2025-07-06T11:40:17.121-04:00","eventName":"n8n.workflow.failed","message":"n8n.workflow.failed","payload":{"executionId":"19","success":false,"isManual":false,"workflowId":"Wrl2vxBGjxVylcY1","workflowName":"My workflow","lastNodeExecuted":"HTTP Request","errorNodeType":"n8n-nodes-base.httpRequest","errorMessage":"Authorization failed - please check your credentials"}}
{"__type":"$$EventMessageConfirm","confirm":"4387df08-f298-4d3d-9ca5-c6c23b1c9372","ts":"2025-07-06T11:40:17.122-04:00","source":{"id":"0","name":"eventBus"}}
{"__type":"$$EventMessageAudit","id":"2d542a66-c66f-4c5b-abaa-08ccf2f99906","ts":"2025-07-06T11:41:06.910-04:00","eventName":"n8n.audit.workflow.updated","message":"n8n.audit.workflow.updated","payload":{"userId":"166b4f68-702c-47b0-ac09-a36fb82141d6","_email":"a_murooka@japan-agi.com","_firstName":"Bonjin","_lastName":"OyaZ","globalRole":"global:owner","workflowId":"Wrl2vxBGjxVylcY1","workflowName":"My workflow"}}
{"__type":"$$EventMessageConfirm","confirm":"2d542a66-c66f-4c5b-abaa-08ccf2f99906","ts":"2025-07-06T11:41:06.910-04:00","source":{"id":"0","name":"eventBus"}}
{"__type":"$$EventMessageWorkflow","id":"0b28bcd4-e9e1-4181-b062-9ab4a1e4c49d","ts":"2025-07-06T11:41:14.682-04:00","eventName":"n8n.workflow.started","message":"n8n.workflow.started","payload":{"executionId":"20","workflowId":"Wrl2vxBGjxVylcY1","isManual":false,"workflowName":"My workflow"}}
{"__type":"$$EventMessageConfirm","confirm":"0b28bcd4-e9e1-4181-b062-9ab4a1e4c49d","ts":"2025-07-06T11:41:14.682-04:00","source":{"id":"0","name":"eventBus"}}
{"__type":"$$EventMessageNode","id":"16cca140-27f6-436d-ab1a-967c5000f7de","ts":"2025-07-06T11:41:14.683-04:00","eventName":"n8n.node.started","message":"n8n.node.started","payload":{"workflowId":"Wrl2vxBGjxVylcY1","workflowName":"My workflow","executionId":"20","nodeType":"n8n-nodes-base.webhook","nodeName":"Webhook-POST","nodeId":"b6c443f9-c5cc-4b9a-b172-3403a0005da2"}}
{"__type":"$$EventMessageConfirm","confirm":"16cca140-27f6-436d-ab1a-967c5000f7de","ts":"2025-07-06T11:41:14.683-04:00","source":{"id":"0","name":"eventBus"}}
{"__type":"$$EventMessageNode","id":"3183aa50-d84e-42a1-a8ce-45661ac4f609","ts":"2025-07-06T11:41:14.683-04:00","eventName":"n8n.node.finished","message":"n8n.node.finished","payload":{"workflowId":"Wrl2vxBGjxVylcY1","workflowName":"My workflow","executionId":"20","nodeType":"n8n-nodes-base.webhook","nodeName":"Webhook-POST","nodeId":"b6c443f9-c5cc-4b9a-b172-3403a0005da2"}}
{"__type":"$$EventMessageConfirm","confirm":"3183aa50-d84e-42a1-a8ce-45661ac4f609","ts":"2025-07-06T11:41:14.683-04:00","source":{"id":"0","name":"eventBus"}}
{"__type":"$$EventMessageNode","id":"99b98d54-0c1e-4b3e-93c3-1a732427ba53","ts":"2025-07-06T11:41:14.683-04:00","eventName":"n8n.node.started","message":"n8n.node.started","payload":{"workflowId":"Wrl2vxBGjxVylcY1","workflowName":"My workflow","executionId":"20","nodeType":"n8n-nodes-base.code","nodeName":"Code","nodeId":"6f471532-00f1-404d-8dd0-7a1129fd644a"}}
{"__type":"$$EventMessageConfirm","confirm":"99b98d54-0c1e-4b3e-93c3-1a732427ba53","ts":"2025-07-06T11:41:14.683-04:00","source":{"id":"0","name":"eventBus"}}
{"__type":"$$EventMessageNode","id":"93fd2411-d782-436c-bf8d-43764d7056c4","ts":"2025-07-06T11:41:14.688-04:00","eventName":"n8n.node.finished","message":"n8n.node.finished","payload":{"workflowId":"Wrl2vxBGjxVylcY1","workflowName":"My workflow","executionId":"20","nodeType":"n8n-nodes-base.code","nodeName":"Code","nodeId":"6f471532-00f1-404d-8dd0-7a1129fd644a"}}
{"__type":"$$EventMessageConfirm","confirm":"93fd2411-d782-436c-bf8d-43764d7056c4","ts":"2025-07-06T11:41:14.688-04:00","source":{"id":"0","name":"eventBus"}}
{"__type":"$$EventMessageNode","id":"1c60b6db-0f32-4485-adeb-ec9d41bff25d","ts":"2025-07-06T11:41:14.688-04:00","eventName":"n8n.node.started","message":"n8n.node.started","payload":{"workflowId":"Wrl2vxBGjxVylcY1","workflowName":"My workflow","executionId":"20","nodeType":"n8n-nodes-base.executeCommand","nodeName":"Execute Command","nodeId":"0b10da04-2806-4f86-98ca-a516b49627ed"}}
{"__type":"$$EventMessageConfirm","confirm":"1c60b6db-0f32-4485-adeb-ec9d41bff25d","ts":"2025-07-06T11:41:14.688-04:00","source":{"id":"0","name":"eventBus"}}
{"__type":"$$EventMessageNode","id":"55cc4ab7-0ad6-4f4e-8ba9-1602c28846f3","ts":"2025-07-06T11:41:51.507-04:00","eventName":"n8n.node.finished","message":"n8n.node.finished","payload":{"workflowId":"Wrl2vxBGjxVylcY1","workflowName":"My workflow","executionId":"20","nodeType":"n8n-nodes-base.executeCommand","nodeName":"Execute Command","nodeId":"0b10da04-2806-4f86-98ca-a516b49627ed"}}
{"__type":"$$EventMessageConfirm","confirm":"55cc4ab7-0ad6-4f4e-8ba9-1602c28846f3","ts":"2025-07-06T11:41:51.508-04:00","source":{"id":"0","name":"eventBus"}}
{"__type":"$$EventMessageNode","id":"cbaa61b5-8111-40fe-87e2-c356d3637378","ts":"2025-07-06T11:41:51.508-04:00","eventName":"n8n.node.started","message":"n8n.node.started","payload":{"workflowId":"Wrl2vxBGjxVylcY1","workflowName":"My workflow","executionId":"20","nodeType":"n8n-nodes-base.httpRequest","nodeName":"HTTP Request","nodeId":"e9955f9b-1b33-4709-884f-be7e5f94d5da"}}
{"__type":"$$EventMessageConfirm","confirm":"cbaa61b5-8111-40fe-87e2-c356d3637378","ts":"2025-07-06T11:41:51.508-04:00","source":{"id":"0","name":"eventBus"}}
{"__type":"$$EventMessageNode","id":"4b4ad55b-e927-4caf-a983-8b36a668f274","ts":"2025-07-06T11:41:51.612-04:00","eventName":"n8n.node.finished","message":"n8n.node.finished","payload":{"workflowId":"Wrl2vxBGjxVylcY1","workflowName":"My workflow","executionId":"20","nodeType":"n8n-nodes-base.httpRequest","nodeName":"HTTP Request","nodeId":"e9955f9b-1b33-4709-884f-be7e5f94d5da"}}
{"__type":"$$EventMessageConfirm","confirm":"4b4ad55b-e927-4caf-a983-8b36a668f274","ts":"2025-07-06T11:41:51.613-04:00","source":{"id":"0","name":"eventBus"}}
{"__type":"$$EventMessageWorkflow","id":"2ace0320-25bf-4514-a0ec-bfd5738e0f73","ts":"2025-07-06T11:41:51.614-04:00","eventName":"n8n.workflow.success","message":"n8n.workflow.success","payload":{"executionId":"20","success":true,"isManual":false,"workflowId":"Wrl2vxBGjxVylcY1","workflowName":"My workflow"}}
{"__type":"$$EventMessageConfirm","confirm":"2ace0320-25bf-4514-a0ec-bfd5738e0f73","ts":"2025-07-06T11:41:51.614-04:00","source":{"id":"0","name":"eventBus"}}
{"__type":"$$EventMessageWorkflow","id":"9a30590b-0358-4e4c-828e-23e708bb210c","ts":"2025-07-06T11:48:52.914-04:00","eventName":"n8n.workflow.started","message":"n8n.workflow.started","payload":{"executionId":"21","workflowId":"Wrl2vxBGjxVylcY1","isManual":false,"workflowName":"My workflow"}}
{"__type":"$$EventMessageConfirm","confirm":"9a30590b-0358-4e4c-828e-23e708bb210c","ts":"2025-07-06T11:48:52.914-04:00","source":{"id":"0","name":"eventBus"}}
{"__type":"$$EventMessageNode","id":"c545495b-0f5b-48e6-b70e-db33d2b85666","ts":"2025-07-06T11:48:52.914-04:00","eventName":"n8n.node.started","message":"n8n.node.started","payload":{"workflowId":"Wrl2vxBGjxVylcY1","workflowName":"My workflow","executionId":"21","nodeType":"n8n-nodes-base.webhook","nodeName":"Webhook-POST","nodeId":"b6c443f9-c5cc-4b9a-b172-3403a0005da2"}}
{"__type":"$$EventMessageConfirm","confirm":"c545495b-0f5b-48e6-b70e-db33d2b85666","ts":"2025-07-06T11:48:52.914-04:00","source":{"id":"0","name":"eventBus"}}
{"__type":"$$EventMessageNode","id":"7d48ccbd-2f2d-4c23-b20f-15ce75e7a4d3","ts":"2025-07-06T11:48:52.914-04:00","eventName":"n8n.node.finished","message":"n8n.node.finished","payload":{"workflowId":"Wrl2vxBGjxVylcY1","workflowName":"My workflow","executionId":"21","nodeType":"n8n-nodes-base.webhook","nodeName":"Webhook-POST","nodeId":"b6c443f9-c5cc-4b9a-b172-3403a0005da2"}}
{"__type":"$$EventMessageConfirm","confirm":"7d48ccbd-2f2d-4c23-b20f-15ce75e7a4d3","ts":"2025-07-06T11:48:52.914-04:00","source":{"id":"0","name":"eventBus"}}
{"__type":"$$EventMessageNode","id":"92d31a5b-2012-49ae-bb0b-227ea71ff6ec","ts":"2025-07-06T11:48:52.914-04:00","eventName":"n8n.node.started","message":"n8n.node.started","payload":{"workflowId":"Wrl2vxBGjxVylcY1","workflowName":"My workflow","executionId":"21","nodeType":"n8n-nodes-base.code","nodeName":"Code","nodeId":"6f471532-00f1-404d-8dd0-7a1129fd644a"}}
{"__type":"$$EventMessageConfirm","confirm":"92d31a5b-2012-49ae-bb0b-227ea71ff6ec","ts":"2025-07-06T11:48:52.915-04:00","source":{"id":"0","name":"eventBus"}}
{"__type":"$$EventMessageNode","id":"381b26da-04ee-44db-a2be-dc33f295beb7","ts":"2025-07-06T11:48:52.920-04:00","eventName":"n8n.node.finished","message":"n8n.node.finished","payload":{"workflowId":"Wrl2vxBGjxVylcY1","workflowName":"My workflow","executionId":"21","nodeType":"n8n-nodes-base.code","nodeName":"Code","nodeId":"6f471532-00f1-404d-8dd0-7a1129fd644a"}}
{"__type":"$$EventMessageConfirm","confirm":"381b26da-04ee-44db-a2be-dc33f295beb7","ts":"2025-07-06T11:48:52.920-04:00","source":{"id":"0","name":"eventBus"}}
{"__type":"$$EventMessageNode","id":"b46b0867-9820-4363-ac4c-70457931ab69","ts":"2025-07-06T11:48:52.920-04:00","eventName":"n8n.node.started","message":"n8n.node.started","payload":{"workflowId":"Wrl2vxBGjxVylcY1","workflowName":"My workflow","executionId":"21","nodeType":"n8n-nodes-base.executeCommand","nodeName":"Execute Command","nodeId":"0b10da04-2806-4f86-98ca-a516b49627ed"}}
{"__type":"$$EventMessageConfirm","confirm":"b46b0867-9820-4363-ac4c-70457931ab69","ts":"2025-07-06T11:48:52.920-04:00","source":{"id":"0","name":"eventBus"}}
{"__type":"$$EventMessageNode","id":"ee4d89ce-d75d-4f8c-a59d-4863192e33ac","ts":"2025-07-06T11:49:13.515-04:00","eventName":"n8n.node.finished","message":"n8n.node.finished","payload":{"workflowId":"Wrl2vxBGjxVylcY1","workflowName":"My workflow","executionId":"21","nodeType":"n8n-nodes-base.executeCommand","nodeName":"Execute Command","nodeId":"0b10da04-2806-4f86-98ca-a516b49627ed"}}
{"__type":"$$EventMessageConfirm","confirm":"ee4d89ce-d75d-4f8c-a59d-4863192e33ac","ts":"2025-07-06T11:49:13.515-04:00","source":{"id":"0","name":"eventBus"}}
{"__type":"$$EventMessageNode","id":"aa743751-b25b-488d-b244-d2495990d240","ts":"2025-07-06T11:49:13.515-04:00","eventName":"n8n.node.started","message":"n8n.node.started","payload":{"workflowId":"Wrl2vxBGjxVylcY1","workflowName":"My workflow","executionId":"21","nodeType":"n8n-nodes-base.httpRequest","nodeName":"HTTP Request","nodeId":"e9955f9b-1b33-4709-884f-be7e5f94d5da"}}
{"__type":"$$EventMessageConfirm","confirm":"aa743751-b25b-488d-b244-d2495990d240","ts":"2025-07-06T11:49:13.515-04:00","source":{"id":"0","name":"eventBus"}}
{"__type":"$$EventMessageNode","id":"b1cffc78-71e0-4566-b9a7-cf1bdef25bfa","ts":"2025-07-06T11:49:13.655-04:00","eventName":"n8n.node.finished","message":"n8n.node.finished","payload":{"workflowId":"Wrl2vxBGjxVylcY1","workflowName":"My workflow","executionId":"21","nodeType":"n8n-nodes-base.httpRequest","nodeName":"HTTP Request","nodeId":"e9955f9b-1b33-4709-884f-be7e5f94d5da"}}
{"__type":"$$EventMessageConfirm","confirm":"b1cffc78-71e0-4566-b9a7-cf1bdef25bfa","ts":"2025-07-06T11:49:13.656-04:00","source":{"id":"0","name":"eventBus"}}
{"__type":"$$EventMessageWorkflow","id":"7eec9e0b-7d10-4f05-bfd4-ea21d7f3e6d9","ts":"2025-07-06T11:49:13.656-04:00","eventName":"n8n.workflow.success","message":"n8n.workflow.success","payload":{"executionId":"21","success":true,"isManual":false,"workflowId":"Wrl2vxBGjxVylcY1","workflowName":"My workflow"}}
{"__type":"$$EventMessageConfirm","confirm":"7eec9e0b-7d10-4f05-bfd4-ea21d7f3e6d9","ts":"2025-07-06T11:49:13.656-04:00","source":{"id":"0","name":"eventBus"}}
{"__type":"$$EventMessageWorkflow","id":"4790604c-0ff1-4406-b441-f4c4103b70d0","ts":"2025-07-06T11:49:59.536-04:00","eventName":"n8n.workflow.started","message":"n8n.workflow.started","payload":{"executionId":"22","workflowId":"Wrl2vxBGjxVylcY1","isManual":false,"workflowName":"My workflow"}}
{"__type":"$$EventMessageConfirm","confirm":"4790604c-0ff1-4406-b441-f4c4103b70d0","ts":"2025-07-06T11:49:59.536-04:00","source":{"id":"0","name":"eventBus"}}
{"__type":"$$EventMessageNode","id":"beda952e-16d5-48d0-8ef3-9236c645b458","ts":"2025-07-06T11:49:59.537-04:00","eventName":"n8n.node.started","message":"n8n.node.started","payload":{"workflowId":"Wrl2vxBGjxVylcY1","workflowName":"My workflow","executionId":"22","nodeType":"n8n-nodes-base.webhook","nodeName":"Webhook-POST","nodeId":"b6c443f9-c5cc-4b9a-b172-3403a0005da2"}}
{"__type":"$$EventMessageConfirm","confirm":"beda952e-16d5-48d0-8ef3-9236c645b458","ts":"2025-07-06T11:49:59.537-04:00","source":{"id":"0","name":"eventBus"}}
{"__type":"$$EventMessageNode","id":"7c3e6e2b-cbe1-45ec-a3f9-0ff2a64d5f63","ts":"2025-07-06T11:49:59.537-04:00","eventName":"n8n.node.finished","message":"n8n.node.finished","payload":{"workflowId":"Wrl2vxBGjxVylcY1","workflowName":"My workflow","executionId":"22","nodeType":"n8n-nodes-base.webhook","nodeName":"Webhook-POST","nodeId":"b6c443f9-c5cc-4b9a-b172-3403a0005da2"}}
{"__type":"$$EventMessageConfirm","confirm":"7c3e6e2b-cbe1-45ec-a3f9-0ff2a64d5f63","ts":"2025-07-06T11:49:59.537-04:00","source":{"id":"0","name":"eventBus"}}
{"__type":"$$EventMessageNode","id":"e57fa8c5-18d4-4a31-9af1-6f7db5705446","ts":"2025-07-06T11:49:59.537-04:00","eventName":"n8n.node.started","message":"n8n.node.started","payload":{"workflowId":"Wrl2vxBGjxVylcY1","workflowName":"My workflow","executionId":"22","nodeType":"n8n-nodes-base.code","nodeName":"Code","nodeId":"6f471532-00f1-404d-8dd0-7a1129fd644a"}}
{"__type":"$$EventMessageConfirm","confirm":"e57fa8c5-18d4-4a31-9af1-6f7db5705446","ts":"2025-07-06T11:49:59.537-04:00","source":{"id":"0","name":"eventBus"}}
{"__type":"$$EventMessageNode","id":"96bb0945-8eac-4d1a-ad34-1864a8c005b8","ts":"2025-07-06T11:49:59.542-04:00","eventName":"n8n.node.finished","message":"n8n.node.finished","payload":{"workflowId":"Wrl2vxBGjxVylcY1","workflowName":"My workflow","executionId":"22","nodeType":"n8n-nodes-base.code","nodeName":"Code","nodeId":"6f471532-00f1-404d-8dd0-7a1129fd644a"}}
{"__type":"$$EventMessageConfirm","confirm":"96bb0945-8eac-4d1a-ad34-1864a8c005b8","ts":"2025-07-06T11:49:59.542-04:00","source":{"id":"0","name":"eventBus"}}
{"__type":"$$EventMessageNode","id":"272d67af-ff33-4b8c-91be-010636baf6ae","ts":"2025-07-06T11:49:59.542-04:00","eventName":"n8n.node.started","message":"n8n.node.started","payload":{"workflowId":"Wrl2vxBGjxVylcY1","workflowName":"My workflow","executionId":"22","nodeType":"n8n-nodes-base.executeCommand","nodeName":"Execute Command","nodeId":"0b10da04-2806-4f86-98ca-a516b49627ed"}}
{"__type":"$$EventMessageConfirm","confirm":"272d67af-ff33-4b8c-91be-010636baf6ae","ts":"2025-07-06T11:49:59.542-04:00","source":{"id":"0","name":"eventBus"}}
{"__type":"$$EventMessageNode","id":"3f9cb9ef-46ed-49c4-9a33-3daed3c02c50","ts":"2025-07-06T11:50:18.167-04:00","eventName":"n8n.node.finished","message":"n8n.node.finished","payload":{"workflowId":"Wrl2vxBGjxVylcY1","workflowName":"My workflow","executionId":"22","nodeType":"n8n-nodes-base.executeCommand","nodeName":"Execute Command","nodeId":"0b10da04-2806-4f86-98ca-a516b49627ed"}}
{"__type":"$$EventMessageConfirm","confirm":"3f9cb9ef-46ed-49c4-9a33-3daed3c02c50","ts":"2025-07-06T11:50:18.168-04:00","source":{"id":"0","name":"eventBus"}}
{"__type":"$$EventMessageNode","id":"3fa211e0-79d6-4e20-851d-3a577254a5d3","ts":"2025-07-06T11:50:18.168-04:00","eventName":"n8n.node.started","message":"n8n.node.started","payload":{"workflowId":"Wrl2vxBGjxVylcY1","workflowName":"My workflow","executionId":"22","nodeType":"n8n-nodes-base.httpRequest","nodeName":"HTTP Request","nodeId":"e9955f9b-1b33-4709-884f-be7e5f94d5da"}}
{"__type":"$$EventMessageConfirm","confirm":"3fa211e0-79d6-4e20-851d-3a577254a5d3","ts":"2025-07-06T11:50:18.168-04:00","source":{"id":"0","name":"eventBus"}}
{"__type":"$$EventMessageNode","id":"76fac45a-5a4e-4aab-b0f9-7a93ac521317","ts":"2025-07-06T11:50:18.385-04:00","eventName":"n8n.node.finished","message":"n8n.node.finished","payload":{"workflowId":"Wrl2vxBGjxVylcY1","workflowName":"My workflow","executionId":"22","nodeType":"n8n-nodes-base.httpRequest","nodeName":"HTTP Request","nodeId":"e9955f9b-1b33-4709-884f-be7e5f94d5da"}}
{"__type":"$$EventMessageConfirm","confirm":"76fac45a-5a4e-4aab-b0f9-7a93ac521317","ts":"2025-07-06T11:50:18.385-04:00","source":{"id":"0","name":"eventBus"}}
{"__type":"$$EventMessageWorkflow","id":"f3d9ed1c-53c2-402d-8b36-30ddc046d7ee","ts":"2025-07-06T11:50:18.388-04:00","eventName":"n8n.workflow.failed","message":"n8n.workflow.failed","payload":{"executionId":"22","success":false,"isManual":false,"workflowId":"Wrl2vxBGjxVylcY1","workflowName":"My workflow","lastNodeExecuted":"HTTP Request","errorNodeType":"n8n-nodes-base.httpRequest","errorMessage":"Bad request - please check your parameters"}}
{"__type":"$$EventMessageConfirm","confirm":"f3d9ed1c-53c2-402d-8b36-30ddc046d7ee","ts":"2025-07-06T11:50:18.389-04:00","source":{"id":"0","name":"eventBus"}}
{"__type":"$$EventMessageAudit","id":"c69120bd-e2b7-4d66-b94e-082242c7e7e3","ts":"2025-07-06T12:01:27.593-04:00","eventName":"n8n.audit.workflow.updated","message":"n8n.audit.workflow.updated","payload":{"userId":"166b4f68-702c-47b0-ac09-a36fb82141d6","_email":"a_murooka@japan-agi.com","_firstName":"Bonjin","_lastName":"OyaZ","globalRole":"global:owner","workflowId":"Wrl2vxBGjxVylcY1","workflowName":"My workflow"}}
{"__type":"$$EventMessageConfirm","confirm":"c69120bd-e2b7-4d66-b94e-082242c7e7e3","ts":"2025-07-06T12:01:27.593-04:00","source":{"id":"0","name":"eventBus"}}
