{"__type":"$$EventMessageWorkflow","id":"90df9ff1-c4c7-449f-9e8d-1574fbf18ce7","ts":"2025-07-06T20:22:00.917-04:00","eventName":"n8n.workflow.started","message":"n8n.workflow.started","payload":{"executionId":"35","workflowId":"Wrl2vxBGjxVylcY1","isManual":false,"workflowName":"My workflow"}}
{"__type":"$$EventMessageConfirm","confirm":"90df9ff1-c4c7-449f-9e8d-1574fbf18ce7","ts":"2025-07-06T20:22:00.917-04:00","source":{"id":"0","name":"eventBus"}}
{"__type":"$$EventMessageNode","id":"fdfc1a99-db43-4a75-84bf-73abc94c0f4f","ts":"2025-07-06T20:22:00.919-04:00","eventName":"n8n.node.started","message":"n8n.node.started","payload":{"workflowId":"Wrl2vxBGjxVylcY1","workflowName":"My workflow","executionId":"35","nodeType":"n8n-nodes-base.webhook","nodeName":"Webhook-POST","nodeId":"b6c443f9-c5cc-4b9a-b172-3403a0005da2"}}
{"__type":"$$EventMessageConfirm","confirm":"fdfc1a99-db43-4a75-84bf-73abc94c0f4f","ts":"2025-07-06T20:22:00.919-04:00","source":{"id":"0","name":"eventBus"}}
{"__type":"$$EventMessageNode","id":"55b814bb-609f-4045-9af4-790edcf025ae","ts":"2025-07-06T20:22:00.922-04:00","eventName":"n8n.node.finished","message":"n8n.node.finished","payload":{"workflowId":"Wrl2vxBGjxVylcY1","workflowName":"My workflow","executionId":"35","nodeType":"n8n-nodes-base.webhook","nodeName":"Webhook-POST","nodeId":"b6c443f9-c5cc-4b9a-b172-3403a0005da2"}}
{"__type":"$$EventMessageConfirm","confirm":"55b814bb-609f-4045-9af4-790edcf025ae","ts":"2025-07-06T20:22:00.922-04:00","source":{"id":"0","name":"eventBus"}}
{"__type":"$$EventMessageNode","id":"477f0fe2-8ac5-4e61-bc9f-617ed2d179fc","ts":"2025-07-06T20:22:00.922-04:00","eventName":"n8n.node.started","message":"n8n.node.started","payload":{"workflowId":"Wrl2vxBGjxVylcY1","workflowName":"My workflow","executionId":"35","nodeType":"n8n-nodes-base.code","nodeName":"Code","nodeId":"6f471532-00f1-404d-8dd0-7a1129fd644a"}}
{"__type":"$$EventMessageConfirm","confirm":"477f0fe2-8ac5-4e61-bc9f-617ed2d179fc","ts":"2025-07-06T20:22:00.922-04:00","source":{"id":"0","name":"eventBus"}}
{"__type":"$$EventMessageNode","id":"b0763f04-f84c-41f0-aad6-6568edec3222","ts":"2025-07-06T20:22:00.943-04:00","eventName":"n8n.node.finished","message":"n8n.node.finished","payload":{"workflowId":"Wrl2vxBGjxVylcY1","workflowName":"My workflow","executionId":"35","nodeType":"n8n-nodes-base.code","nodeName":"Code","nodeId":"6f471532-00f1-404d-8dd0-7a1129fd644a"}}
{"__type":"$$EventMessageConfirm","confirm":"b0763f04-f84c-41f0-aad6-6568edec3222","ts":"2025-07-06T20:22:00.943-04:00","source":{"id":"0","name":"eventBus"}}
{"__type":"$$EventMessageNode","id":"7c00a2f1-31ca-46e0-ac70-7fcff4d052cd","ts":"2025-07-06T20:22:00.944-04:00","eventName":"n8n.node.started","message":"n8n.node.started","payload":{"workflowId":"Wrl2vxBGjxVylcY1","workflowName":"My workflow","executionId":"35","nodeType":"n8n-nodes-base.executeCommand","nodeName":"Execute Command","nodeId":"0b10da04-2806-4f86-98ca-a516b49627ed"}}
{"__type":"$$EventMessageConfirm","confirm":"7c00a2f1-31ca-46e0-ac70-7fcff4d052cd","ts":"2025-07-06T20:22:00.944-04:00","source":{"id":"0","name":"eventBus"}}
{"__type":"$$EventMessageNode","id":"06b06f65-99e2-4300-a98e-0e8557c38ea1","ts":"2025-07-06T20:22:22.828-04:00","eventName":"n8n.node.finished","message":"n8n.node.finished","payload":{"workflowId":"Wrl2vxBGjxVylcY1","workflowName":"My workflow","executionId":"35","nodeType":"n8n-nodes-base.executeCommand","nodeName":"Execute Command","nodeId":"0b10da04-2806-4f86-98ca-a516b49627ed"}}
{"__type":"$$EventMessageConfirm","confirm":"06b06f65-99e2-4300-a98e-0e8557c38ea1","ts":"2025-07-06T20:22:22.828-04:00","source":{"id":"0","name":"eventBus"}}
{"__type":"$$EventMessageNode","id":"2015b7a3-3d7a-4996-8373-baf680da543d","ts":"2025-07-06T20:22:22.828-04:00","eventName":"n8n.node.started","message":"n8n.node.started","payload":{"workflowId":"Wrl2vxBGjxVylcY1","workflowName":"My workflow","executionId":"35","nodeType":"n8n-nodes-base.httpRequest","nodeName":"HTTP Request","nodeId":"e9955f9b-1b33-4709-884f-be7e5f94d5da"}}
{"__type":"$$EventMessageConfirm","confirm":"2015b7a3-3d7a-4996-8373-baf680da543d","ts":"2025-07-06T20:22:22.828-04:00","source":{"id":"0","name":"eventBus"}}
{"__type":"$$EventMessageNode","id":"62957fd8-5fe7-4a80-a923-263721b18cce","ts":"2025-07-06T20:22:23.170-04:00","eventName":"n8n.node.finished","message":"n8n.node.finished","payload":{"workflowId":"Wrl2vxBGjxVylcY1","workflowName":"My workflow","executionId":"35","nodeType":"n8n-nodes-base.httpRequest","nodeName":"HTTP Request","nodeId":"e9955f9b-1b33-4709-884f-be7e5f94d5da"}}
{"__type":"$$EventMessageConfirm","confirm":"62957fd8-5fe7-4a80-a923-263721b18cce","ts":"2025-07-06T20:22:23.171-04:00","source":{"id":"0","name":"eventBus"}}
{"__type":"$$EventMessageWorkflow","id":"5202d16d-edf8-4537-84e2-ecb005ec733f","ts":"2025-07-06T20:22:23.172-04:00","eventName":"n8n.workflow.failed","message":"n8n.workflow.failed","payload":{"executionId":"35","success":false,"isManual":false,"workflowId":"Wrl2vxBGjxVylcY1","workflowName":"My workflow","lastNodeExecuted":"HTTP Request","errorNodeType":"n8n-nodes-base.httpRequest","errorMessage":"Bad request - please check your parameters"}}
{"__type":"$$EventMessageConfirm","confirm":"5202d16d-edf8-4537-84e2-ecb005ec733f","ts":"2025-07-06T20:22:23.172-04:00","source":{"id":"0","name":"eventBus"}}
{"__type":"$$EventMessageWorkflow","id":"e6149b94-b930-4a5d-a5e8-4a172c1d95a4","ts":"2025-07-06T20:22:29.780-04:00","eventName":"n8n.workflow.started","message":"n8n.workflow.started","payload":{"executionId":"36","workflowId":"Wrl2vxBGjxVylcY1","isManual":false,"workflowName":"My workflow"}}
{"__type":"$$EventMessageConfirm","confirm":"e6149b94-b930-4a5d-a5e8-4a172c1d95a4","ts":"2025-07-06T20:22:29.780-04:00","source":{"id":"0","name":"eventBus"}}
{"__type":"$$EventMessageNode","id":"a5442ab4-49a6-485a-abf2-01db40d81943","ts":"2025-07-06T20:22:29.780-04:00","eventName":"n8n.node.started","message":"n8n.node.started","payload":{"workflowId":"Wrl2vxBGjxVylcY1","workflowName":"My workflow","executionId":"36","nodeType":"n8n-nodes-base.webhook","nodeName":"Webhook-POST","nodeId":"b6c443f9-c5cc-4b9a-b172-3403a0005da2"}}
{"__type":"$$EventMessageConfirm","confirm":"a5442ab4-49a6-485a-abf2-01db40d81943","ts":"2025-07-06T20:22:29.780-04:00","source":{"id":"0","name":"eventBus"}}
{"__type":"$$EventMessageNode","id":"9468a50c-5499-41c6-855e-de22d908397b","ts":"2025-07-06T20:22:29.781-04:00","eventName":"n8n.node.finished","message":"n8n.node.finished","payload":{"workflowId":"Wrl2vxBGjxVylcY1","workflowName":"My workflow","executionId":"36","nodeType":"n8n-nodes-base.webhook","nodeName":"Webhook-POST","nodeId":"b6c443f9-c5cc-4b9a-b172-3403a0005da2"}}
{"__type":"$$EventMessageConfirm","confirm":"9468a50c-5499-41c6-855e-de22d908397b","ts":"2025-07-06T20:22:29.781-04:00","source":{"id":"0","name":"eventBus"}}
{"__type":"$$EventMessageNode","id":"2cceb79e-8508-4c51-9999-b1b3b86c8eb2","ts":"2025-07-06T20:22:29.781-04:00","eventName":"n8n.node.started","message":"n8n.node.started","payload":{"workflowId":"Wrl2vxBGjxVylcY1","workflowName":"My workflow","executionId":"36","nodeType":"n8n-nodes-base.code","nodeName":"Code","nodeId":"6f471532-00f1-404d-8dd0-7a1129fd644a"}}
{"__type":"$$EventMessageConfirm","confirm":"2cceb79e-8508-4c51-9999-b1b3b86c8eb2","ts":"2025-07-06T20:22:29.781-04:00","source":{"id":"0","name":"eventBus"}}
{"__type":"$$EventMessageNode","id":"5b479e00-1471-44d9-b5a4-e4a7fdb310d3","ts":"2025-07-06T20:22:29.786-04:00","eventName":"n8n.node.finished","message":"n8n.node.finished","payload":{"workflowId":"Wrl2vxBGjxVylcY1","workflowName":"My workflow","executionId":"36","nodeType":"n8n-nodes-base.code","nodeName":"Code","nodeId":"6f471532-00f1-404d-8dd0-7a1129fd644a"}}
{"__type":"$$EventMessageConfirm","confirm":"5b479e00-1471-44d9-b5a4-e4a7fdb310d3","ts":"2025-07-06T20:22:29.786-04:00","source":{"id":"0","name":"eventBus"}}
{"__type":"$$EventMessageNode","id":"0bf918d4-9e0a-4d60-a929-4541c7d09b5f","ts":"2025-07-06T20:22:29.786-04:00","eventName":"n8n.node.started","message":"n8n.node.started","payload":{"workflowId":"Wrl2vxBGjxVylcY1","workflowName":"My workflow","executionId":"36","nodeType":"n8n-nodes-base.executeCommand","nodeName":"Execute Command","nodeId":"0b10da04-2806-4f86-98ca-a516b49627ed"}}
{"__type":"$$EventMessageConfirm","confirm":"0bf918d4-9e0a-4d60-a929-4541c7d09b5f","ts":"2025-07-06T20:22:29.786-04:00","source":{"id":"0","name":"eventBus"}}
{"__type":"$$EventMessageNode","id":"9e4c93b6-98d2-4f52-852a-8796674d50a2","ts":"2025-07-06T20:22:47.513-04:00","eventName":"n8n.node.finished","message":"n8n.node.finished","payload":{"workflowId":"Wrl2vxBGjxVylcY1","workflowName":"My workflow","executionId":"36","nodeType":"n8n-nodes-base.executeCommand","nodeName":"Execute Command","nodeId":"0b10da04-2806-4f86-98ca-a516b49627ed"}}
{"__type":"$$EventMessageConfirm","confirm":"9e4c93b6-98d2-4f52-852a-8796674d50a2","ts":"2025-07-06T20:22:47.513-04:00","source":{"id":"0","name":"eventBus"}}
{"__type":"$$EventMessageNode","id":"21787c20-ceb5-4824-9ca0-63378227c7db","ts":"2025-07-06T20:22:47.514-04:00","eventName":"n8n.node.started","message":"n8n.node.started","payload":{"workflowId":"Wrl2vxBGjxVylcY1","workflowName":"My workflow","executionId":"36","nodeType":"n8n-nodes-base.httpRequest","nodeName":"HTTP Request","nodeId":"e9955f9b-1b33-4709-884f-be7e5f94d5da"}}
{"__type":"$$EventMessageConfirm","confirm":"21787c20-ceb5-4824-9ca0-63378227c7db","ts":"2025-07-06T20:22:47.514-04:00","source":{"id":"0","name":"eventBus"}}
{"__type":"$$EventMessageNode","id":"f9e6623a-20e8-4729-9834-c50a6a4dbd3b","ts":"2025-07-06T20:22:47.612-04:00","eventName":"n8n.node.finished","message":"n8n.node.finished","payload":{"workflowId":"Wrl2vxBGjxVylcY1","workflowName":"My workflow","executionId":"36","nodeType":"n8n-nodes-base.httpRequest","nodeName":"HTTP Request","nodeId":"e9955f9b-1b33-4709-884f-be7e5f94d5da"}}
{"__type":"$$EventMessageConfirm","confirm":"f9e6623a-20e8-4729-9834-c50a6a4dbd3b","ts":"2025-07-06T20:22:47.612-04:00","source":{"id":"0","name":"eventBus"}}
{"__type":"$$EventMessageWorkflow","id":"12b14ee3-1798-4abc-b2b2-400c54fe5188","ts":"2025-07-06T20:22:47.612-04:00","eventName":"n8n.workflow.success","message":"n8n.workflow.success","payload":{"executionId":"36","success":true,"isManual":false,"workflowId":"Wrl2vxBGjxVylcY1","workflowName":"My workflow"}}
{"__type":"$$EventMessageConfirm","confirm":"12b14ee3-1798-4abc-b2b2-400c54fe5188","ts":"2025-07-06T20:22:47.613-04:00","source":{"id":"0","name":"eventBus"}}
{"__type":"$$EventMessageWorkflow","id":"95fd8ab2-2c40-451c-ac7d-b4a6c8560bff","ts":"2025-07-06T23:31:14.758-04:00","eventName":"n8n.workflow.started","message":"n8n.workflow.started","payload":{"executionId":"37","workflowId":"Wrl2vxBGjxVylcY1","isManual":false,"workflowName":"My workflow"}}
{"__type":"$$EventMessageConfirm","confirm":"95fd8ab2-2c40-451c-ac7d-b4a6c8560bff","ts":"2025-07-06T23:31:14.759-04:00","source":{"id":"0","name":"eventBus"}}
{"__type":"$$EventMessageNode","id":"14ce7151-bc48-4fd9-a98f-8069113b7576","ts":"2025-07-06T23:31:14.759-04:00","eventName":"n8n.node.started","message":"n8n.node.started","payload":{"workflowId":"Wrl2vxBGjxVylcY1","workflowName":"My workflow","executionId":"37","nodeType":"n8n-nodes-base.webhook","nodeName":"Webhook-POST","nodeId":"b6c443f9-c5cc-4b9a-b172-3403a0005da2"}}
{"__type":"$$EventMessageConfirm","confirm":"14ce7151-bc48-4fd9-a98f-8069113b7576","ts":"2025-07-06T23:31:14.759-04:00","source":{"id":"0","name":"eventBus"}}
{"__type":"$$EventMessageNode","id":"a2a86b47-6b76-455f-8998-546e0a4985cc","ts":"2025-07-06T23:31:14.760-04:00","eventName":"n8n.node.finished","message":"n8n.node.finished","payload":{"workflowId":"Wrl2vxBGjxVylcY1","workflowName":"My workflow","executionId":"37","nodeType":"n8n-nodes-base.webhook","nodeName":"Webhook-POST","nodeId":"b6c443f9-c5cc-4b9a-b172-3403a0005da2"}}
{"__type":"$$EventMessageConfirm","confirm":"a2a86b47-6b76-455f-8998-546e0a4985cc","ts":"2025-07-06T23:31:14.760-04:00","source":{"id":"0","name":"eventBus"}}
{"__type":"$$EventMessageNode","id":"0bed4a33-983b-4f5c-ac5c-805a0fb52aa9","ts":"2025-07-06T23:31:14.760-04:00","eventName":"n8n.node.started","message":"n8n.node.started","payload":{"workflowId":"Wrl2vxBGjxVylcY1","workflowName":"My workflow","executionId":"37","nodeType":"n8n-nodes-base.code","nodeName":"Code","nodeId":"6f471532-00f1-404d-8dd0-7a1129fd644a"}}
{"__type":"$$EventMessageConfirm","confirm":"0bed4a33-983b-4f5c-ac5c-805a0fb52aa9","ts":"2025-07-06T23:31:14.760-04:00","source":{"id":"0","name":"eventBus"}}
{"__type":"$$EventMessageNode","id":"805a234c-036b-434f-bc76-ef65c2c82f0c","ts":"2025-07-06T23:31:14.770-04:00","eventName":"n8n.node.finished","message":"n8n.node.finished","payload":{"workflowId":"Wrl2vxBGjxVylcY1","workflowName":"My workflow","executionId":"37","nodeType":"n8n-nodes-base.code","nodeName":"Code","nodeId":"6f471532-00f1-404d-8dd0-7a1129fd644a"}}
{"__type":"$$EventMessageConfirm","confirm":"805a234c-036b-434f-bc76-ef65c2c82f0c","ts":"2025-07-06T23:31:14.770-04:00","source":{"id":"0","name":"eventBus"}}
{"__type":"$$EventMessageNode","id":"8f584cb9-29bc-46ce-aa2e-f3ed202b30f5","ts":"2025-07-06T23:31:14.770-04:00","eventName":"n8n.node.started","message":"n8n.node.started","payload":{"workflowId":"Wrl2vxBGjxVylcY1","workflowName":"My workflow","executionId":"37","nodeType":"n8n-nodes-base.executeCommand","nodeName":"Execute Command","nodeId":"0b10da04-2806-4f86-98ca-a516b49627ed"}}
{"__type":"$$EventMessageConfirm","confirm":"8f584cb9-29bc-46ce-aa2e-f3ed202b30f5","ts":"2025-07-06T23:31:14.770-04:00","source":{"id":"0","name":"eventBus"}}
{"__type":"$$EventMessageNode","id":"3adfbc9a-2bb9-4a80-8508-3d20024c4f05","ts":"2025-07-06T23:31:35.377-04:00","eventName":"n8n.node.finished","message":"n8n.node.finished","payload":{"workflowId":"Wrl2vxBGjxVylcY1","workflowName":"My workflow","executionId":"37","nodeType":"n8n-nodes-base.executeCommand","nodeName":"Execute Command","nodeId":"0b10da04-2806-4f86-98ca-a516b49627ed"}}
{"__type":"$$EventMessageConfirm","confirm":"3adfbc9a-2bb9-4a80-8508-3d20024c4f05","ts":"2025-07-06T23:31:35.377-04:00","source":{"id":"0","name":"eventBus"}}
{"__type":"$$EventMessageNode","id":"4096e8da-2d7d-480f-a46e-05442fdae314","ts":"2025-07-06T23:31:35.377-04:00","eventName":"n8n.node.started","message":"n8n.node.started","payload":{"workflowId":"Wrl2vxBGjxVylcY1","workflowName":"My workflow","executionId":"37","nodeType":"n8n-nodes-base.httpRequest","nodeName":"HTTP Request","nodeId":"e9955f9b-1b33-4709-884f-be7e5f94d5da"}}
{"__type":"$$EventMessageConfirm","confirm":"4096e8da-2d7d-480f-a46e-05442fdae314","ts":"2025-07-06T23:31:35.377-04:00","source":{"id":"0","name":"eventBus"}}
{"__type":"$$EventMessageNode","id":"697f8f0a-0cdc-4faf-ad70-ba7c5a24deb0","ts":"2025-07-06T23:31:35.522-04:00","eventName":"n8n.node.finished","message":"n8n.node.finished","payload":{"workflowId":"Wrl2vxBGjxVylcY1","workflowName":"My workflow","executionId":"37","nodeType":"n8n-nodes-base.httpRequest","nodeName":"HTTP Request","nodeId":"e9955f9b-1b33-4709-884f-be7e5f94d5da"}}
{"__type":"$$EventMessageConfirm","confirm":"697f8f0a-0cdc-4faf-ad70-ba7c5a24deb0","ts":"2025-07-06T23:31:35.522-04:00","source":{"id":"0","name":"eventBus"}}
{"__type":"$$EventMessageWorkflow","id":"80bcc8aa-5c60-44fd-878d-238066867e7b","ts":"2025-07-06T23:31:35.524-04:00","eventName":"n8n.workflow.success","message":"n8n.workflow.success","payload":{"executionId":"37","success":true,"isManual":false,"workflowId":"Wrl2vxBGjxVylcY1","workflowName":"My workflow"}}
{"__type":"$$EventMessageConfirm","confirm":"80bcc8aa-5c60-44fd-878d-238066867e7b","ts":"2025-07-06T23:31:35.524-04:00","source":{"id":"0","name":"eventBus"}}
{"__type":"$$EventMessageWorkflow","id":"8f88af6b-bef5-43f4-a365-0029c4ad98e6","ts":"2025-07-06T23:31:52.025-04:00","eventName":"n8n.workflow.started","message":"n8n.workflow.started","payload":{"executionId":"38","workflowId":"Wrl2vxBGjxVylcY1","isManual":false,"workflowName":"My workflow"}}
{"__type":"$$EventMessageConfirm","confirm":"8f88af6b-bef5-43f4-a365-0029c4ad98e6","ts":"2025-07-06T23:31:52.025-04:00","source":{"id":"0","name":"eventBus"}}
{"__type":"$$EventMessageNode","id":"0920f3cd-c4f2-4a1c-8584-614f9cd6e28c","ts":"2025-07-06T23:31:52.025-04:00","eventName":"n8n.node.started","message":"n8n.node.started","payload":{"workflowId":"Wrl2vxBGjxVylcY1","workflowName":"My workflow","executionId":"38","nodeType":"n8n-nodes-base.webhook","nodeName":"Webhook-POST","nodeId":"b6c443f9-c5cc-4b9a-b172-3403a0005da2"}}
{"__type":"$$EventMessageConfirm","confirm":"0920f3cd-c4f2-4a1c-8584-614f9cd6e28c","ts":"2025-07-06T23:31:52.025-04:00","source":{"id":"0","name":"eventBus"}}
{"__type":"$$EventMessageNode","id":"6aba73e9-e9c3-4e0f-9a96-dd0c24951337","ts":"2025-07-06T23:31:52.025-04:00","eventName":"n8n.node.finished","message":"n8n.node.finished","payload":{"workflowId":"Wrl2vxBGjxVylcY1","workflowName":"My workflow","executionId":"38","nodeType":"n8n-nodes-base.webhook","nodeName":"Webhook-POST","nodeId":"b6c443f9-c5cc-4b9a-b172-3403a0005da2"}}
{"__type":"$$EventMessageConfirm","confirm":"6aba73e9-e9c3-4e0f-9a96-dd0c24951337","ts":"2025-07-06T23:31:52.025-04:00","source":{"id":"0","name":"eventBus"}}
{"__type":"$$EventMessageNode","id":"c192507a-0dfc-4edd-8594-571799bc51b6","ts":"2025-07-06T23:31:52.025-04:00","eventName":"n8n.node.started","message":"n8n.node.started","payload":{"workflowId":"Wrl2vxBGjxVylcY1","workflowName":"My workflow","executionId":"38","nodeType":"n8n-nodes-base.code","nodeName":"Code","nodeId":"6f471532-00f1-404d-8dd0-7a1129fd644a"}}
{"__type":"$$EventMessageConfirm","confirm":"c192507a-0dfc-4edd-8594-571799bc51b6","ts":"2025-07-06T23:31:52.025-04:00","source":{"id":"0","name":"eventBus"}}
{"__type":"$$EventMessageNode","id":"f247ae5f-3429-4f60-b668-9c160e4b4a82","ts":"2025-07-06T23:31:52.029-04:00","eventName":"n8n.node.finished","message":"n8n.node.finished","payload":{"workflowId":"Wrl2vxBGjxVylcY1","workflowName":"My workflow","executionId":"38","nodeType":"n8n-nodes-base.code","nodeName":"Code","nodeId":"6f471532-00f1-404d-8dd0-7a1129fd644a"}}
{"__type":"$$EventMessageConfirm","confirm":"f247ae5f-3429-4f60-b668-9c160e4b4a82","ts":"2025-07-06T23:31:52.030-04:00","source":{"id":"0","name":"eventBus"}}
{"__type":"$$EventMessageNode","id":"368cce94-715a-40ed-868f-8304ad9c0bf8","ts":"2025-07-06T23:31:52.030-04:00","eventName":"n8n.node.started","message":"n8n.node.started","payload":{"workflowId":"Wrl2vxBGjxVylcY1","workflowName":"My workflow","executionId":"38","nodeType":"n8n-nodes-base.executeCommand","nodeName":"Execute Command","nodeId":"0b10da04-2806-4f86-98ca-a516b49627ed"}}
{"__type":"$$EventMessageConfirm","confirm":"368cce94-715a-40ed-868f-8304ad9c0bf8","ts":"2025-07-06T23:31:52.030-04:00","source":{"id":"0","name":"eventBus"}}
{"__type":"$$EventMessageNode","id":"cf081c60-057c-47fc-bb97-653c84707d2d","ts":"2025-07-06T23:32:04.786-04:00","eventName":"n8n.node.finished","message":"n8n.node.finished","payload":{"workflowId":"Wrl2vxBGjxVylcY1","workflowName":"My workflow","executionId":"38","nodeType":"n8n-nodes-base.executeCommand","nodeName":"Execute Command","nodeId":"0b10da04-2806-4f86-98ca-a516b49627ed"}}
{"__type":"$$EventMessageConfirm","confirm":"cf081c60-057c-47fc-bb97-653c84707d2d","ts":"2025-07-06T23:32:04.786-04:00","source":{"id":"0","name":"eventBus"}}
{"__type":"$$EventMessageNode","id":"84ec31f6-029a-40ea-aba8-09e04ade7833","ts":"2025-07-06T23:32:04.786-04:00","eventName":"n8n.node.started","message":"n8n.node.started","payload":{"workflowId":"Wrl2vxBGjxVylcY1","workflowName":"My workflow","executionId":"38","nodeType":"n8n-nodes-base.httpRequest","nodeName":"HTTP Request","nodeId":"e9955f9b-1b33-4709-884f-be7e5f94d5da"}}
{"__type":"$$EventMessageConfirm","confirm":"84ec31f6-029a-40ea-aba8-09e04ade7833","ts":"2025-07-06T23:32:04.786-04:00","source":{"id":"0","name":"eventBus"}}
{"__type":"$$EventMessageNode","id":"07c58e43-20a6-42f8-bd43-afc0f1f220a3","ts":"2025-07-06T23:32:04.890-04:00","eventName":"n8n.node.finished","message":"n8n.node.finished","payload":{"workflowId":"Wrl2vxBGjxVylcY1","workflowName":"My workflow","executionId":"38","nodeType":"n8n-nodes-base.httpRequest","nodeName":"HTTP Request","nodeId":"e9955f9b-1b33-4709-884f-be7e5f94d5da"}}
{"__type":"$$EventMessageConfirm","confirm":"07c58e43-20a6-42f8-bd43-afc0f1f220a3","ts":"2025-07-06T23:32:04.890-04:00","source":{"id":"0","name":"eventBus"}}
{"__type":"$$EventMessageWorkflow","id":"767d9485-eaa9-4750-8e77-884b450b8200","ts":"2025-07-06T23:32:04.891-04:00","eventName":"n8n.workflow.success","message":"n8n.workflow.success","payload":{"executionId":"38","success":true,"isManual":false,"workflowId":"Wrl2vxBGjxVylcY1","workflowName":"My workflow"}}
{"__type":"$$EventMessageConfirm","confirm":"767d9485-eaa9-4750-8e77-884b450b8200","ts":"2025-07-06T23:32:04.891-04:00","source":{"id":"0","name":"eventBus"}}
{"__type":"$$EventMessageWorkflow","id":"0be40fc2-77fd-4b43-87b3-93a0177ce2a4","ts":"2025-07-06T23:32:25.266-04:00","eventName":"n8n.workflow.started","message":"n8n.workflow.started","payload":{"executionId":"39","workflowId":"Wrl2vxBGjxVylcY1","isManual":false,"workflowName":"My workflow"}}
{"__type":"$$EventMessageConfirm","confirm":"0be40fc2-77fd-4b43-87b3-93a0177ce2a4","ts":"2025-07-06T23:32:25.266-04:00","source":{"id":"0","name":"eventBus"}}
{"__type":"$$EventMessageNode","id":"2c43f48e-3b30-44b1-b608-f4a1aa5af9cc","ts":"2025-07-06T23:32:25.267-04:00","eventName":"n8n.node.started","message":"n8n.node.started","payload":{"workflowId":"Wrl2vxBGjxVylcY1","workflowName":"My workflow","executionId":"39","nodeType":"n8n-nodes-base.webhook","nodeName":"Webhook-POST","nodeId":"b6c443f9-c5cc-4b9a-b172-3403a0005da2"}}
{"__type":"$$EventMessageConfirm","confirm":"2c43f48e-3b30-44b1-b608-f4a1aa5af9cc","ts":"2025-07-06T23:32:25.267-04:00","source":{"id":"0","name":"eventBus"}}
{"__type":"$$EventMessageNode","id":"a0d5c7a6-d0ff-4e0b-8ab9-193244256a5e","ts":"2025-07-06T23:32:25.267-04:00","eventName":"n8n.node.finished","message":"n8n.node.finished","payload":{"workflowId":"Wrl2vxBGjxVylcY1","workflowName":"My workflow","executionId":"39","nodeType":"n8n-nodes-base.webhook","nodeName":"Webhook-POST","nodeId":"b6c443f9-c5cc-4b9a-b172-3403a0005da2"}}
{"__type":"$$EventMessageConfirm","confirm":"a0d5c7a6-d0ff-4e0b-8ab9-193244256a5e","ts":"2025-07-06T23:32:25.267-04:00","source":{"id":"0","name":"eventBus"}}
{"__type":"$$EventMessageNode","id":"9d4d5527-5b81-4517-b3f9-12afe96fe9a3","ts":"2025-07-06T23:32:25.267-04:00","eventName":"n8n.node.started","message":"n8n.node.started","payload":{"workflowId":"Wrl2vxBGjxVylcY1","workflowName":"My workflow","executionId":"39","nodeType":"n8n-nodes-base.code","nodeName":"Code","nodeId":"6f471532-00f1-404d-8dd0-7a1129fd644a"}}
{"__type":"$$EventMessageConfirm","confirm":"9d4d5527-5b81-4517-b3f9-12afe96fe9a3","ts":"2025-07-06T23:32:25.267-04:00","source":{"id":"0","name":"eventBus"}}
{"__type":"$$EventMessageNode","id":"2b749ef3-8a87-42fa-8f5a-adb271d346ba","ts":"2025-07-06T23:32:25.276-04:00","eventName":"n8n.node.finished","message":"n8n.node.finished","payload":{"workflowId":"Wrl2vxBGjxVylcY1","workflowName":"My workflow","executionId":"39","nodeType":"n8n-nodes-base.code","nodeName":"Code","nodeId":"6f471532-00f1-404d-8dd0-7a1129fd644a"}}
{"__type":"$$EventMessageConfirm","confirm":"2b749ef3-8a87-42fa-8f5a-adb271d346ba","ts":"2025-07-06T23:32:25.276-04:00","source":{"id":"0","name":"eventBus"}}
{"__type":"$$EventMessageNode","id":"cdefe265-5057-4d57-be25-c08a384fa841","ts":"2025-07-06T23:32:25.276-04:00","eventName":"n8n.node.started","message":"n8n.node.started","payload":{"workflowId":"Wrl2vxBGjxVylcY1","workflowName":"My workflow","executionId":"39","nodeType":"n8n-nodes-base.executeCommand","nodeName":"Execute Command","nodeId":"0b10da04-2806-4f86-98ca-a516b49627ed"}}
{"__type":"$$EventMessageConfirm","confirm":"cdefe265-5057-4d57-be25-c08a384fa841","ts":"2025-07-06T23:32:25.276-04:00","source":{"id":"0","name":"eventBus"}}
{"__type":"$$EventMessageNode","id":"1129fa63-bc96-4141-ba21-eb43685ed788","ts":"2025-07-06T23:32:25.382-04:00","eventName":"n8n.node.finished","message":"n8n.node.finished","payload":{"workflowId":"Wrl2vxBGjxVylcY1","workflowName":"My workflow","executionId":"39","nodeType":"n8n-nodes-base.executeCommand","nodeName":"Execute Command","nodeId":"0b10da04-2806-4f86-98ca-a516b49627ed"}}
{"__type":"$$EventMessageConfirm","confirm":"1129fa63-bc96-4141-ba21-eb43685ed788","ts":"2025-07-06T23:32:25.382-04:00","source":{"id":"0","name":"eventBus"}}
{"__type":"$$EventMessageNode","id":"e2803493-3bac-471f-8d29-9c3760ffb135","ts":"2025-07-06T23:32:25.382-04:00","eventName":"n8n.node.started","message":"n8n.node.started","payload":{"workflowId":"Wrl2vxBGjxVylcY1","workflowName":"My workflow","executionId":"39","nodeType":"n8n-nodes-base.httpRequest","nodeName":"HTTP Request","nodeId":"e9955f9b-1b33-4709-884f-be7e5f94d5da"}}
{"__type":"$$EventMessageConfirm","confirm":"e2803493-3bac-471f-8d29-9c3760ffb135","ts":"2025-07-06T23:32:25.382-04:00","source":{"id":"0","name":"eventBus"}}
{"__type":"$$EventMessageNode","id":"968076d9-1727-447a-8fc2-a2d68b03cfba","ts":"2025-07-06T23:32:25.486-04:00","eventName":"n8n.node.finished","message":"n8n.node.finished","payload":{"workflowId":"Wrl2vxBGjxVylcY1","workflowName":"My workflow","executionId":"39","nodeType":"n8n-nodes-base.httpRequest","nodeName":"HTTP Request","nodeId":"e9955f9b-1b33-4709-884f-be7e5f94d5da"}}
{"__type":"$$EventMessageConfirm","confirm":"968076d9-1727-447a-8fc2-a2d68b03cfba","ts":"2025-07-06T23:32:25.486-04:00","source":{"id":"0","name":"eventBus"}}
{"__type":"$$EventMessageWorkflow","id":"350652fc-533a-4551-be73-d186050b6de7","ts":"2025-07-06T23:32:25.486-04:00","eventName":"n8n.workflow.success","message":"n8n.workflow.success","payload":{"executionId":"39","success":true,"isManual":false,"workflowId":"Wrl2vxBGjxVylcY1","workflowName":"My workflow"}}
{"__type":"$$EventMessageConfirm","confirm":"350652fc-533a-4551-be73-d186050b6de7","ts":"2025-07-06T23:32:25.486-04:00","source":{"id":"0","name":"eventBus"}}
