{"__type":"$$EventMessageWorkflow","id":"a157c529-7ded-422f-baff-0caaab164081","ts":"2025-07-06T12:04:42.353-04:00","eventName":"n8n.workflow.started","message":"n8n.workflow.started","payload":{"executionId":"23","workflowId":"Wrl2vxBGjxVylcY1","isManual":false,"workflowName":"My workflow"}}
{"__type":"$$EventMessageConfirm","confirm":"a157c529-7ded-422f-baff-0caaab164081","ts":"2025-07-06T12:04:42.354-04:00","source":{"id":"0","name":"eventBus"}}
{"__type":"$$EventMessageNode","id":"732a3460-0eb8-49d0-9e07-c5ad5617377a","ts":"2025-07-06T12:04:42.355-04:00","eventName":"n8n.node.started","message":"n8n.node.started","payload":{"workflowId":"Wrl2vxBGjxVylcY1","workflowName":"My workflow","executionId":"23","nodeType":"n8n-nodes-base.webhook","nodeName":"Webhook-POST","nodeId":"b6c443f9-c5cc-4b9a-b172-3403a0005da2"}}
{"__type":"$$EventMessageConfirm","confirm":"732a3460-0eb8-49d0-9e07-c5ad5617377a","ts":"2025-07-06T12:04:42.355-04:00","source":{"id":"0","name":"eventBus"}}
{"__type":"$$EventMessageNode","id":"79c51d9a-3e57-4c22-9e8c-dd7ff94d259e","ts":"2025-07-06T12:04:42.356-04:00","eventName":"n8n.node.finished","message":"n8n.node.finished","payload":{"workflowId":"Wrl2vxBGjxVylcY1","workflowName":"My workflow","executionId":"23","nodeType":"n8n-nodes-base.webhook","nodeName":"Webhook-POST","nodeId":"b6c443f9-c5cc-4b9a-b172-3403a0005da2"}}
{"__type":"$$EventMessageConfirm","confirm":"79c51d9a-3e57-4c22-9e8c-dd7ff94d259e","ts":"2025-07-06T12:04:42.356-04:00","source":{"id":"0","name":"eventBus"}}
{"__type":"$$EventMessageNode","id":"63463aeb-c698-492c-a29d-7d981798dd04","ts":"2025-07-06T12:04:42.357-04:00","eventName":"n8n.node.started","message":"n8n.node.started","payload":{"workflowId":"Wrl2vxBGjxVylcY1","workflowName":"My workflow","executionId":"23","nodeType":"n8n-nodes-base.code","nodeName":"Code","nodeId":"6f471532-00f1-404d-8dd0-7a1129fd644a"}}
{"__type":"$$EventMessageConfirm","confirm":"63463aeb-c698-492c-a29d-7d981798dd04","ts":"2025-07-06T12:04:42.357-04:00","source":{"id":"0","name":"eventBus"}}
{"__type":"$$EventMessageNode","id":"3d9ec167-9c80-48f3-a1b9-69c656a6d97c","ts":"2025-07-06T12:04:42.373-04:00","eventName":"n8n.node.finished","message":"n8n.node.finished","payload":{"workflowId":"Wrl2vxBGjxVylcY1","workflowName":"My workflow","executionId":"23","nodeType":"n8n-nodes-base.code","nodeName":"Code","nodeId":"6f471532-00f1-404d-8dd0-7a1129fd644a"}}
{"__type":"$$EventMessageConfirm","confirm":"3d9ec167-9c80-48f3-a1b9-69c656a6d97c","ts":"2025-07-06T12:04:42.373-04:00","source":{"id":"0","name":"eventBus"}}
{"__type":"$$EventMessageNode","id":"137a01c5-5c03-424c-b43a-fe6c946d610d","ts":"2025-07-06T12:04:42.374-04:00","eventName":"n8n.node.started","message":"n8n.node.started","payload":{"workflowId":"Wrl2vxBGjxVylcY1","workflowName":"My workflow","executionId":"23","nodeType":"n8n-nodes-base.executeCommand","nodeName":"Execute Command","nodeId":"0b10da04-2806-4f86-98ca-a516b49627ed"}}
{"__type":"$$EventMessageConfirm","confirm":"137a01c5-5c03-424c-b43a-fe6c946d610d","ts":"2025-07-06T12:04:42.374-04:00","source":{"id":"0","name":"eventBus"}}
{"__type":"$$EventMessageNode","id":"7a1d6b3b-c4d0-4bb7-9f55-05eedfc632c6","ts":"2025-07-06T12:05:01.925-04:00","eventName":"n8n.node.finished","message":"n8n.node.finished","payload":{"workflowId":"Wrl2vxBGjxVylcY1","workflowName":"My workflow","executionId":"23","nodeType":"n8n-nodes-base.executeCommand","nodeName":"Execute Command","nodeId":"0b10da04-2806-4f86-98ca-a516b49627ed"}}
{"__type":"$$EventMessageConfirm","confirm":"7a1d6b3b-c4d0-4bb7-9f55-05eedfc632c6","ts":"2025-07-06T12:05:01.925-04:00","source":{"id":"0","name":"eventBus"}}
{"__type":"$$EventMessageNode","id":"59d82c5c-0f7b-4206-9197-a2b66d2b41b8","ts":"2025-07-06T12:05:01.926-04:00","eventName":"n8n.node.started","message":"n8n.node.started","payload":{"workflowId":"Wrl2vxBGjxVylcY1","workflowName":"My workflow","executionId":"23","nodeType":"n8n-nodes-base.httpRequest","nodeName":"HTTP Request","nodeId":"e9955f9b-1b33-4709-884f-be7e5f94d5da"}}
{"__type":"$$EventMessageConfirm","confirm":"59d82c5c-0f7b-4206-9197-a2b66d2b41b8","ts":"2025-07-06T12:05:01.926-04:00","source":{"id":"0","name":"eventBus"}}
{"__type":"$$EventMessageNode","id":"e508fc38-378f-4289-a6fe-cc1ece656df8","ts":"2025-07-06T12:05:02.213-04:00","eventName":"n8n.node.finished","message":"n8n.node.finished","payload":{"workflowId":"Wrl2vxBGjxVylcY1","workflowName":"My workflow","executionId":"23","nodeType":"n8n-nodes-base.httpRequest","nodeName":"HTTP Request","nodeId":"e9955f9b-1b33-4709-884f-be7e5f94d5da"}}
{"__type":"$$EventMessageConfirm","confirm":"e508fc38-378f-4289-a6fe-cc1ece656df8","ts":"2025-07-06T12:05:02.213-04:00","source":{"id":"0","name":"eventBus"}}
{"__type":"$$EventMessageWorkflow","id":"43b6e89c-1cde-49e7-9f3e-214f19f1f2b2","ts":"2025-07-06T12:05:02.215-04:00","eventName":"n8n.workflow.failed","message":"n8n.workflow.failed","payload":{"executionId":"23","success":false,"isManual":false,"workflowId":"Wrl2vxBGjxVylcY1","workflowName":"My workflow","lastNodeExecuted":"HTTP Request","errorNodeType":"n8n-nodes-base.httpRequest","errorMessage":"Authorization failed - please check your credentials"}}
{"__type":"$$EventMessageConfirm","confirm":"43b6e89c-1cde-49e7-9f3e-214f19f1f2b2","ts":"2025-07-06T12:05:02.215-04:00","source":{"id":"0","name":"eventBus"}}
{"__type":"$$EventMessageAudit","id":"ff0bf72e-2b0a-4b31-8bdd-0a1c7d10ed28","ts":"2025-07-06T12:13:49.243-04:00","eventName":"n8n.audit.workflow.updated","message":"n8n.audit.workflow.updated","payload":{"userId":"166b4f68-702c-47b0-ac09-a36fb82141d6","_email":"a_murooka@japan-agi.com","_firstName":"Bonjin","_lastName":"OyaZ","globalRole":"global:owner","workflowId":"Wrl2vxBGjxVylcY1","workflowName":"My workflow"}}
{"__type":"$$EventMessageConfirm","confirm":"ff0bf72e-2b0a-4b31-8bdd-0a1c7d10ed28","ts":"2025-07-06T12:13:49.243-04:00","source":{"id":"0","name":"eventBus"}}
{"__type":"$$EventMessageWorkflow","id":"c8a713cf-868d-4ee7-a13d-3cafc2d51306","ts":"2025-07-06T12:14:04.639-04:00","eventName":"n8n.workflow.started","message":"n8n.workflow.started","payload":{"executionId":"24","workflowId":"Wrl2vxBGjxVylcY1","isManual":false,"workflowName":"My workflow"}}
{"__type":"$$EventMessageConfirm","confirm":"c8a713cf-868d-4ee7-a13d-3cafc2d51306","ts":"2025-07-06T12:14:04.639-04:00","source":{"id":"0","name":"eventBus"}}
{"__type":"$$EventMessageNode","id":"abc3af3e-4b7a-4c95-ad39-289c313c3b7f","ts":"2025-07-06T12:14:04.640-04:00","eventName":"n8n.node.started","message":"n8n.node.started","payload":{"workflowId":"Wrl2vxBGjxVylcY1","workflowName":"My workflow","executionId":"24","nodeType":"n8n-nodes-base.webhook","nodeName":"Webhook-POST","nodeId":"b6c443f9-c5cc-4b9a-b172-3403a0005da2"}}
{"__type":"$$EventMessageConfirm","confirm":"abc3af3e-4b7a-4c95-ad39-289c313c3b7f","ts":"2025-07-06T12:14:04.640-04:00","source":{"id":"0","name":"eventBus"}}
{"__type":"$$EventMessageNode","id":"cd91dabb-607d-4da1-b297-380647036717","ts":"2025-07-06T12:14:04.640-04:00","eventName":"n8n.node.finished","message":"n8n.node.finished","payload":{"workflowId":"Wrl2vxBGjxVylcY1","workflowName":"My workflow","executionId":"24","nodeType":"n8n-nodes-base.webhook","nodeName":"Webhook-POST","nodeId":"b6c443f9-c5cc-4b9a-b172-3403a0005da2"}}
{"__type":"$$EventMessageConfirm","confirm":"cd91dabb-607d-4da1-b297-380647036717","ts":"2025-07-06T12:14:04.640-04:00","source":{"id":"0","name":"eventBus"}}
{"__type":"$$EventMessageNode","id":"0dfd0007-2e85-429a-89da-083693cfb58c","ts":"2025-07-06T12:14:04.640-04:00","eventName":"n8n.node.started","message":"n8n.node.started","payload":{"workflowId":"Wrl2vxBGjxVylcY1","workflowName":"My workflow","executionId":"24","nodeType":"n8n-nodes-base.code","nodeName":"Code1","nodeId":"1121b538-c4c6-4481-9601-6e9c456fe6ad"}}
{"__type":"$$EventMessageConfirm","confirm":"0dfd0007-2e85-429a-89da-083693cfb58c","ts":"2025-07-06T12:14:04.640-04:00","source":{"id":"0","name":"eventBus"}}
{"__type":"$$EventMessageNode","id":"3bcf1107-a5cd-45e9-9a32-5599c678480e","ts":"2025-07-06T12:14:04.648-04:00","eventName":"n8n.node.finished","message":"n8n.node.finished","payload":{"workflowId":"Wrl2vxBGjxVylcY1","workflowName":"My workflow","executionId":"24","nodeType":"n8n-nodes-base.code","nodeName":"Code1","nodeId":"1121b538-c4c6-4481-9601-6e9c456fe6ad"}}
{"__type":"$$EventMessageConfirm","confirm":"3bcf1107-a5cd-45e9-9a32-5599c678480e","ts":"2025-07-06T12:14:04.648-04:00","source":{"id":"0","name":"eventBus"}}
{"__type":"$$EventMessageNode","id":"65053033-39fe-486a-b904-908861e1de6b","ts":"2025-07-06T12:14:04.648-04:00","eventName":"n8n.node.started","message":"n8n.node.started","payload":{"workflowId":"Wrl2vxBGjxVylcY1","workflowName":"My workflow","executionId":"24","nodeType":"n8n-nodes-base.executeCommand","nodeName":"Execute Command","nodeId":"0b10da04-2806-4f86-98ca-a516b49627ed"}}
{"__type":"$$EventMessageConfirm","confirm":"65053033-39fe-486a-b904-908861e1de6b","ts":"2025-07-06T12:14:04.648-04:00","source":{"id":"0","name":"eventBus"}}
{"__type":"$$EventMessageNode","id":"066c83f1-b5b1-4528-8d58-f9036aba93c9","ts":"2025-07-06T12:14:20.633-04:00","eventName":"n8n.node.finished","message":"n8n.node.finished","payload":{"workflowId":"Wrl2vxBGjxVylcY1","workflowName":"My workflow","executionId":"24","nodeType":"n8n-nodes-base.executeCommand","nodeName":"Execute Command","nodeId":"0b10da04-2806-4f86-98ca-a516b49627ed"}}
{"__type":"$$EventMessageConfirm","confirm":"066c83f1-b5b1-4528-8d58-f9036aba93c9","ts":"2025-07-06T12:14:20.634-04:00","source":{"id":"0","name":"eventBus"}}
{"__type":"$$EventMessageNode","id":"3b0ccc27-c578-4bef-8da9-3ee461e7ff34","ts":"2025-07-06T12:14:20.634-04:00","eventName":"n8n.node.started","message":"n8n.node.started","payload":{"workflowId":"Wrl2vxBGjxVylcY1","workflowName":"My workflow","executionId":"24","nodeType":"n8n-nodes-base.httpRequest","nodeName":"HTTP Request","nodeId":"e9955f9b-1b33-4709-884f-be7e5f94d5da"}}
{"__type":"$$EventMessageConfirm","confirm":"3b0ccc27-c578-4bef-8da9-3ee461e7ff34","ts":"2025-07-06T12:14:20.634-04:00","source":{"id":"0","name":"eventBus"}}
{"__type":"$$EventMessageNode","id":"c673b5bf-71cf-45bb-a75e-59e7379a448d","ts":"2025-07-06T12:14:20.709-04:00","eventName":"n8n.node.finished","message":"n8n.node.finished","payload":{"workflowId":"Wrl2vxBGjxVylcY1","workflowName":"My workflow","executionId":"24","nodeType":"n8n-nodes-base.httpRequest","nodeName":"HTTP Request","nodeId":"e9955f9b-1b33-4709-884f-be7e5f94d5da"}}
{"__type":"$$EventMessageConfirm","confirm":"c673b5bf-71cf-45bb-a75e-59e7379a448d","ts":"2025-07-06T12:14:20.709-04:00","source":{"id":"0","name":"eventBus"}}
{"__type":"$$EventMessageWorkflow","id":"0a3daa44-bb8f-4e6b-888a-c5a433277129","ts":"2025-07-06T12:14:20.710-04:00","eventName":"n8n.workflow.failed","message":"n8n.workflow.failed","payload":{"executionId":"24","success":false,"isManual":false,"workflowId":"Wrl2vxBGjxVylcY1","workflowName":"My workflow","lastNodeExecuted":"HTTP Request","errorNodeType":"n8n-nodes-base.httpRequest","errorMessage":"Authorization failed - please check your credentials"}}
{"__type":"$$EventMessageConfirm","confirm":"0a3daa44-bb8f-4e6b-888a-c5a433277129","ts":"2025-07-06T12:14:20.710-04:00","source":{"id":"0","name":"eventBus"}}
{"__type":"$$EventMessageWorkflow","id":"7629ae3b-eedc-4216-bbfa-a9afe7777e82","ts":"2025-07-06T12:19:24.277-04:00","eventName":"n8n.workflow.started","message":"n8n.workflow.started","payload":{"executionId":"25","workflowId":"Wrl2vxBGjxVylcY1","isManual":false,"workflowName":"My workflow"}}
{"__type":"$$EventMessageConfirm","confirm":"7629ae3b-eedc-4216-bbfa-a9afe7777e82","ts":"2025-07-06T12:19:24.278-04:00","source":{"id":"0","name":"eventBus"}}
{"__type":"$$EventMessageNode","id":"19a34971-d2b2-4374-98a7-5aa084b4dc0d","ts":"2025-07-06T12:19:24.278-04:00","eventName":"n8n.node.started","message":"n8n.node.started","payload":{"workflowId":"Wrl2vxBGjxVylcY1","workflowName":"My workflow","executionId":"25","nodeType":"n8n-nodes-base.webhook","nodeName":"Webhook-POST","nodeId":"b6c443f9-c5cc-4b9a-b172-3403a0005da2"}}
{"__type":"$$EventMessageConfirm","confirm":"19a34971-d2b2-4374-98a7-5aa084b4dc0d","ts":"2025-07-06T12:19:24.278-04:00","source":{"id":"0","name":"eventBus"}}
{"__type":"$$EventMessageNode","id":"9356066f-dbf7-4ded-9579-72b78409add8","ts":"2025-07-06T12:19:24.279-04:00","eventName":"n8n.node.finished","message":"n8n.node.finished","payload":{"workflowId":"Wrl2vxBGjxVylcY1","workflowName":"My workflow","executionId":"25","nodeType":"n8n-nodes-base.webhook","nodeName":"Webhook-POST","nodeId":"b6c443f9-c5cc-4b9a-b172-3403a0005da2"}}
{"__type":"$$EventMessageConfirm","confirm":"9356066f-dbf7-4ded-9579-72b78409add8","ts":"2025-07-06T12:19:24.279-04:00","source":{"id":"0","name":"eventBus"}}
{"__type":"$$EventMessageNode","id":"640e5b15-67b7-4e2c-bd76-b73ec0327264","ts":"2025-07-06T12:19:24.279-04:00","eventName":"n8n.node.started","message":"n8n.node.started","payload":{"workflowId":"Wrl2vxBGjxVylcY1","workflowName":"My workflow","executionId":"25","nodeType":"n8n-nodes-base.code","nodeName":"Code1","nodeId":"1121b538-c4c6-4481-9601-6e9c456fe6ad"}}
{"__type":"$$EventMessageConfirm","confirm":"640e5b15-67b7-4e2c-bd76-b73ec0327264","ts":"2025-07-06T12:19:24.279-04:00","source":{"id":"0","name":"eventBus"}}
{"__type":"$$EventMessageNode","id":"4b04b9f5-9507-4e6e-8d48-8b5b495fde2c","ts":"2025-07-06T12:19:24.285-04:00","eventName":"n8n.node.finished","message":"n8n.node.finished","payload":{"workflowId":"Wrl2vxBGjxVylcY1","workflowName":"My workflow","executionId":"25","nodeType":"n8n-nodes-base.code","nodeName":"Code1","nodeId":"1121b538-c4c6-4481-9601-6e9c456fe6ad"}}
{"__type":"$$EventMessageConfirm","confirm":"4b04b9f5-9507-4e6e-8d48-8b5b495fde2c","ts":"2025-07-06T12:19:24.285-04:00","source":{"id":"0","name":"eventBus"}}
{"__type":"$$EventMessageNode","id":"25533a2d-7e25-4180-8690-d6b1470771c1","ts":"2025-07-06T12:19:24.285-04:00","eventName":"n8n.node.started","message":"n8n.node.started","payload":{"workflowId":"Wrl2vxBGjxVylcY1","workflowName":"My workflow","executionId":"25","nodeType":"n8n-nodes-base.executeCommand","nodeName":"Execute Command","nodeId":"0b10da04-2806-4f86-98ca-a516b49627ed"}}
{"__type":"$$EventMessageConfirm","confirm":"25533a2d-7e25-4180-8690-d6b1470771c1","ts":"2025-07-06T12:19:24.286-04:00","source":{"id":"0","name":"eventBus"}}
{"__type":"$$EventMessageNode","id":"76fa182b-a42e-45e9-b72f-78af80cd1c26","ts":"2025-07-06T12:19:34.065-04:00","eventName":"n8n.node.finished","message":"n8n.node.finished","payload":{"workflowId":"Wrl2vxBGjxVylcY1","workflowName":"My workflow","executionId":"25","nodeType":"n8n-nodes-base.executeCommand","nodeName":"Execute Command","nodeId":"0b10da04-2806-4f86-98ca-a516b49627ed"}}
{"__type":"$$EventMessageConfirm","confirm":"76fa182b-a42e-45e9-b72f-78af80cd1c26","ts":"2025-07-06T12:19:34.065-04:00","source":{"id":"0","name":"eventBus"}}
{"__type":"$$EventMessageNode","id":"6e4522fe-ff9e-4773-bc11-9d796fe70e07","ts":"2025-07-06T12:19:34.065-04:00","eventName":"n8n.node.started","message":"n8n.node.started","payload":{"workflowId":"Wrl2vxBGjxVylcY1","workflowName":"My workflow","executionId":"25","nodeType":"n8n-nodes-base.httpRequest","nodeName":"HTTP Request","nodeId":"e9955f9b-1b33-4709-884f-be7e5f94d5da"}}
{"__type":"$$EventMessageConfirm","confirm":"6e4522fe-ff9e-4773-bc11-9d796fe70e07","ts":"2025-07-06T12:19:34.065-04:00","source":{"id":"0","name":"eventBus"}}
{"__type":"$$EventMessageNode","id":"c70899ff-2a39-46b9-b55c-b5dc05d4f1cb","ts":"2025-07-06T12:19:34.128-04:00","eventName":"n8n.node.finished","message":"n8n.node.finished","payload":{"workflowId":"Wrl2vxBGjxVylcY1","workflowName":"My workflow","executionId":"25","nodeType":"n8n-nodes-base.httpRequest","nodeName":"HTTP Request","nodeId":"e9955f9b-1b33-4709-884f-be7e5f94d5da"}}
{"__type":"$$EventMessageConfirm","confirm":"c70899ff-2a39-46b9-b55c-b5dc05d4f1cb","ts":"2025-07-06T12:19:34.128-04:00","source":{"id":"0","name":"eventBus"}}
{"__type":"$$EventMessageWorkflow","id":"1e5a671b-8c86-4175-a9bc-d82604d0354b","ts":"2025-07-06T12:19:34.128-04:00","eventName":"n8n.workflow.failed","message":"n8n.workflow.failed","payload":{"executionId":"25","success":false,"isManual":false,"workflowId":"Wrl2vxBGjxVylcY1","workflowName":"My workflow","lastNodeExecuted":"HTTP Request","errorNodeType":"n8n-nodes-base.httpRequest","errorMessage":"Authorization failed - please check your credentials"}}
{"__type":"$$EventMessageConfirm","confirm":"1e5a671b-8c86-4175-a9bc-d82604d0354b","ts":"2025-07-06T12:19:34.128-04:00","source":{"id":"0","name":"eventBus"}}
{"__type":"$$EventMessageAudit","id":"6d3e2392-75ff-413c-8f28-241e29dfc54c","ts":"2025-07-06T12:23:01.894-04:00","eventName":"n8n.audit.workflow.updated","message":"n8n.audit.workflow.updated","payload":{"userId":"166b4f68-702c-47b0-ac09-a36fb82141d6","_email":"a_murooka@japan-agi.com","_firstName":"Bonjin","_lastName":"OyaZ","globalRole":"global:owner","workflowId":"Wrl2vxBGjxVylcY1","workflowName":"My workflow"}}
{"__type":"$$EventMessageConfirm","confirm":"6d3e2392-75ff-413c-8f28-241e29dfc54c","ts":"2025-07-06T12:23:01.894-04:00","source":{"id":"0","name":"eventBus"}}
{"__type":"$$EventMessageWorkflow","id":"2ff41a0b-a42b-4748-8ef2-eabcfc6861d8","ts":"2025-07-06T12:23:29.930-04:00","eventName":"n8n.workflow.started","message":"n8n.workflow.started","payload":{"executionId":"26","workflowId":"Wrl2vxBGjxVylcY1","isManual":false,"workflowName":"My workflow"}}
{"__type":"$$EventMessageConfirm","confirm":"2ff41a0b-a42b-4748-8ef2-eabcfc6861d8","ts":"2025-07-06T12:23:29.931-04:00","source":{"id":"0","name":"eventBus"}}
{"__type":"$$EventMessageNode","id":"a7f2ecb0-09b7-45fd-972e-af01028a5af7","ts":"2025-07-06T12:23:29.931-04:00","eventName":"n8n.node.started","message":"n8n.node.started","payload":{"workflowId":"Wrl2vxBGjxVylcY1","workflowName":"My workflow","executionId":"26","nodeType":"n8n-nodes-base.webhook","nodeName":"Webhook-POST","nodeId":"b6c443f9-c5cc-4b9a-b172-3403a0005da2"}}
{"__type":"$$EventMessageConfirm","confirm":"a7f2ecb0-09b7-45fd-972e-af01028a5af7","ts":"2025-07-06T12:23:29.931-04:00","source":{"id":"0","name":"eventBus"}}
{"__type":"$$EventMessageNode","id":"52e725ec-ca28-416c-8e3e-b551cef19009","ts":"2025-07-06T12:23:29.931-04:00","eventName":"n8n.node.finished","message":"n8n.node.finished","payload":{"workflowId":"Wrl2vxBGjxVylcY1","workflowName":"My workflow","executionId":"26","nodeType":"n8n-nodes-base.webhook","nodeName":"Webhook-POST","nodeId":"b6c443f9-c5cc-4b9a-b172-3403a0005da2"}}
{"__type":"$$EventMessageConfirm","confirm":"52e725ec-ca28-416c-8e3e-b551cef19009","ts":"2025-07-06T12:23:29.931-04:00","source":{"id":"0","name":"eventBus"}}
{"__type":"$$EventMessageNode","id":"63348343-2946-4abb-8899-136e94ba9364","ts":"2025-07-06T12:23:29.931-04:00","eventName":"n8n.node.started","message":"n8n.node.started","payload":{"workflowId":"Wrl2vxBGjxVylcY1","workflowName":"My workflow","executionId":"26","nodeType":"n8n-nodes-base.code","nodeName":"Code1","nodeId":"1121b538-c4c6-4481-9601-6e9c456fe6ad"}}
{"__type":"$$EventMessageConfirm","confirm":"63348343-2946-4abb-8899-136e94ba9364","ts":"2025-07-06T12:23:29.931-04:00","source":{"id":"0","name":"eventBus"}}
{"__type":"$$EventMessageNode","id":"aa132cc1-5d2c-44b7-95ba-e994c716ed9c","ts":"2025-07-06T12:23:29.938-04:00","eventName":"n8n.node.finished","message":"n8n.node.finished","payload":{"workflowId":"Wrl2vxBGjxVylcY1","workflowName":"My workflow","executionId":"26","nodeType":"n8n-nodes-base.code","nodeName":"Code1","nodeId":"1121b538-c4c6-4481-9601-6e9c456fe6ad"}}
{"__type":"$$EventMessageConfirm","confirm":"aa132cc1-5d2c-44b7-95ba-e994c716ed9c","ts":"2025-07-06T12:23:29.938-04:00","source":{"id":"0","name":"eventBus"}}
{"__type":"$$EventMessageNode","id":"7567052c-0a41-432c-affc-c9b1f03c00eb","ts":"2025-07-06T12:23:29.938-04:00","eventName":"n8n.node.started","message":"n8n.node.started","payload":{"workflowId":"Wrl2vxBGjxVylcY1","workflowName":"My workflow","executionId":"26","nodeType":"n8n-nodes-base.executeCommand","nodeName":"Execute Command","nodeId":"0b10da04-2806-4f86-98ca-a516b49627ed"}}
{"__type":"$$EventMessageConfirm","confirm":"7567052c-0a41-432c-affc-c9b1f03c00eb","ts":"2025-07-06T12:23:29.938-04:00","source":{"id":"0","name":"eventBus"}}
{"__type":"$$EventMessageNode","id":"f7949a80-118e-47a1-8601-f2c9888e15b2","ts":"2025-07-06T12:23:39.998-04:00","eventName":"n8n.node.finished","message":"n8n.node.finished","payload":{"workflowId":"Wrl2vxBGjxVylcY1","workflowName":"My workflow","executionId":"26","nodeType":"n8n-nodes-base.executeCommand","nodeName":"Execute Command","nodeId":"0b10da04-2806-4f86-98ca-a516b49627ed"}}
{"__type":"$$EventMessageConfirm","confirm":"f7949a80-118e-47a1-8601-f2c9888e15b2","ts":"2025-07-06T12:23:39.998-04:00","source":{"id":"0","name":"eventBus"}}
{"__type":"$$EventMessageNode","id":"3028aa56-baa2-4053-b513-c1004f542bb7","ts":"2025-07-06T12:23:39.999-04:00","eventName":"n8n.node.started","message":"n8n.node.started","payload":{"workflowId":"Wrl2vxBGjxVylcY1","workflowName":"My workflow","executionId":"26","nodeType":"n8n-nodes-base.httpRequest","nodeName":"HTTP Request","nodeId":"e9955f9b-1b33-4709-884f-be7e5f94d5da"}}
{"__type":"$$EventMessageConfirm","confirm":"3028aa56-baa2-4053-b513-c1004f542bb7","ts":"2025-07-06T12:23:39.999-04:00","source":{"id":"0","name":"eventBus"}}
{"__type":"$$EventMessageNode","id":"e1599cb9-95a8-4b7f-b217-721d16e251e5","ts":"2025-07-06T12:23:40.059-04:00","eventName":"n8n.node.finished","message":"n8n.node.finished","payload":{"workflowId":"Wrl2vxBGjxVylcY1","workflowName":"My workflow","executionId":"26","nodeType":"n8n-nodes-base.httpRequest","nodeName":"HTTP Request","nodeId":"e9955f9b-1b33-4709-884f-be7e5f94d5da"}}
{"__type":"$$EventMessageConfirm","confirm":"e1599cb9-95a8-4b7f-b217-721d16e251e5","ts":"2025-07-06T12:23:40.059-04:00","source":{"id":"0","name":"eventBus"}}
{"__type":"$$EventMessageWorkflow","id":"b8d02b5e-3a78-4952-b939-65bac0afed64","ts":"2025-07-06T12:23:40.059-04:00","eventName":"n8n.workflow.failed","message":"n8n.workflow.failed","payload":{"executionId":"26","success":false,"isManual":false,"workflowId":"Wrl2vxBGjxVylcY1","workflowName":"My workflow","lastNodeExecuted":"HTTP Request","errorNodeType":"n8n-nodes-base.httpRequest","errorMessage":"Authorization failed - please check your credentials"}}
{"__type":"$$EventMessageConfirm","confirm":"b8d02b5e-3a78-4952-b939-65bac0afed64","ts":"2025-07-06T12:23:40.059-04:00","source":{"id":"0","name":"eventBus"}}
{"__type":"$$EventMessageAudit","id":"b9ae7f18-79a2-4909-a170-7111f6c4d7c8","ts":"2025-07-06T12:24:07.152-04:00","eventName":"n8n.audit.workflow.updated","message":"n8n.audit.workflow.updated","payload":{"userId":"166b4f68-702c-47b0-ac09-a36fb82141d6","_email":"a_murooka@japan-agi.com","_firstName":"Bonjin","_lastName":"OyaZ","globalRole":"global:owner","workflowId":"Wrl2vxBGjxVylcY1","workflowName":"My workflow"}}
{"__type":"$$EventMessageConfirm","confirm":"b9ae7f18-79a2-4909-a170-7111f6c4d7c8","ts":"2025-07-06T12:24:07.153-04:00","source":{"id":"0","name":"eventBus"}}
{"__type":"$$EventMessageWorkflow","id":"041d6f9d-966d-4926-9ade-eb897d48a2c4","ts":"2025-07-06T12:24:30.370-04:00","eventName":"n8n.workflow.started","message":"n8n.workflow.started","payload":{"executionId":"27","workflowId":"Wrl2vxBGjxVylcY1","isManual":false,"workflowName":"My workflow"}}
{"__type":"$$EventMessageConfirm","confirm":"041d6f9d-966d-4926-9ade-eb897d48a2c4","ts":"2025-07-06T12:24:30.370-04:00","source":{"id":"0","name":"eventBus"}}
{"__type":"$$EventMessageNode","id":"1c645019-5192-40f8-b5f0-17e29f5346df","ts":"2025-07-06T12:24:30.371-04:00","eventName":"n8n.node.started","message":"n8n.node.started","payload":{"workflowId":"Wrl2vxBGjxVylcY1","workflowName":"My workflow","executionId":"27","nodeType":"n8n-nodes-base.webhook","nodeName":"Webhook-POST","nodeId":"b6c443f9-c5cc-4b9a-b172-3403a0005da2"}}
{"__type":"$$EventMessageConfirm","confirm":"1c645019-5192-40f8-b5f0-17e29f5346df","ts":"2025-07-06T12:24:30.371-04:00","source":{"id":"0","name":"eventBus"}}
{"__type":"$$EventMessageNode","id":"364d757c-f1f1-464f-a88d-fe89d79f2cc4","ts":"2025-07-06T12:24:30.371-04:00","eventName":"n8n.node.finished","message":"n8n.node.finished","payload":{"workflowId":"Wrl2vxBGjxVylcY1","workflowName":"My workflow","executionId":"27","nodeType":"n8n-nodes-base.webhook","nodeName":"Webhook-POST","nodeId":"b6c443f9-c5cc-4b9a-b172-3403a0005da2"}}
{"__type":"$$EventMessageConfirm","confirm":"364d757c-f1f1-464f-a88d-fe89d79f2cc4","ts":"2025-07-06T12:24:30.371-04:00","source":{"id":"0","name":"eventBus"}}
{"__type":"$$EventMessageNode","id":"669600b4-5b5c-4516-9d96-0db3566bcad5","ts":"2025-07-06T12:24:30.372-04:00","eventName":"n8n.node.started","message":"n8n.node.started","payload":{"workflowId":"Wrl2vxBGjxVylcY1","workflowName":"My workflow","executionId":"27","nodeType":"n8n-nodes-base.code","nodeName":"Code1","nodeId":"1121b538-c4c6-4481-9601-6e9c456fe6ad"}}
{"__type":"$$EventMessageConfirm","confirm":"669600b4-5b5c-4516-9d96-0db3566bcad5","ts":"2025-07-06T12:24:30.372-04:00","source":{"id":"0","name":"eventBus"}}
{"__type":"$$EventMessageNode","id":"615e346e-828f-406c-89c3-63738fed72b2","ts":"2025-07-06T12:24:30.381-04:00","eventName":"n8n.node.finished","message":"n8n.node.finished","payload":{"workflowId":"Wrl2vxBGjxVylcY1","workflowName":"My workflow","executionId":"27","nodeType":"n8n-nodes-base.code","nodeName":"Code1","nodeId":"1121b538-c4c6-4481-9601-6e9c456fe6ad"}}
{"__type":"$$EventMessageConfirm","confirm":"615e346e-828f-406c-89c3-63738fed72b2","ts":"2025-07-06T12:24:30.381-04:00","source":{"id":"0","name":"eventBus"}}
{"__type":"$$EventMessageNode","id":"8ac1eb21-afd5-4e9a-b6b0-c662007e8efb","ts":"2025-07-06T12:24:30.381-04:00","eventName":"n8n.node.started","message":"n8n.node.started","payload":{"workflowId":"Wrl2vxBGjxVylcY1","workflowName":"My workflow","executionId":"27","nodeType":"n8n-nodes-base.executeCommand","nodeName":"Execute Command","nodeId":"0b10da04-2806-4f86-98ca-a516b49627ed"}}
{"__type":"$$EventMessageConfirm","confirm":"8ac1eb21-afd5-4e9a-b6b0-c662007e8efb","ts":"2025-07-06T12:24:30.381-04:00","source":{"id":"0","name":"eventBus"}}
{"__type":"$$EventMessageNode","id":"29e0eb58-36a6-49f9-b632-3d1422f7eb14","ts":"2025-07-06T12:24:51.665-04:00","eventName":"n8n.node.finished","message":"n8n.node.finished","payload":{"workflowId":"Wrl2vxBGjxVylcY1","workflowName":"My workflow","executionId":"27","nodeType":"n8n-nodes-base.executeCommand","nodeName":"Execute Command","nodeId":"0b10da04-2806-4f86-98ca-a516b49627ed"}}
{"__type":"$$EventMessageConfirm","confirm":"29e0eb58-36a6-49f9-b632-3d1422f7eb14","ts":"2025-07-06T12:24:51.665-04:00","source":{"id":"0","name":"eventBus"}}
{"__type":"$$EventMessageNode","id":"3b6dd315-36a5-48b1-9a95-3186d5439981","ts":"2025-07-06T12:24:51.665-04:00","eventName":"n8n.node.started","message":"n8n.node.started","payload":{"workflowId":"Wrl2vxBGjxVylcY1","workflowName":"My workflow","executionId":"27","nodeType":"n8n-nodes-base.httpRequest","nodeName":"HTTP Request","nodeId":"e9955f9b-1b33-4709-884f-be7e5f94d5da"}}
{"__type":"$$EventMessageConfirm","confirm":"3b6dd315-36a5-48b1-9a95-3186d5439981","ts":"2025-07-06T12:24:51.665-04:00","source":{"id":"0","name":"eventBus"}}
{"__type":"$$EventMessageNode","id":"0874d9bb-efc8-4fd8-a07d-509190749892","ts":"2025-07-06T12:24:51.745-04:00","eventName":"n8n.node.finished","message":"n8n.node.finished","payload":{"workflowId":"Wrl2vxBGjxVylcY1","workflowName":"My workflow","executionId":"27","nodeType":"n8n-nodes-base.httpRequest","nodeName":"HTTP Request","nodeId":"e9955f9b-1b33-4709-884f-be7e5f94d5da"}}
{"__type":"$$EventMessageConfirm","confirm":"0874d9bb-efc8-4fd8-a07d-509190749892","ts":"2025-07-06T12:24:51.746-04:00","source":{"id":"0","name":"eventBus"}}
{"__type":"$$EventMessageWorkflow","id":"91acb717-796b-45e9-b9e7-d83705a835d8","ts":"2025-07-06T12:24:51.746-04:00","eventName":"n8n.workflow.failed","message":"n8n.workflow.failed","payload":{"executionId":"27","success":false,"isManual":false,"workflowId":"Wrl2vxBGjxVylcY1","workflowName":"My workflow","lastNodeExecuted":"HTTP Request","errorNodeType":"n8n-nodes-base.httpRequest","errorMessage":"Authorization failed - please check your credentials"}}
{"__type":"$$EventMessageConfirm","confirm":"91acb717-796b-45e9-b9e7-d83705a835d8","ts":"2025-07-06T12:24:51.746-04:00","source":{"id":"0","name":"eventBus"}}
{"__type":"$$EventMessageAudit","id":"d99d7776-dac0-4527-9907-949277be5ffa","ts":"2025-07-06T12:32:49.235-04:00","eventName":"n8n.audit.workflow.updated","message":"n8n.audit.workflow.updated","payload":{"userId":"166b4f68-702c-47b0-ac09-a36fb82141d6","_email":"a_murooka@japan-agi.com","_firstName":"Bonjin","_lastName":"OyaZ","globalRole":"global:owner","workflowId":"Wrl2vxBGjxVylcY1","workflowName":"My workflow"}}
{"__type":"$$EventMessageConfirm","confirm":"d99d7776-dac0-4527-9907-949277be5ffa","ts":"2025-07-06T12:32:49.235-04:00","source":{"id":"0","name":"eventBus"}}
{"__type":"$$EventMessageWorkflow","id":"e5218f95-1dad-4186-a2f2-1bc6cdcdd730","ts":"2025-07-06T12:33:00.420-04:00","eventName":"n8n.workflow.started","message":"n8n.workflow.started","payload":{"executionId":"28","workflowId":"Wrl2vxBGjxVylcY1","isManual":false,"workflowName":"My workflow"}}
{"__type":"$$EventMessageConfirm","confirm":"e5218f95-1dad-4186-a2f2-1bc6cdcdd730","ts":"2025-07-06T12:33:00.420-04:00","source":{"id":"0","name":"eventBus"}}
{"__type":"$$EventMessageNode","id":"02c5d5a1-5565-4b82-a158-90792dc49ac1","ts":"2025-07-06T12:33:00.421-04:00","eventName":"n8n.node.started","message":"n8n.node.started","payload":{"workflowId":"Wrl2vxBGjxVylcY1","workflowName":"My workflow","executionId":"28","nodeType":"n8n-nodes-base.webhook","nodeName":"Webhook-POST","nodeId":"b6c443f9-c5cc-4b9a-b172-3403a0005da2"}}
{"__type":"$$EventMessageConfirm","confirm":"02c5d5a1-5565-4b82-a158-90792dc49ac1","ts":"2025-07-06T12:33:00.421-04:00","source":{"id":"0","name":"eventBus"}}
{"__type":"$$EventMessageNode","id":"a583cfbd-d29f-4f3e-9bf3-71f94b98a208","ts":"2025-07-06T12:33:00.421-04:00","eventName":"n8n.node.finished","message":"n8n.node.finished","payload":{"workflowId":"Wrl2vxBGjxVylcY1","workflowName":"My workflow","executionId":"28","nodeType":"n8n-nodes-base.webhook","nodeName":"Webhook-POST","nodeId":"b6c443f9-c5cc-4b9a-b172-3403a0005da2"}}
{"__type":"$$EventMessageConfirm","confirm":"a583cfbd-d29f-4f3e-9bf3-71f94b98a208","ts":"2025-07-06T12:33:00.421-04:00","source":{"id":"0","name":"eventBus"}}
{"__type":"$$EventMessageNode","id":"c360ecd7-6db5-4b17-b3e3-6df6be85f5ef","ts":"2025-07-06T12:33:00.421-04:00","eventName":"n8n.node.started","message":"n8n.node.started","payload":{"workflowId":"Wrl2vxBGjxVylcY1","workflowName":"My workflow","executionId":"28","nodeType":"n8n-nodes-base.code","nodeName":"Code","nodeId":"6f471532-00f1-404d-8dd0-7a1129fd644a"}}
{"__type":"$$EventMessageConfirm","confirm":"c360ecd7-6db5-4b17-b3e3-6df6be85f5ef","ts":"2025-07-06T12:33:00.421-04:00","source":{"id":"0","name":"eventBus"}}
{"__type":"$$EventMessageNode","id":"c3899e88-0e0b-41ed-aaf2-b66b86406b01","ts":"2025-07-06T12:33:00.426-04:00","eventName":"n8n.node.finished","message":"n8n.node.finished","payload":{"workflowId":"Wrl2vxBGjxVylcY1","workflowName":"My workflow","executionId":"28","nodeType":"n8n-nodes-base.code","nodeName":"Code","nodeId":"6f471532-00f1-404d-8dd0-7a1129fd644a"}}
{"__type":"$$EventMessageConfirm","confirm":"c3899e88-0e0b-41ed-aaf2-b66b86406b01","ts":"2025-07-06T12:33:00.426-04:00","source":{"id":"0","name":"eventBus"}}
{"__type":"$$EventMessageNode","id":"efd11bbc-81ea-48ee-bfda-4c0e7300b08d","ts":"2025-07-06T12:33:00.426-04:00","eventName":"n8n.node.started","message":"n8n.node.started","payload":{"workflowId":"Wrl2vxBGjxVylcY1","workflowName":"My workflow","executionId":"28","nodeType":"n8n-nodes-base.executeCommand","nodeName":"Execute Command","nodeId":"0b10da04-2806-4f86-98ca-a516b49627ed"}}
{"__type":"$$EventMessageConfirm","confirm":"efd11bbc-81ea-48ee-bfda-4c0e7300b08d","ts":"2025-07-06T12:33:00.426-04:00","source":{"id":"0","name":"eventBus"}}
{"__type":"$$EventMessageNode","id":"1a42effc-68ed-4448-8859-f59c58758739","ts":"2025-07-06T12:33:12.964-04:00","eventName":"n8n.node.finished","message":"n8n.node.finished","payload":{"workflowId":"Wrl2vxBGjxVylcY1","workflowName":"My workflow","executionId":"28","nodeType":"n8n-nodes-base.executeCommand","nodeName":"Execute Command","nodeId":"0b10da04-2806-4f86-98ca-a516b49627ed"}}
{"__type":"$$EventMessageConfirm","confirm":"1a42effc-68ed-4448-8859-f59c58758739","ts":"2025-07-06T12:33:12.964-04:00","source":{"id":"0","name":"eventBus"}}
{"__type":"$$EventMessageNode","id":"6809ce3d-7683-4b07-bf31-2d275d27969d","ts":"2025-07-06T12:33:12.964-04:00","eventName":"n8n.node.started","message":"n8n.node.started","payload":{"workflowId":"Wrl2vxBGjxVylcY1","workflowName":"My workflow","executionId":"28","nodeType":"n8n-nodes-base.httpRequest","nodeName":"HTTP Request","nodeId":"e9955f9b-1b33-4709-884f-be7e5f94d5da"}}
{"__type":"$$EventMessageConfirm","confirm":"6809ce3d-7683-4b07-bf31-2d275d27969d","ts":"2025-07-06T12:33:12.964-04:00","source":{"id":"0","name":"eventBus"}}
{"__type":"$$EventMessageNode","id":"6d5e7956-2dff-424b-8b79-94561c9c203c","ts":"2025-07-06T12:33:13.094-04:00","eventName":"n8n.node.finished","message":"n8n.node.finished","payload":{"workflowId":"Wrl2vxBGjxVylcY1","workflowName":"My workflow","executionId":"28","nodeType":"n8n-nodes-base.httpRequest","nodeName":"HTTP Request","nodeId":"e9955f9b-1b33-4709-884f-be7e5f94d5da"}}
{"__type":"$$EventMessageConfirm","confirm":"6d5e7956-2dff-424b-8b79-94561c9c203c","ts":"2025-07-06T12:33:13.094-04:00","source":{"id":"0","name":"eventBus"}}
{"__type":"$$EventMessageWorkflow","id":"925cc4a6-9a21-49ef-890a-ca7716f63e19","ts":"2025-07-06T12:33:13.095-04:00","eventName":"n8n.workflow.success","message":"n8n.workflow.success","payload":{"executionId":"28","success":true,"isManual":false,"workflowId":"Wrl2vxBGjxVylcY1","workflowName":"My workflow"}}
{"__type":"$$EventMessageConfirm","confirm":"925cc4a6-9a21-49ef-890a-ca7716f63e19","ts":"2025-07-06T12:33:13.095-04:00","source":{"id":"0","name":"eventBus"}}
{"__type":"$$EventMessageWorkflow","id":"46f7bd82-c315-4064-a472-61941660ca15","ts":"2025-07-06T12:33:23.756-04:00","eventName":"n8n.workflow.started","message":"n8n.workflow.started","payload":{"executionId":"29","workflowId":"Wrl2vxBGjxVylcY1","isManual":false,"workflowName":"My workflow"}}
{"__type":"$$EventMessageConfirm","confirm":"46f7bd82-c315-4064-a472-61941660ca15","ts":"2025-07-06T12:33:23.756-04:00","source":{"id":"0","name":"eventBus"}}
{"__type":"$$EventMessageNode","id":"52773af4-0810-4372-8bd4-b4bdce3e24b9","ts":"2025-07-06T12:33:23.757-04:00","eventName":"n8n.node.started","message":"n8n.node.started","payload":{"workflowId":"Wrl2vxBGjxVylcY1","workflowName":"My workflow","executionId":"29","nodeType":"n8n-nodes-base.webhook","nodeName":"Webhook-POST","nodeId":"b6c443f9-c5cc-4b9a-b172-3403a0005da2"}}
{"__type":"$$EventMessageConfirm","confirm":"52773af4-0810-4372-8bd4-b4bdce3e24b9","ts":"2025-07-06T12:33:23.757-04:00","source":{"id":"0","name":"eventBus"}}
{"__type":"$$EventMessageNode","id":"2f4e2d19-3bd6-449f-abe3-3fd68b9b4fb4","ts":"2025-07-06T12:33:23.757-04:00","eventName":"n8n.node.finished","message":"n8n.node.finished","payload":{"workflowId":"Wrl2vxBGjxVylcY1","workflowName":"My workflow","executionId":"29","nodeType":"n8n-nodes-base.webhook","nodeName":"Webhook-POST","nodeId":"b6c443f9-c5cc-4b9a-b172-3403a0005da2"}}
{"__type":"$$EventMessageConfirm","confirm":"2f4e2d19-3bd6-449f-abe3-3fd68b9b4fb4","ts":"2025-07-06T12:33:23.757-04:00","source":{"id":"0","name":"eventBus"}}
{"__type":"$$EventMessageNode","id":"1ec37e83-4a33-4fe2-92e5-6e58783e95e4","ts":"2025-07-06T12:33:23.757-04:00","eventName":"n8n.node.started","message":"n8n.node.started","payload":{"workflowId":"Wrl2vxBGjxVylcY1","workflowName":"My workflow","executionId":"29","nodeType":"n8n-nodes-base.code","nodeName":"Code","nodeId":"6f471532-00f1-404d-8dd0-7a1129fd644a"}}
{"__type":"$$EventMessageConfirm","confirm":"1ec37e83-4a33-4fe2-92e5-6e58783e95e4","ts":"2025-07-06T12:33:23.757-04:00","source":{"id":"0","name":"eventBus"}}
{"__type":"$$EventMessageNode","id":"18f6a023-4d4c-4340-8c2e-10adeecfa70c","ts":"2025-07-06T12:33:23.761-04:00","eventName":"n8n.node.finished","message":"n8n.node.finished","payload":{"workflowId":"Wrl2vxBGjxVylcY1","workflowName":"My workflow","executionId":"29","nodeType":"n8n-nodes-base.code","nodeName":"Code","nodeId":"6f471532-00f1-404d-8dd0-7a1129fd644a"}}
{"__type":"$$EventMessageConfirm","confirm":"18f6a023-4d4c-4340-8c2e-10adeecfa70c","ts":"2025-07-06T12:33:23.761-04:00","source":{"id":"0","name":"eventBus"}}
{"__type":"$$EventMessageNode","id":"f5944ccf-d136-4aec-874d-c912b212f4d7","ts":"2025-07-06T12:33:23.761-04:00","eventName":"n8n.node.started","message":"n8n.node.started","payload":{"workflowId":"Wrl2vxBGjxVylcY1","workflowName":"My workflow","executionId":"29","nodeType":"n8n-nodes-base.executeCommand","nodeName":"Execute Command","nodeId":"0b10da04-2806-4f86-98ca-a516b49627ed"}}
{"__type":"$$EventMessageConfirm","confirm":"f5944ccf-d136-4aec-874d-c912b212f4d7","ts":"2025-07-06T12:33:23.761-04:00","source":{"id":"0","name":"eventBus"}}
{"__type":"$$EventMessageNode","id":"f74bb0a3-35c5-4167-a2db-d4a18f0e9f32","ts":"2025-07-06T12:33:52.734-04:00","eventName":"n8n.node.finished","message":"n8n.node.finished","payload":{"workflowId":"Wrl2vxBGjxVylcY1","workflowName":"My workflow","executionId":"29","nodeType":"n8n-nodes-base.executeCommand","nodeName":"Execute Command","nodeId":"0b10da04-2806-4f86-98ca-a516b49627ed"}}
{"__type":"$$EventMessageConfirm","confirm":"f74bb0a3-35c5-4167-a2db-d4a18f0e9f32","ts":"2025-07-06T12:33:52.734-04:00","source":{"id":"0","name":"eventBus"}}
{"__type":"$$EventMessageNode","id":"5abd8bfa-dc3a-427c-b473-256fe9115961","ts":"2025-07-06T12:33:52.734-04:00","eventName":"n8n.node.started","message":"n8n.node.started","payload":{"workflowId":"Wrl2vxBGjxVylcY1","workflowName":"My workflow","executionId":"29","nodeType":"n8n-nodes-base.httpRequest","nodeName":"HTTP Request","nodeId":"e9955f9b-1b33-4709-884f-be7e5f94d5da"}}
{"__type":"$$EventMessageConfirm","confirm":"5abd8bfa-dc3a-427c-b473-256fe9115961","ts":"2025-07-06T12:33:52.734-04:00","source":{"id":"0","name":"eventBus"}}
{"__type":"$$EventMessageNode","id":"0fa17903-9272-4d68-a96d-91651069b2ea","ts":"2025-07-06T12:33:52.854-04:00","eventName":"n8n.node.finished","message":"n8n.node.finished","payload":{"workflowId":"Wrl2vxBGjxVylcY1","workflowName":"My workflow","executionId":"29","nodeType":"n8n-nodes-base.httpRequest","nodeName":"HTTP Request","nodeId":"e9955f9b-1b33-4709-884f-be7e5f94d5da"}}
{"__type":"$$EventMessageConfirm","confirm":"0fa17903-9272-4d68-a96d-91651069b2ea","ts":"2025-07-06T12:33:52.854-04:00","source":{"id":"0","name":"eventBus"}}
{"__type":"$$EventMessageWorkflow","id":"de79eb60-f253-42a9-933c-00e9cc58c81d","ts":"2025-07-06T12:33:52.855-04:00","eventName":"n8n.workflow.success","message":"n8n.workflow.success","payload":{"executionId":"29","success":true,"isManual":false,"workflowId":"Wrl2vxBGjxVylcY1","workflowName":"My workflow"}}
{"__type":"$$EventMessageConfirm","confirm":"de79eb60-f253-42a9-933c-00e9cc58c81d","ts":"2025-07-06T12:33:52.855-04:00","source":{"id":"0","name":"eventBus"}}
{"__type":"$$EventMessageWorkflow","id":"7a4c54e6-7d66-4454-b4db-b8201a3b0210","ts":"2025-07-06T12:34:57.472-04:00","eventName":"n8n.workflow.started","message":"n8n.workflow.started","payload":{"executionId":"30","workflowId":"Wrl2vxBGjxVylcY1","isManual":false,"workflowName":"My workflow"}}
{"__type":"$$EventMessageConfirm","confirm":"7a4c54e6-7d66-4454-b4db-b8201a3b0210","ts":"2025-07-06T12:34:57.473-04:00","source":{"id":"0","name":"eventBus"}}
{"__type":"$$EventMessageNode","id":"63d8ae1f-949a-4eb3-9c7f-b61b4718619d","ts":"2025-07-06T12:34:57.473-04:00","eventName":"n8n.node.started","message":"n8n.node.started","payload":{"workflowId":"Wrl2vxBGjxVylcY1","workflowName":"My workflow","executionId":"30","nodeType":"n8n-nodes-base.webhook","nodeName":"Webhook-POST","nodeId":"b6c443f9-c5cc-4b9a-b172-3403a0005da2"}}
{"__type":"$$EventMessageConfirm","confirm":"63d8ae1f-949a-4eb3-9c7f-b61b4718619d","ts":"2025-07-06T12:34:57.473-04:00","source":{"id":"0","name":"eventBus"}}
{"__type":"$$EventMessageNode","id":"0da11ec2-85a1-4c7e-b386-7657ae5cdd74","ts":"2025-07-06T12:34:57.473-04:00","eventName":"n8n.node.finished","message":"n8n.node.finished","payload":{"workflowId":"Wrl2vxBGjxVylcY1","workflowName":"My workflow","executionId":"30","nodeType":"n8n-nodes-base.webhook","nodeName":"Webhook-POST","nodeId":"b6c443f9-c5cc-4b9a-b172-3403a0005da2"}}
{"__type":"$$EventMessageConfirm","confirm":"0da11ec2-85a1-4c7e-b386-7657ae5cdd74","ts":"2025-07-06T12:34:57.473-04:00","source":{"id":"0","name":"eventBus"}}
{"__type":"$$EventMessageNode","id":"27a5ae27-1919-417b-bba4-0f64dfe56a75","ts":"2025-07-06T12:34:57.473-04:00","eventName":"n8n.node.started","message":"n8n.node.started","payload":{"workflowId":"Wrl2vxBGjxVylcY1","workflowName":"My workflow","executionId":"30","nodeType":"n8n-nodes-base.code","nodeName":"Code","nodeId":"6f471532-00f1-404d-8dd0-7a1129fd644a"}}
{"__type":"$$EventMessageConfirm","confirm":"27a5ae27-1919-417b-bba4-0f64dfe56a75","ts":"2025-07-06T12:34:57.473-04:00","source":{"id":"0","name":"eventBus"}}
{"__type":"$$EventMessageNode","id":"d626df50-b0ac-41c0-91bb-a27dd45a6ec1","ts":"2025-07-06T12:34:57.479-04:00","eventName":"n8n.node.finished","message":"n8n.node.finished","payload":{"workflowId":"Wrl2vxBGjxVylcY1","workflowName":"My workflow","executionId":"30","nodeType":"n8n-nodes-base.code","nodeName":"Code","nodeId":"6f471532-00f1-404d-8dd0-7a1129fd644a"}}
{"__type":"$$EventMessageConfirm","confirm":"d626df50-b0ac-41c0-91bb-a27dd45a6ec1","ts":"2025-07-06T12:34:57.480-04:00","source":{"id":"0","name":"eventBus"}}
{"__type":"$$EventMessageNode","id":"30f4e591-61a4-4fc8-ac84-38fe6e30f738","ts":"2025-07-06T12:34:57.480-04:00","eventName":"n8n.node.started","message":"n8n.node.started","payload":{"workflowId":"Wrl2vxBGjxVylcY1","workflowName":"My workflow","executionId":"30","nodeType":"n8n-nodes-base.executeCommand","nodeName":"Execute Command","nodeId":"0b10da04-2806-4f86-98ca-a516b49627ed"}}
{"__type":"$$EventMessageConfirm","confirm":"30f4e591-61a4-4fc8-ac84-38fe6e30f738","ts":"2025-07-06T12:34:57.480-04:00","source":{"id":"0","name":"eventBus"}}
{"__type":"$$EventMessageNode","id":"f1f260fa-3f72-42c1-972d-7a766d3ec0b4","ts":"2025-07-06T12:35:25.249-04:00","eventName":"n8n.node.finished","message":"n8n.node.finished","payload":{"workflowId":"Wrl2vxBGjxVylcY1","workflowName":"My workflow","executionId":"30","nodeType":"n8n-nodes-base.executeCommand","nodeName":"Execute Command","nodeId":"0b10da04-2806-4f86-98ca-a516b49627ed"}}
{"__type":"$$EventMessageConfirm","confirm":"f1f260fa-3f72-42c1-972d-7a766d3ec0b4","ts":"2025-07-06T12:35:25.249-04:00","source":{"id":"0","name":"eventBus"}}
{"__type":"$$EventMessageNode","id":"bdf8e510-db9d-454f-b542-566425bb62fb","ts":"2025-07-06T12:35:25.249-04:00","eventName":"n8n.node.started","message":"n8n.node.started","payload":{"workflowId":"Wrl2vxBGjxVylcY1","workflowName":"My workflow","executionId":"30","nodeType":"n8n-nodes-base.httpRequest","nodeName":"HTTP Request","nodeId":"e9955f9b-1b33-4709-884f-be7e5f94d5da"}}
{"__type":"$$EventMessageConfirm","confirm":"bdf8e510-db9d-454f-b542-566425bb62fb","ts":"2025-07-06T12:35:25.249-04:00","source":{"id":"0","name":"eventBus"}}
{"__type":"$$EventMessageNode","id":"9b680e2a-081a-4bd9-aeb1-dd38a746d51f","ts":"2025-07-06T12:35:25.372-04:00","eventName":"n8n.node.finished","message":"n8n.node.finished","payload":{"workflowId":"Wrl2vxBGjxVylcY1","workflowName":"My workflow","executionId":"30","nodeType":"n8n-nodes-base.httpRequest","nodeName":"HTTP Request","nodeId":"e9955f9b-1b33-4709-884f-be7e5f94d5da"}}
{"__type":"$$EventMessageConfirm","confirm":"9b680e2a-081a-4bd9-aeb1-dd38a746d51f","ts":"2025-07-06T12:35:25.372-04:00","source":{"id":"0","name":"eventBus"}}
{"__type":"$$EventMessageWorkflow","id":"37581d83-1b9c-44d6-95df-bc0aedad9973","ts":"2025-07-06T12:35:25.373-04:00","eventName":"n8n.workflow.success","message":"n8n.workflow.success","payload":{"executionId":"30","success":true,"isManual":false,"workflowId":"Wrl2vxBGjxVylcY1","workflowName":"My workflow"}}
{"__type":"$$EventMessageConfirm","confirm":"37581d83-1b9c-44d6-95df-bc0aedad9973","ts":"2025-07-06T12:35:25.373-04:00","source":{"id":"0","name":"eventBus"}}
{"__type":"$$EventMessageWorkflow","id":"c470b31b-4b55-4a29-bd15-a4896e96a890","ts":"2025-07-06T12:38:21.511-04:00","eventName":"n8n.workflow.started","message":"n8n.workflow.started","payload":{"executionId":"31","workflowId":"Wrl2vxBGjxVylcY1","isManual":false,"workflowName":"My workflow"}}
{"__type":"$$EventMessageConfirm","confirm":"c470b31b-4b55-4a29-bd15-a4896e96a890","ts":"2025-07-06T12:38:21.511-04:00","source":{"id":"0","name":"eventBus"}}
{"__type":"$$EventMessageNode","id":"5da4a1e2-5c10-4a23-8e85-97d59569839f","ts":"2025-07-06T12:38:21.512-04:00","eventName":"n8n.node.started","message":"n8n.node.started","payload":{"workflowId":"Wrl2vxBGjxVylcY1","workflowName":"My workflow","executionId":"31","nodeType":"n8n-nodes-base.webhook","nodeName":"Webhook-POST","nodeId":"b6c443f9-c5cc-4b9a-b172-3403a0005da2"}}
{"__type":"$$EventMessageConfirm","confirm":"5da4a1e2-5c10-4a23-8e85-97d59569839f","ts":"2025-07-06T12:38:21.512-04:00","source":{"id":"0","name":"eventBus"}}
{"__type":"$$EventMessageNode","id":"6da79914-b8e4-48bd-bf08-4c5f40f59e64","ts":"2025-07-06T12:38:21.512-04:00","eventName":"n8n.node.finished","message":"n8n.node.finished","payload":{"workflowId":"Wrl2vxBGjxVylcY1","workflowName":"My workflow","executionId":"31","nodeType":"n8n-nodes-base.webhook","nodeName":"Webhook-POST","nodeId":"b6c443f9-c5cc-4b9a-b172-3403a0005da2"}}
{"__type":"$$EventMessageConfirm","confirm":"6da79914-b8e4-48bd-bf08-4c5f40f59e64","ts":"2025-07-06T12:38:21.513-04:00","source":{"id":"0","name":"eventBus"}}
{"__type":"$$EventMessageNode","id":"68c5b1af-4bab-44c2-9036-cfebc6df027a","ts":"2025-07-06T12:38:21.513-04:00","eventName":"n8n.node.started","message":"n8n.node.started","payload":{"workflowId":"Wrl2vxBGjxVylcY1","workflowName":"My workflow","executionId":"31","nodeType":"n8n-nodes-base.code","nodeName":"Code","nodeId":"6f471532-00f1-404d-8dd0-7a1129fd644a"}}
{"__type":"$$EventMessageConfirm","confirm":"68c5b1af-4bab-44c2-9036-cfebc6df027a","ts":"2025-07-06T12:38:21.513-04:00","source":{"id":"0","name":"eventBus"}}
{"__type":"$$EventMessageNode","id":"c3673f45-d3fc-4510-903b-a19c58ea9b2d","ts":"2025-07-06T12:38:21.518-04:00","eventName":"n8n.node.finished","message":"n8n.node.finished","payload":{"workflowId":"Wrl2vxBGjxVylcY1","workflowName":"My workflow","executionId":"31","nodeType":"n8n-nodes-base.code","nodeName":"Code","nodeId":"6f471532-00f1-404d-8dd0-7a1129fd644a"}}
{"__type":"$$EventMessageConfirm","confirm":"c3673f45-d3fc-4510-903b-a19c58ea9b2d","ts":"2025-07-06T12:38:21.518-04:00","source":{"id":"0","name":"eventBus"}}
{"__type":"$$EventMessageNode","id":"eec41210-de45-426e-9ca5-39daba4d9f60","ts":"2025-07-06T12:38:21.519-04:00","eventName":"n8n.node.started","message":"n8n.node.started","payload":{"workflowId":"Wrl2vxBGjxVylcY1","workflowName":"My workflow","executionId":"31","nodeType":"n8n-nodes-base.executeCommand","nodeName":"Execute Command","nodeId":"0b10da04-2806-4f86-98ca-a516b49627ed"}}
{"__type":"$$EventMessageConfirm","confirm":"eec41210-de45-426e-9ca5-39daba4d9f60","ts":"2025-07-06T12:38:21.519-04:00","source":{"id":"0","name":"eventBus"}}
{"__type":"$$EventMessageNode","id":"c90004b1-89bc-4510-b770-928bcab8d444","ts":"2025-07-06T12:38:40.947-04:00","eventName":"n8n.node.finished","message":"n8n.node.finished","payload":{"workflowId":"Wrl2vxBGjxVylcY1","workflowName":"My workflow","executionId":"31","nodeType":"n8n-nodes-base.executeCommand","nodeName":"Execute Command","nodeId":"0b10da04-2806-4f86-98ca-a516b49627ed"}}
{"__type":"$$EventMessageConfirm","confirm":"c90004b1-89bc-4510-b770-928bcab8d444","ts":"2025-07-06T12:38:40.947-04:00","source":{"id":"0","name":"eventBus"}}
{"__type":"$$EventMessageNode","id":"c6575fd8-397f-46fc-9bd5-73e8707ce552","ts":"2025-07-06T12:38:40.947-04:00","eventName":"n8n.node.started","message":"n8n.node.started","payload":{"workflowId":"Wrl2vxBGjxVylcY1","workflowName":"My workflow","executionId":"31","nodeType":"n8n-nodes-base.httpRequest","nodeName":"HTTP Request","nodeId":"e9955f9b-1b33-4709-884f-be7e5f94d5da"}}
{"__type":"$$EventMessageConfirm","confirm":"c6575fd8-397f-46fc-9bd5-73e8707ce552","ts":"2025-07-06T12:38:40.947-04:00","source":{"id":"0","name":"eventBus"}}
{"__type":"$$EventMessageNode","id":"135e3371-4be2-43c8-9f99-a8cc8eb988ac","ts":"2025-07-06T12:38:41.051-04:00","eventName":"n8n.node.finished","message":"n8n.node.finished","payload":{"workflowId":"Wrl2vxBGjxVylcY1","workflowName":"My workflow","executionId":"31","nodeType":"n8n-nodes-base.httpRequest","nodeName":"HTTP Request","nodeId":"e9955f9b-1b33-4709-884f-be7e5f94d5da"}}
{"__type":"$$EventMessageConfirm","confirm":"135e3371-4be2-43c8-9f99-a8cc8eb988ac","ts":"2025-07-06T12:38:41.052-04:00","source":{"id":"0","name":"eventBus"}}
{"__type":"$$EventMessageWorkflow","id":"37aecb9f-0424-42c7-81e7-57c55fbf6636","ts":"2025-07-06T12:38:41.058-04:00","eventName":"n8n.workflow.success","message":"n8n.workflow.success","payload":{"executionId":"31","success":true,"isManual":false,"workflowId":"Wrl2vxBGjxVylcY1","workflowName":"My workflow"}}
{"__type":"$$EventMessageConfirm","confirm":"37aecb9f-0424-42c7-81e7-57c55fbf6636","ts":"2025-07-06T12:38:41.058-04:00","source":{"id":"0","name":"eventBus"}}
{"__type":"$$EventMessageWorkflow","id":"8b4d58ce-d697-4ed1-9acf-d1e4e42188be","ts":"2025-07-06T12:39:06.736-04:00","eventName":"n8n.workflow.started","message":"n8n.workflow.started","payload":{"executionId":"32","workflowId":"Wrl2vxBGjxVylcY1","isManual":false,"workflowName":"My workflow"}}
{"__type":"$$EventMessageConfirm","confirm":"8b4d58ce-d697-4ed1-9acf-d1e4e42188be","ts":"2025-07-06T12:39:06.737-04:00","source":{"id":"0","name":"eventBus"}}
{"__type":"$$EventMessageNode","id":"bdeeede6-c076-4098-890a-195d86b52a9a","ts":"2025-07-06T12:39:06.737-04:00","eventName":"n8n.node.started","message":"n8n.node.started","payload":{"workflowId":"Wrl2vxBGjxVylcY1","workflowName":"My workflow","executionId":"32","nodeType":"n8n-nodes-base.webhook","nodeName":"Webhook-POST","nodeId":"b6c443f9-c5cc-4b9a-b172-3403a0005da2"}}
{"__type":"$$EventMessageConfirm","confirm":"bdeeede6-c076-4098-890a-195d86b52a9a","ts":"2025-07-06T12:39:06.737-04:00","source":{"id":"0","name":"eventBus"}}
{"__type":"$$EventMessageNode","id":"7ec778d0-3da8-4a1b-a192-7c703f632a81","ts":"2025-07-06T12:39:06.737-04:00","eventName":"n8n.node.finished","message":"n8n.node.finished","payload":{"workflowId":"Wrl2vxBGjxVylcY1","workflowName":"My workflow","executionId":"32","nodeType":"n8n-nodes-base.webhook","nodeName":"Webhook-POST","nodeId":"b6c443f9-c5cc-4b9a-b172-3403a0005da2"}}
{"__type":"$$EventMessageConfirm","confirm":"7ec778d0-3da8-4a1b-a192-7c703f632a81","ts":"2025-07-06T12:39:06.737-04:00","source":{"id":"0","name":"eventBus"}}
{"__type":"$$EventMessageNode","id":"d86f74e7-ce7a-4a39-8a51-ef8d6f6aee43","ts":"2025-07-06T12:39:06.737-04:00","eventName":"n8n.node.started","message":"n8n.node.started","payload":{"workflowId":"Wrl2vxBGjxVylcY1","workflowName":"My workflow","executionId":"32","nodeType":"n8n-nodes-base.code","nodeName":"Code","nodeId":"6f471532-00f1-404d-8dd0-7a1129fd644a"}}
{"__type":"$$EventMessageConfirm","confirm":"d86f74e7-ce7a-4a39-8a51-ef8d6f6aee43","ts":"2025-07-06T12:39:06.737-04:00","source":{"id":"0","name":"eventBus"}}
{"__type":"$$EventMessageNode","id":"7074684b-6f2b-4cdf-9dae-7e151f8041e7","ts":"2025-07-06T12:39:06.741-04:00","eventName":"n8n.node.finished","message":"n8n.node.finished","payload":{"workflowId":"Wrl2vxBGjxVylcY1","workflowName":"My workflow","executionId":"32","nodeType":"n8n-nodes-base.code","nodeName":"Code","nodeId":"6f471532-00f1-404d-8dd0-7a1129fd644a"}}
{"__type":"$$EventMessageConfirm","confirm":"7074684b-6f2b-4cdf-9dae-7e151f8041e7","ts":"2025-07-06T12:39:06.741-04:00","source":{"id":"0","name":"eventBus"}}
{"__type":"$$EventMessageNode","id":"14d2023b-5901-4470-ad7c-4edcae3e6515","ts":"2025-07-06T12:39:06.741-04:00","eventName":"n8n.node.started","message":"n8n.node.started","payload":{"workflowId":"Wrl2vxBGjxVylcY1","workflowName":"My workflow","executionId":"32","nodeType":"n8n-nodes-base.executeCommand","nodeName":"Execute Command","nodeId":"0b10da04-2806-4f86-98ca-a516b49627ed"}}
{"__type":"$$EventMessageConfirm","confirm":"14d2023b-5901-4470-ad7c-4edcae3e6515","ts":"2025-07-06T12:39:06.741-04:00","source":{"id":"0","name":"eventBus"}}
{"__type":"$$EventMessageNode","id":"5e72d62e-4f5e-4960-be76-6ef1f65f8a23","ts":"2025-07-06T12:39:26.995-04:00","eventName":"n8n.node.finished","message":"n8n.node.finished","payload":{"workflowId":"Wrl2vxBGjxVylcY1","workflowName":"My workflow","executionId":"32","nodeType":"n8n-nodes-base.executeCommand","nodeName":"Execute Command","nodeId":"0b10da04-2806-4f86-98ca-a516b49627ed"}}
{"__type":"$$EventMessageConfirm","confirm":"5e72d62e-4f5e-4960-be76-6ef1f65f8a23","ts":"2025-07-06T12:39:26.995-04:00","source":{"id":"0","name":"eventBus"}}
{"__type":"$$EventMessageNode","id":"dbf26eec-71ee-4231-8781-40f9c7eb2053","ts":"2025-07-06T12:39:26.995-04:00","eventName":"n8n.node.started","message":"n8n.node.started","payload":{"workflowId":"Wrl2vxBGjxVylcY1","workflowName":"My workflow","executionId":"32","nodeType":"n8n-nodes-base.httpRequest","nodeName":"HTTP Request","nodeId":"e9955f9b-1b33-4709-884f-be7e5f94d5da"}}
{"__type":"$$EventMessageConfirm","confirm":"dbf26eec-71ee-4231-8781-40f9c7eb2053","ts":"2025-07-06T12:39:26.995-04:00","source":{"id":"0","name":"eventBus"}}
{"__type":"$$EventMessageNode","id":"c7cc5694-e9f6-4351-81be-8475f5a0e789","ts":"2025-07-06T12:39:27.101-04:00","eventName":"n8n.node.finished","message":"n8n.node.finished","payload":{"workflowId":"Wrl2vxBGjxVylcY1","workflowName":"My workflow","executionId":"32","nodeType":"n8n-nodes-base.httpRequest","nodeName":"HTTP Request","nodeId":"e9955f9b-1b33-4709-884f-be7e5f94d5da"}}
{"__type":"$$EventMessageConfirm","confirm":"c7cc5694-e9f6-4351-81be-8475f5a0e789","ts":"2025-07-06T12:39:27.101-04:00","source":{"id":"0","name":"eventBus"}}
{"__type":"$$EventMessageWorkflow","id":"44100dd5-9ecb-49a8-963d-231abb7a6528","ts":"2025-07-06T12:39:27.102-04:00","eventName":"n8n.workflow.success","message":"n8n.workflow.success","payload":{"executionId":"32","success":true,"isManual":false,"workflowId":"Wrl2vxBGjxVylcY1","workflowName":"My workflow"}}
{"__type":"$$EventMessageConfirm","confirm":"44100dd5-9ecb-49a8-963d-231abb7a6528","ts":"2025-07-06T12:39:27.102-04:00","source":{"id":"0","name":"eventBus"}}
{"__type":"$$EventMessageWorkflow","id":"2eb76cf4-3e5f-4ba0-87d0-c437b35bbc02","ts":"2025-07-06T12:39:51.248-04:00","eventName":"n8n.workflow.started","message":"n8n.workflow.started","payload":{"executionId":"33","workflowId":"Wrl2vxBGjxVylcY1","isManual":false,"workflowName":"My workflow"}}
{"__type":"$$EventMessageConfirm","confirm":"2eb76cf4-3e5f-4ba0-87d0-c437b35bbc02","ts":"2025-07-06T12:39:51.248-04:00","source":{"id":"0","name":"eventBus"}}
{"__type":"$$EventMessageNode","id":"fdb63486-0f2a-458c-bc00-577ecb9bb1a1","ts":"2025-07-06T12:39:51.248-04:00","eventName":"n8n.node.started","message":"n8n.node.started","payload":{"workflowId":"Wrl2vxBGjxVylcY1","workflowName":"My workflow","executionId":"33","nodeType":"n8n-nodes-base.webhook","nodeName":"Webhook-POST","nodeId":"b6c443f9-c5cc-4b9a-b172-3403a0005da2"}}
{"__type":"$$EventMessageConfirm","confirm":"fdb63486-0f2a-458c-bc00-577ecb9bb1a1","ts":"2025-07-06T12:39:51.248-04:00","source":{"id":"0","name":"eventBus"}}
{"__type":"$$EventMessageNode","id":"3b2ddcd6-98c9-4b29-a595-52c4c2793723","ts":"2025-07-06T12:39:51.248-04:00","eventName":"n8n.node.finished","message":"n8n.node.finished","payload":{"workflowId":"Wrl2vxBGjxVylcY1","workflowName":"My workflow","executionId":"33","nodeType":"n8n-nodes-base.webhook","nodeName":"Webhook-POST","nodeId":"b6c443f9-c5cc-4b9a-b172-3403a0005da2"}}
{"__type":"$$EventMessageConfirm","confirm":"3b2ddcd6-98c9-4b29-a595-52c4c2793723","ts":"2025-07-06T12:39:51.248-04:00","source":{"id":"0","name":"eventBus"}}
{"__type":"$$EventMessageNode","id":"1bdfaae2-4e55-4bcf-80d8-7025bb263696","ts":"2025-07-06T12:39:51.248-04:00","eventName":"n8n.node.started","message":"n8n.node.started","payload":{"workflowId":"Wrl2vxBGjxVylcY1","workflowName":"My workflow","executionId":"33","nodeType":"n8n-nodes-base.code","nodeName":"Code","nodeId":"6f471532-00f1-404d-8dd0-7a1129fd644a"}}
{"__type":"$$EventMessageConfirm","confirm":"1bdfaae2-4e55-4bcf-80d8-7025bb263696","ts":"2025-07-06T12:39:51.248-04:00","source":{"id":"0","name":"eventBus"}}
{"__type":"$$EventMessageNode","id":"ffd2b7b7-8177-47da-b412-a090382f1739","ts":"2025-07-06T12:39:51.252-04:00","eventName":"n8n.node.finished","message":"n8n.node.finished","payload":{"workflowId":"Wrl2vxBGjxVylcY1","workflowName":"My workflow","executionId":"33","nodeType":"n8n-nodes-base.code","nodeName":"Code","nodeId":"6f471532-00f1-404d-8dd0-7a1129fd644a"}}
{"__type":"$$EventMessageConfirm","confirm":"ffd2b7b7-8177-47da-b412-a090382f1739","ts":"2025-07-06T12:39:51.252-04:00","source":{"id":"0","name":"eventBus"}}
{"__type":"$$EventMessageNode","id":"5cb36062-1c45-41a6-ab35-fb34add3e9e6","ts":"2025-07-06T12:39:51.252-04:00","eventName":"n8n.node.started","message":"n8n.node.started","payload":{"workflowId":"Wrl2vxBGjxVylcY1","workflowName":"My workflow","executionId":"33","nodeType":"n8n-nodes-base.executeCommand","nodeName":"Execute Command","nodeId":"0b10da04-2806-4f86-98ca-a516b49627ed"}}
{"__type":"$$EventMessageConfirm","confirm":"5cb36062-1c45-41a6-ab35-fb34add3e9e6","ts":"2025-07-06T12:39:51.252-04:00","source":{"id":"0","name":"eventBus"}}
{"__type":"$$EventMessageNode","id":"9f5f3813-da0c-4f7c-bd72-42b498d6fd07","ts":"2025-07-06T12:40:00.014-04:00","eventName":"n8n.node.finished","message":"n8n.node.finished","payload":{"workflowId":"Wrl2vxBGjxVylcY1","workflowName":"My workflow","executionId":"33","nodeType":"n8n-nodes-base.executeCommand","nodeName":"Execute Command","nodeId":"0b10da04-2806-4f86-98ca-a516b49627ed"}}
{"__type":"$$EventMessageConfirm","confirm":"9f5f3813-da0c-4f7c-bd72-42b498d6fd07","ts":"2025-07-06T12:40:00.015-04:00","source":{"id":"0","name":"eventBus"}}
{"__type":"$$EventMessageNode","id":"52be2034-76aa-4ca6-a43c-8fa83853d5ea","ts":"2025-07-06T12:40:00.015-04:00","eventName":"n8n.node.started","message":"n8n.node.started","payload":{"workflowId":"Wrl2vxBGjxVylcY1","workflowName":"My workflow","executionId":"33","nodeType":"n8n-nodes-base.httpRequest","nodeName":"HTTP Request","nodeId":"e9955f9b-1b33-4709-884f-be7e5f94d5da"}}
{"__type":"$$EventMessageConfirm","confirm":"52be2034-76aa-4ca6-a43c-8fa83853d5ea","ts":"2025-07-06T12:40:00.015-04:00","source":{"id":"0","name":"eventBus"}}
{"__type":"$$EventMessageNode","id":"378e99a5-de92-41a6-9138-339cfb9a80d8","ts":"2025-07-06T12:40:00.161-04:00","eventName":"n8n.node.finished","message":"n8n.node.finished","payload":{"workflowId":"Wrl2vxBGjxVylcY1","workflowName":"My workflow","executionId":"33","nodeType":"n8n-nodes-base.httpRequest","nodeName":"HTTP Request","nodeId":"e9955f9b-1b33-4709-884f-be7e5f94d5da"}}
{"__type":"$$EventMessageConfirm","confirm":"378e99a5-de92-41a6-9138-339cfb9a80d8","ts":"2025-07-06T12:40:00.161-04:00","source":{"id":"0","name":"eventBus"}}
{"__type":"$$EventMessageWorkflow","id":"92ddec9f-087d-47e4-bc2e-8057c8a0277d","ts":"2025-07-06T12:40:00.163-04:00","eventName":"n8n.workflow.success","message":"n8n.workflow.success","payload":{"executionId":"33","success":true,"isManual":false,"workflowId":"Wrl2vxBGjxVylcY1","workflowName":"My workflow"}}
{"__type":"$$EventMessageConfirm","confirm":"92ddec9f-087d-47e4-bc2e-8057c8a0277d","ts":"2025-07-06T12:40:00.163-04:00","source":{"id":"0","name":"eventBus"}}
{"__type":"$$EventMessageWorkflow","id":"f638c7fd-d79a-47da-b4c3-f424c637b9e2","ts":"2025-07-06T12:48:31.701-04:00","eventName":"n8n.workflow.started","message":"n8n.workflow.started","payload":{"executionId":"34","workflowId":"Wrl2vxBGjxVylcY1","isManual":false,"workflowName":"My workflow"}}
{"__type":"$$EventMessageConfirm","confirm":"f638c7fd-d79a-47da-b4c3-f424c637b9e2","ts":"2025-07-06T12:48:31.702-04:00","source":{"id":"0","name":"eventBus"}}
{"__type":"$$EventMessageNode","id":"8923e812-0388-4acc-bea1-1c5f5bbc7ec5","ts":"2025-07-06T12:48:31.702-04:00","eventName":"n8n.node.started","message":"n8n.node.started","payload":{"workflowId":"Wrl2vxBGjxVylcY1","workflowName":"My workflow","executionId":"34","nodeType":"n8n-nodes-base.webhook","nodeName":"Webhook-POST","nodeId":"b6c443f9-c5cc-4b9a-b172-3403a0005da2"}}
{"__type":"$$EventMessageConfirm","confirm":"8923e812-0388-4acc-bea1-1c5f5bbc7ec5","ts":"2025-07-06T12:48:31.702-04:00","source":{"id":"0","name":"eventBus"}}
{"__type":"$$EventMessageNode","id":"fa59ac13-ed7d-4984-8dff-20fd141e2ced","ts":"2025-07-06T12:48:31.702-04:00","eventName":"n8n.node.finished","message":"n8n.node.finished","payload":{"workflowId":"Wrl2vxBGjxVylcY1","workflowName":"My workflow","executionId":"34","nodeType":"n8n-nodes-base.webhook","nodeName":"Webhook-POST","nodeId":"b6c443f9-c5cc-4b9a-b172-3403a0005da2"}}
{"__type":"$$EventMessageConfirm","confirm":"fa59ac13-ed7d-4984-8dff-20fd141e2ced","ts":"2025-07-06T12:48:31.702-04:00","source":{"id":"0","name":"eventBus"}}
{"__type":"$$EventMessageNode","id":"158ce207-aee4-44a4-8db9-9b01afd91f71","ts":"2025-07-06T12:48:31.702-04:00","eventName":"n8n.node.started","message":"n8n.node.started","payload":{"workflowId":"Wrl2vxBGjxVylcY1","workflowName":"My workflow","executionId":"34","nodeType":"n8n-nodes-base.code","nodeName":"Code","nodeId":"6f471532-00f1-404d-8dd0-7a1129fd644a"}}
{"__type":"$$EventMessageConfirm","confirm":"158ce207-aee4-44a4-8db9-9b01afd91f71","ts":"2025-07-06T12:48:31.702-04:00","source":{"id":"0","name":"eventBus"}}
{"__type":"$$EventMessageNode","id":"56362bc9-ddf0-4f9b-9e1e-e94d4a5e585a","ts":"2025-07-06T12:48:31.706-04:00","eventName":"n8n.node.finished","message":"n8n.node.finished","payload":{"workflowId":"Wrl2vxBGjxVylcY1","workflowName":"My workflow","executionId":"34","nodeType":"n8n-nodes-base.code","nodeName":"Code","nodeId":"6f471532-00f1-404d-8dd0-7a1129fd644a"}}
{"__type":"$$EventMessageConfirm","confirm":"56362bc9-ddf0-4f9b-9e1e-e94d4a5e585a","ts":"2025-07-06T12:48:31.706-04:00","source":{"id":"0","name":"eventBus"}}
{"__type":"$$EventMessageNode","id":"b186fd53-dbde-4552-96fb-0efc6b288ff6","ts":"2025-07-06T12:48:31.707-04:00","eventName":"n8n.node.started","message":"n8n.node.started","payload":{"workflowId":"Wrl2vxBGjxVylcY1","workflowName":"My workflow","executionId":"34","nodeType":"n8n-nodes-base.executeCommand","nodeName":"Execute Command","nodeId":"0b10da04-2806-4f86-98ca-a516b49627ed"}}
{"__type":"$$EventMessageConfirm","confirm":"b186fd53-dbde-4552-96fb-0efc6b288ff6","ts":"2025-07-06T12:48:31.707-04:00","source":{"id":"0","name":"eventBus"}}
{"__type":"$$EventMessageNode","id":"fc28950e-a350-4c53-b0c9-1b0b4631a57e","ts":"2025-07-06T12:49:02.381-04:00","eventName":"n8n.node.finished","message":"n8n.node.finished","payload":{"workflowId":"Wrl2vxBGjxVylcY1","workflowName":"My workflow","executionId":"34","nodeType":"n8n-nodes-base.executeCommand","nodeName":"Execute Command","nodeId":"0b10da04-2806-4f86-98ca-a516b49627ed"}}
{"__type":"$$EventMessageConfirm","confirm":"fc28950e-a350-4c53-b0c9-1b0b4631a57e","ts":"2025-07-06T12:49:02.382-04:00","source":{"id":"0","name":"eventBus"}}
{"__type":"$$EventMessageNode","id":"382378ec-4676-4984-b443-f9d8535add0c","ts":"2025-07-06T12:49:02.382-04:00","eventName":"n8n.node.started","message":"n8n.node.started","payload":{"workflowId":"Wrl2vxBGjxVylcY1","workflowName":"My workflow","executionId":"34","nodeType":"n8n-nodes-base.httpRequest","nodeName":"HTTP Request","nodeId":"e9955f9b-1b33-4709-884f-be7e5f94d5da"}}
{"__type":"$$EventMessageConfirm","confirm":"382378ec-4676-4984-b443-f9d8535add0c","ts":"2025-07-06T12:49:02.382-04:00","source":{"id":"0","name":"eventBus"}}
{"__type":"$$EventMessageNode","id":"f7bcbacf-5e84-4096-aa18-aef98158a12f","ts":"2025-07-06T12:49:02.484-04:00","eventName":"n8n.node.finished","message":"n8n.node.finished","payload":{"workflowId":"Wrl2vxBGjxVylcY1","workflowName":"My workflow","executionId":"34","nodeType":"n8n-nodes-base.httpRequest","nodeName":"HTTP Request","nodeId":"e9955f9b-1b33-4709-884f-be7e5f94d5da"}}
{"__type":"$$EventMessageConfirm","confirm":"f7bcbacf-5e84-4096-aa18-aef98158a12f","ts":"2025-07-06T12:49:02.485-04:00","source":{"id":"0","name":"eventBus"}}
{"__type":"$$EventMessageWorkflow","id":"656db9a0-2969-4454-b7a6-2ae36c671193","ts":"2025-07-06T12:49:02.486-04:00","eventName":"n8n.workflow.success","message":"n8n.workflow.success","payload":{"executionId":"34","success":true,"isManual":false,"workflowId":"Wrl2vxBGjxVylcY1","workflowName":"My workflow"}}
{"__type":"$$EventMessageConfirm","confirm":"656db9a0-2969-4454-b7a6-2ae36c671193","ts":"2025-07-06T12:49:02.487-04:00","source":{"id":"0","name":"eventBus"}}
